[0.006s] Invoking command in '/home/dung/ros2_ws/build/astra_camera': AMENT_PREFIX_PATH=/home/dung/ros2_ws/install/astra_camera_msgs:${AMENT_PREFIX_PATH} CMAKE_PREFIX_PATH=/home/dung/ros2_ws/install/astra_camera_msgs:/opt/ros/humble LD_LIBRARY_PATH=/home/dung/ros2_ws/install/astra_camera_msgs/lib:${LD_LIBRARY_PATH} PYTHONPATH=/home/dung/ros2_ws/install/astra_camera_msgs/local/lib/python3.10/dist-packages:${PYTHONPATH} /usr/bin/cmake /home/dung/ros2_ws/src/ros2_astra_camera/astra_camera -DAMENT_CMAKE_SYMLINK_INSTALL=1 -DCMAKE_INSTALL_PREFIX=/home/dung/ros2_ws/install/astra_camera
[0.040s] -- The C compiler identification is GNU 11.4.0
[0.074s] -- The CXX compiler identification is GNU 11.4.0
[0.078s] -- Detecting C compiler ABI info
[0.120s] -- Detecting C compiler ABI info - done
[0.124s] -- Check for working C compiler: /usr/bin/cc - skipped
[0.124s] -- Detecting C compile features
[0.125s] -- Detecting C compile features - done
[0.126s] -- Detecting CXX compiler ABI info
[0.174s] -- Detecting CXX compiler ABI info - done
[0.178s] -- Check for working CXX compiler: /usr/bin/c++ - skipped
[0.178s] -- Detecting CXX compile features
[0.178s] -- Detecting CXX compile features - done
[0.180s] -- Found ament_cmake: 1.3.13 (/opt/ros/humble/share/ament_cmake/cmake)
[0.262s] -- Found Python3: /usr/bin/python3 (found version "3.10.12") found components: Interpreter 
[0.294s] -- Override CMake install command with custom implementation using symlinks instead of copying resources
[0.308s] -- Found ament_index_cpp: 1.4.1 (/opt/ros/humble/share/ament_index_cpp/cmake)
[0.309s] -- Found astra_camera_msgs: 1.0.1 (/home/dung/ros2_ws/install/astra_camera_msgs/share/astra_camera_msgs/cmake)
[0.329s] -- Found rosidl_generator_c: 3.1.8 (/opt/ros/humble/share/rosidl_generator_c/cmake)
[0.332s] -- Found rosidl_adapter: 3.1.8 (/opt/ros/humble/share/rosidl_adapter/cmake)
[0.337s] -- Found rosidl_generator_cpp: 3.1.8 (/opt/ros/humble/share/rosidl_generator_cpp/cmake)
[0.343s] -- Using all available rosidl_typesupport_c: rosidl_typesupport_fastrtps_c;rosidl_typesupport_introspection_c
[0.351s] -- Using all available rosidl_typesupport_cpp: rosidl_typesupport_fastrtps_cpp;rosidl_typesupport_introspection_cpp
[0.391s] -- Found camera_info_manager: 3.1.12 (/opt/ros/humble/share/camera_info_manager/cmake)
[0.412s] -- Found rmw_implementation_cmake: 6.1.2 (/opt/ros/humble/share/rmw_implementation_cmake/cmake)
[0.413s] -- Found rmw_fastrtps_cpp: 6.2.10 (/opt/ros/humble/share/rmw_fastrtps_cpp/cmake)
[0.478s] -- Found OpenSSL: /usr/lib/x86_64-linux-gnu/libcrypto.so (found version "3.0.2")  
[0.494s] -- Found FastRTPS: /opt/ros/humble/include  
[0.519s] -- Using RMW implementation 'rmw_fastrtps_cpp' as default
[0.524s] -- Looking for pthread.h
[0.579s] -- Looking for pthread.h - found
[0.579s] -- Performing Test CMAKE_HAVE_LIBC_PTHREAD
[0.625s] -- Performing Test CMAKE_HAVE_LIBC_PTHREAD - Success
[0.626s] -- Found Threads: TRUE  
[0.651s] -- Found class_loader: 2.2.0 (/opt/ros/humble/share/class_loader/cmake)
[0.656s] -- Found cv_bridge: 3.2.1 (/opt/ros/humble/share/cv_bridge/cmake)
[0.662s] -- Found message_filters: 4.3.14 (/opt/ros/humble/share/message_filters/cmake)
[0.667s] -- Found image_geometry: 3.2.1 (/opt/ros/humble/share/image_geometry/cmake)
[0.669s] -- Found image_publisher: 3.0.9 (/opt/ros/humble/share/image_publisher/cmake)
[0.693s] -- Found OpenCV: /usr (found version "4.5.4") 
[0.695s] -- Found std_srvs: 4.9.1 (/opt/ros/humble/share/std_srvs/cmake)
[0.700s] -- Found tf2: 0.25.19 (/opt/ros/humble/share/tf2/cmake)
[0.702s] -- Found tf2_eigen: 0.25.19 (/opt/ros/humble/share/tf2_eigen/cmake)
[0.737s] -- Found tf2_sensor_msgs: 0.25.19 (/opt/ros/humble/share/tf2_sensor_msgs/cmake)
[0.743s] -- Found PkgConfig: /usr/bin/pkg-config (found version "0.29.2") 
[0.744s] -- Checking for one of the modules 'libuvc'
[0.746s] [31mCMake Error at /usr/share/cmake-3.22/Modules/FindPkgConfig.cmake:890 (message):
[0.746s]   None of the required 'libuvc' found
[0.746s] Call Stack (most recent call first):
[0.746s]   CMakeLists.txt:44 (pkg_search_module)
[0.746s] 
[0.746s] [0m
[0.747s] [31mCMake Error at CMakeLists.txt:46 (message):
[0.747s]   libuvc is not found
[0.747s] 
[0.747s] [0m
[0.747s] -- Configuring incomplete, errors occurred!
[0.747s] See also "/home/dung/ros2_ws/build/astra_camera/CMakeFiles/CMakeOutput.log".
[0.753s] Invoked command in '/home/dung/ros2_ws/build/astra_camera' returned '1': AMENT_PREFIX_PATH=/home/dung/ros2_ws/install/astra_camera_msgs:${AMENT_PREFIX_PATH} CMAKE_PREFIX_PATH=/home/dung/ros2_ws/install/astra_camera_msgs:/opt/ros/humble LD_LIBRARY_PATH=/home/dung/ros2_ws/install/astra_camera_msgs/lib:${LD_LIBRARY_PATH} PYTHONPATH=/home/dung/ros2_ws/install/astra_camera_msgs/local/lib/python3.10/dist-packages:${PYTHONPATH} /usr/bin/cmake /home/dung/ros2_ws/src/ros2_astra_camera/astra_camera -DAMENT_CMAKE_SYMLINK_INSTALL=1 -DCMAKE_INSTALL_PREFIX=/home/dung/ros2_ws/install/astra_camera
