[0.011s] Invoking command in '/home/dung/ros2_ws/build/libuvc': /usr/bin/cmake --build /home/dung/ros2_ws/build/libuvc -- -j32 -l32
[0.066s] [  4%] [32mBuilding C object CMakeFiles/uvc.dir/src/ctrl.c.o[0m
[0.067s] [ 13%] [32mBuilding C object CMakeFiles/uvc_static.dir/src/device.c.o[0m
[0.067s] [ 13%] [32mBuilding C object CMakeFiles/uvc_static.dir/src/ctrl-gen.c.o[0m
[0.067s] [ 22%] [32mBuilding C object CMakeFiles/uvc.dir/src/diag.c.o[0m
[0.067s] [ 22%] [32mBuilding C object CMakeFiles/uvc_static.dir/src/ctrl.c.o[0m
[0.067s] [ 36%] [32mBuilding C object CMakeFiles/uvc.dir/src/frame.c.o[0m
[0.067s] [ 36%] [32mBuilding C object CMakeFiles/uvc_static.dir/src/frame.c.o[0m
[0.067s] [ 36%] [32mBuilding C object CMakeFiles/uvc.dir/src/device.c.o[0m
[0.067s] [ 40%] [32mBuilding C object CMakeFiles/uvc_static.dir/src/diag.c.o[0m
[0.068s] [ 45%] [32mBuilding C object CMakeFiles/uvc.dir/src/init.c.o[0m
[0.068s] [ 54%] [32mBuilding C object CMakeFiles/uvc_static.dir/src/stream.c.o[0m
[0.068s] [ 54%] [32mBuilding C object CMakeFiles/uvc_static.dir/src/frame-mjpeg.c.o[0m
[0.068s] [ 63%] [32mBuilding C object CMakeFiles/uvc.dir/src/ctrl-gen.c.o[0m
[0.068s] [ 63%] [32mBuilding C object CMakeFiles/uvc.dir/src/frame-mjpeg.c.o[0m
[0.069s] [ 68%] [32mBuilding C object CMakeFiles/uvc.dir/src/stream.c.o[0m
[0.069s] [ 72%] [32mBuilding C object CMakeFiles/uvc_static.dir/src/init.c.o[0m
[0.339s] [ 77%] [32m[1mLinking C shared library libuvc.so[0m
[0.346s] [ 81%] [32m[1mLinking C static library libuvc.a[0m
[0.381s] [ 86%] Built target uvc_static
[0.396s] [ 90%] Built target uvc
[0.416s] [ 95%] [32m[1mLinking C executable example[0m
[0.444s] [100%] Built target example
[0.452s] Invoked command in '/home/dung/ros2_ws/build/libuvc' returned '0': /usr/bin/cmake --build /home/dung/ros2_ws/build/libuvc -- -j32 -l32
[0.461s] Invoking command in '/home/dung/ros2_ws/build/libuvc': /usr/bin/cmake --install /home/dung/ros2_ws/build/libuvc
[0.466s] -- Install configuration: "Release"
[0.467s] -- Installing: /home/dung/ros2_ws/install/libuvc/lib/libuvc.so.0.0.7
[0.467s] -- Up-to-date: /home/dung/ros2_ws/install/libuvc/lib/libuvc.so.0
[0.467s] -- Up-to-date: /home/dung/ros2_ws/install/libuvc/lib/libuvc.so
[0.467s] -- Up-to-date: /home/dung/ros2_ws/install/libuvc/include/libuvc/libuvc.h
[0.467s] -- Up-to-date: /home/dung/ros2_ws/install/libuvc/include/libuvc/libuvc_config.h
[0.467s] -- Installing: /home/dung/ros2_ws/install/libuvc/lib/libuvc.a
[0.467s] -- Up-to-date: /home/dung/ros2_ws/install/libuvc/include/libuvc/libuvc.h
[0.467s] -- Up-to-date: /home/dung/ros2_ws/install/libuvc/include/libuvc/libuvc_config.h
[0.468s] -- Up-to-date: /home/dung/ros2_ws/install/libuvc/lib/cmake/libuvc/libuvcTargets.cmake
[0.468s] -- Up-to-date: /home/dung/ros2_ws/install/libuvc/lib/cmake/libuvc/libuvcTargets-release.cmake
[0.468s] -- Up-to-date: /home/dung/ros2_ws/install/libuvc/lib/cmake/libuvc/FindLibUSB.cmake
[0.468s] -- Up-to-date: /home/dung/ros2_ws/install/libuvc/lib/cmake/libuvc/FindJpegPkg.cmake
[0.468s] -- Up-to-date: /home/dung/ros2_ws/install/libuvc/lib/cmake/libuvc/libuvcConfigVersion.cmake
[0.468s] -- Up-to-date: /home/dung/ros2_ws/install/libuvc/lib/pkgconfig/libuvc.pc
[0.468s] -- Up-to-date: /home/dung/ros2_ws/install/libuvc/lib/cmake/libuvc/libuvcConfig.cmake
[0.469s] Invoked command in '/home/dung/ros2_ws/build/libuvc' returned '0': /usr/bin/cmake --install /home/dung/ros2_ws/build/libuvc
