[0.068s] DEBUG:colcon:Command line arguments: ['/usr/bin/colcon', 'build', '--event-handlers', 'console_direct+', '--cmake-args', '-DCMAKE_BUILD_TYPE=Release']
[0.068s] DEBUG:colcon:Parsed command line arguments: Namespace(log_base=None, log_level=None, verb_name='build', build_base='build', install_base='install', merge_install=False, symlink_install=False, test_result_base=None, continue_on_error=False, executor='parallel', parallel_workers=32, event_handlers=['console_direct+'], ignore_user_meta=False, metas=['./colcon.meta'], base_paths=['.'], packages_ignore=None, packages_ignore_regex=None, paths=None, packages_up_to=None, packages_up_to_regex=None, packages_above=None, packages_above_and_dependencies=None, packages_above_depth=None, packages_select_by_dep=None, packages_skip_by_dep=None, packages_skip_up_to=None, packages_select_build_failed=False, packages_skip_build_finished=False, packages_select_test_failures=False, packages_skip_test_passed=False, packages_select=None, packages_skip=None, packages_select_regex=None, packages_skip_regex=None, packages_start=None, packages_end=None, allow_overriding=[], cmake_args=['-DCMAKE_BUILD_TYPE=Release'], cmake_target=None, cmake_target_skip_unavailable=False, cmake_clean_cache=False, cmake_clean_first=False, cmake_force_configure=False, ament_cmake_args=None, catkin_cmake_args=None, catkin_skip_building_tests=False, verb_parser=<colcon_defaults.argument_parser.defaults.DefaultArgumentsDecorator object at 0x7ce2ebff34c0>, verb_extension=<colcon_core.verb.build.BuildVerb object at 0x7ce2ebff2ef0>, main=<bound method BuildVerb.main of <colcon_core.verb.build.BuildVerb object at 0x7ce2ebff2ef0>>)
[0.166s] Level 1:colcon.colcon_core.package_discovery:discover_packages(colcon_meta) check parameters
[0.166s] Level 1:colcon.colcon_core.package_discovery:discover_packages(recursive) check parameters
[0.166s] Level 1:colcon.colcon_core.package_discovery:discover_packages(ignore) check parameters
[0.166s] Level 1:colcon.colcon_core.package_discovery:discover_packages(path) check parameters
[0.166s] Level 1:colcon.colcon_core.package_discovery:discover_packages(colcon_meta) discover
[0.166s] Level 1:colcon.colcon_core.package_discovery:discover_packages(recursive) discover
[0.166s] INFO:colcon.colcon_core.package_discovery:Crawling recursively for packages in '/home/dung/ros2_ws'
[0.166s] Level 1:colcon.colcon_core.package_identification:_identify(.) by extensions ['ignore', 'ignore_ament_install']
[0.166s] Level 1:colcon.colcon_core.package_identification:_identify(.) by extension 'ignore'
[0.166s] Level 1:colcon.colcon_core.package_identification:_identify(.) by extension 'ignore_ament_install'
[0.166s] Level 1:colcon.colcon_core.package_identification:_identify(.) by extensions ['colcon_pkg']
[0.166s] Level 1:colcon.colcon_core.package_identification:_identify(.) by extension 'colcon_pkg'
[0.166s] Level 1:colcon.colcon_core.package_identification:_identify(.) by extensions ['colcon_meta']
[0.166s] Level 1:colcon.colcon_core.package_identification:_identify(.) by extension 'colcon_meta'
[0.167s] Level 1:colcon.colcon_core.package_identification:_identify(.) by extensions ['ros']
[0.167s] Level 1:colcon.colcon_core.package_identification:_identify(.) by extension 'ros'
[0.174s] Level 1:colcon.colcon_core.package_identification:_identify(.) by extensions ['cmake', 'python']
[0.174s] Level 1:colcon.colcon_core.package_identification:_identify(.) by extension 'cmake'
[0.174s] Level 1:colcon.colcon_core.package_identification:_identify(.) by extension 'python'
[0.174s] Level 1:colcon.colcon_core.package_identification:_identify(.) by extensions ['python_setup_py']
[0.174s] Level 1:colcon.colcon_core.package_identification:_identify(.) by extension 'python_setup_py'
[0.174s] Level 1:colcon.colcon_core.package_identification:_identify(build) by extensions ['ignore', 'ignore_ament_install']
[0.175s] Level 1:colcon.colcon_core.package_identification:_identify(build) by extension 'ignore'
[0.175s] Level 1:colcon.colcon_core.package_identification:_identify(build) ignored
[0.175s] Level 1:colcon.colcon_core.package_identification:_identify(install) by extensions ['ignore', 'ignore_ament_install']
[0.175s] Level 1:colcon.colcon_core.package_identification:_identify(install) by extension 'ignore'
[0.175s] Level 1:colcon.colcon_core.package_identification:_identify(install) ignored
[0.175s] Level 1:colcon.colcon_core.package_identification:_identify(libuvc) by extensions ['ignore', 'ignore_ament_install']
[0.175s] Level 1:colcon.colcon_core.package_identification:_identify(libuvc) by extension 'ignore'
[0.175s] Level 1:colcon.colcon_core.package_identification:_identify(libuvc) by extension 'ignore_ament_install'
[0.175s] Level 1:colcon.colcon_core.package_identification:_identify(libuvc) by extensions ['colcon_pkg']
[0.175s] Level 1:colcon.colcon_core.package_identification:_identify(libuvc) by extension 'colcon_pkg'
[0.175s] Level 1:colcon.colcon_core.package_identification:_identify(libuvc) by extensions ['colcon_meta']
[0.175s] Level 1:colcon.colcon_core.package_identification:_identify(libuvc) by extension 'colcon_meta'
[0.175s] Level 1:colcon.colcon_core.package_identification:_identify(libuvc) by extensions ['ros']
[0.175s] Level 1:colcon.colcon_core.package_identification:_identify(libuvc) by extension 'ros'
[0.175s] Level 1:colcon.colcon_core.package_identification:_identify(libuvc) by extensions ['cmake', 'python']
[0.175s] Level 1:colcon.colcon_core.package_identification:_identify(libuvc) by extension 'cmake'
[0.179s] Level 1:colcon.colcon_core.package_identification:_identify(libuvc) by extension 'python'
[0.179s] DEBUG:colcon.colcon_core.package_identification:Package 'libuvc' with type 'cmake' and name 'libuvc'
[0.179s] Level 1:colcon.colcon_core.package_identification:_identify(log) by extensions ['ignore', 'ignore_ament_install']
[0.179s] Level 1:colcon.colcon_core.package_identification:_identify(log) by extension 'ignore'
[0.179s] Level 1:colcon.colcon_core.package_identification:_identify(log) ignored
[0.179s] Level 1:colcon.colcon_core.package_identification:_identify(src) by extensions ['ignore', 'ignore_ament_install']
[0.179s] Level 1:colcon.colcon_core.package_identification:_identify(src) by extension 'ignore'
[0.179s] Level 1:colcon.colcon_core.package_identification:_identify(src) by extension 'ignore_ament_install'
[0.179s] Level 1:colcon.colcon_core.package_identification:_identify(src) by extensions ['colcon_pkg']
[0.179s] Level 1:colcon.colcon_core.package_identification:_identify(src) by extension 'colcon_pkg'
[0.179s] Level 1:colcon.colcon_core.package_identification:_identify(src) by extensions ['colcon_meta']
[0.180s] Level 1:colcon.colcon_core.package_identification:_identify(src) by extension 'colcon_meta'
[0.180s] Level 1:colcon.colcon_core.package_identification:_identify(src) by extensions ['ros']
[0.180s] Level 1:colcon.colcon_core.package_identification:_identify(src) by extension 'ros'
[0.180s] Level 1:colcon.colcon_core.package_identification:_identify(src) by extensions ['cmake', 'python']
[0.180s] Level 1:colcon.colcon_core.package_identification:_identify(src) by extension 'cmake'
[0.180s] Level 1:colcon.colcon_core.package_identification:_identify(src) by extension 'python'
[0.180s] Level 1:colcon.colcon_core.package_identification:_identify(src) by extensions ['python_setup_py']
[0.180s] Level 1:colcon.colcon_core.package_identification:_identify(src) by extension 'python_setup_py'
[0.180s] Level 1:colcon.colcon_core.package_identification:_identify(src/ros2_astra_camera) by extensions ['ignore', 'ignore_ament_install']
[0.180s] Level 1:colcon.colcon_core.package_identification:_identify(src/ros2_astra_camera) by extension 'ignore'
[0.180s] Level 1:colcon.colcon_core.package_identification:_identify(src/ros2_astra_camera) by extension 'ignore_ament_install'
[0.180s] Level 1:colcon.colcon_core.package_identification:_identify(src/ros2_astra_camera) by extensions ['colcon_pkg']
[0.180s] Level 1:colcon.colcon_core.package_identification:_identify(src/ros2_astra_camera) by extension 'colcon_pkg'
[0.180s] Level 1:colcon.colcon_core.package_identification:_identify(src/ros2_astra_camera) by extensions ['colcon_meta']
[0.180s] Level 1:colcon.colcon_core.package_identification:_identify(src/ros2_astra_camera) by extension 'colcon_meta'
[0.180s] Level 1:colcon.colcon_core.package_identification:_identify(src/ros2_astra_camera) by extensions ['ros']
[0.180s] Level 1:colcon.colcon_core.package_identification:_identify(src/ros2_astra_camera) by extension 'ros'
[0.180s] Level 1:colcon.colcon_core.package_identification:_identify(src/ros2_astra_camera) by extensions ['cmake', 'python']
[0.180s] Level 1:colcon.colcon_core.package_identification:_identify(src/ros2_astra_camera) by extension 'cmake'
[0.180s] Level 1:colcon.colcon_core.package_identification:_identify(src/ros2_astra_camera) by extension 'python'
[0.180s] Level 1:colcon.colcon_core.package_identification:_identify(src/ros2_astra_camera) by extensions ['python_setup_py']
[0.180s] Level 1:colcon.colcon_core.package_identification:_identify(src/ros2_astra_camera) by extension 'python_setup_py'
[0.180s] Level 1:colcon.colcon_core.package_identification:_identify(src/ros2_astra_camera/astra_camera) by extensions ['ignore', 'ignore_ament_install']
[0.180s] Level 1:colcon.colcon_core.package_identification:_identify(src/ros2_astra_camera/astra_camera) by extension 'ignore'
[0.180s] Level 1:colcon.colcon_core.package_identification:_identify(src/ros2_astra_camera/astra_camera) by extension 'ignore_ament_install'
[0.180s] Level 1:colcon.colcon_core.package_identification:_identify(src/ros2_astra_camera/astra_camera) by extensions ['colcon_pkg']
[0.180s] Level 1:colcon.colcon_core.package_identification:_identify(src/ros2_astra_camera/astra_camera) by extension 'colcon_pkg'
[0.180s] Level 1:colcon.colcon_core.package_identification:_identify(src/ros2_astra_camera/astra_camera) by extensions ['colcon_meta']
[0.180s] Level 1:colcon.colcon_core.package_identification:_identify(src/ros2_astra_camera/astra_camera) by extension 'colcon_meta'
[0.180s] Level 1:colcon.colcon_core.package_identification:_identify(src/ros2_astra_camera/astra_camera) by extensions ['ros']
[0.180s] Level 1:colcon.colcon_core.package_identification:_identify(src/ros2_astra_camera/astra_camera) by extension 'ros'
[0.183s] DEBUG:colcon.colcon_core.package_identification:Package 'src/ros2_astra_camera/astra_camera' with type 'ros.ament_cmake' and name 'astra_camera'
[0.183s] Level 1:colcon.colcon_core.package_identification:_identify(src/ros2_astra_camera/astra_camera_msgs) by extensions ['ignore', 'ignore_ament_install']
[0.183s] Level 1:colcon.colcon_core.package_identification:_identify(src/ros2_astra_camera/astra_camera_msgs) by extension 'ignore'
[0.183s] Level 1:colcon.colcon_core.package_identification:_identify(src/ros2_astra_camera/astra_camera_msgs) by extension 'ignore_ament_install'
[0.183s] Level 1:colcon.colcon_core.package_identification:_identify(src/ros2_astra_camera/astra_camera_msgs) by extensions ['colcon_pkg']
[0.183s] Level 1:colcon.colcon_core.package_identification:_identify(src/ros2_astra_camera/astra_camera_msgs) by extension 'colcon_pkg'
[0.183s] Level 1:colcon.colcon_core.package_identification:_identify(src/ros2_astra_camera/astra_camera_msgs) by extensions ['colcon_meta']
[0.183s] Level 1:colcon.colcon_core.package_identification:_identify(src/ros2_astra_camera/astra_camera_msgs) by extension 'colcon_meta'
[0.183s] Level 1:colcon.colcon_core.package_identification:_identify(src/ros2_astra_camera/astra_camera_msgs) by extensions ['ros']
[0.183s] Level 1:colcon.colcon_core.package_identification:_identify(src/ros2_astra_camera/astra_camera_msgs) by extension 'ros'
[0.184s] DEBUG:colcon.colcon_core.package_identification:Package 'src/ros2_astra_camera/astra_camera_msgs' with type 'ros.ament_cmake' and name 'astra_camera_msgs'
[0.184s] Level 1:colcon.colcon_core.package_discovery:discover_packages(recursive) using defaults
[0.184s] Level 1:colcon.colcon_core.package_discovery:discover_packages(ignore) discover
[0.184s] Level 1:colcon.colcon_core.package_discovery:discover_packages(ignore) using defaults
[0.184s] Level 1:colcon.colcon_core.package_discovery:discover_packages(path) discover
[0.184s] Level 1:colcon.colcon_core.package_discovery:discover_packages(path) using defaults
[0.197s] Level 1:colcon.colcon_core.package_discovery:discover_packages(prefix_path) check parameters
[0.197s] Level 1:colcon.colcon_core.package_discovery:discover_packages(prefix_path) discover
[0.198s] DEBUG:colcon.colcon_installed_package_information.package_discovery:Found 3 installed packages in /home/dung/ros2_ws/install
[0.199s] DEBUG:colcon.colcon_installed_package_information.package_discovery:Found 275 installed packages in /opt/ros/humble
[0.200s] Level 1:colcon.colcon_core.package_discovery:discover_packages(prefix_path) using defaults
[0.230s] Level 5:colcon.colcon_core.verb:set package 'astra_camera_msgs' build argument 'cmake_args' from command line to '['-DCMAKE_BUILD_TYPE=Release']'
[0.230s] Level 5:colcon.colcon_core.verb:set package 'astra_camera_msgs' build argument 'cmake_target' from command line to 'None'
[0.230s] Level 5:colcon.colcon_core.verb:set package 'astra_camera_msgs' build argument 'cmake_target_skip_unavailable' from command line to 'False'
[0.230s] Level 5:colcon.colcon_core.verb:set package 'astra_camera_msgs' build argument 'cmake_clean_cache' from command line to 'False'
[0.230s] Level 5:colcon.colcon_core.verb:set package 'astra_camera_msgs' build argument 'cmake_clean_first' from command line to 'False'
[0.230s] Level 5:colcon.colcon_core.verb:set package 'astra_camera_msgs' build argument 'cmake_force_configure' from command line to 'False'
[0.230s] Level 5:colcon.colcon_core.verb:set package 'astra_camera_msgs' build argument 'ament_cmake_args' from command line to 'None'
[0.230s] Level 5:colcon.colcon_core.verb:set package 'astra_camera_msgs' build argument 'catkin_cmake_args' from command line to 'None'
[0.230s] Level 5:colcon.colcon_core.verb:set package 'astra_camera_msgs' build argument 'catkin_skip_building_tests' from command line to 'False'
[0.230s] DEBUG:colcon.colcon_core.verb:Building package 'astra_camera_msgs' with the following arguments: {'ament_cmake_args': None, 'build_base': '/home/dung/ros2_ws/build/astra_camera_msgs', 'catkin_cmake_args': None, 'catkin_skip_building_tests': False, 'cmake_args': ['-DCMAKE_BUILD_TYPE=Release'], 'cmake_clean_cache': False, 'cmake_clean_first': False, 'cmake_force_configure': False, 'cmake_target': None, 'cmake_target_skip_unavailable': False, 'install_base': '/home/dung/ros2_ws/install/astra_camera_msgs', 'merge_install': False, 'path': '/home/dung/ros2_ws/src/ros2_astra_camera/astra_camera_msgs', 'symlink_install': False, 'test_result_base': None}
[0.230s] Level 5:colcon.colcon_core.verb:set package 'libuvc' build argument 'cmake_args' from command line to '['-DCMAKE_BUILD_TYPE=Release']'
[0.230s] Level 5:colcon.colcon_core.verb:set package 'libuvc' build argument 'cmake_target' from command line to 'None'
[0.230s] Level 5:colcon.colcon_core.verb:set package 'libuvc' build argument 'cmake_target_skip_unavailable' from command line to 'False'
[0.230s] Level 5:colcon.colcon_core.verb:set package 'libuvc' build argument 'cmake_clean_cache' from command line to 'False'
[0.230s] Level 5:colcon.colcon_core.verb:set package 'libuvc' build argument 'cmake_clean_first' from command line to 'False'
[0.230s] Level 5:colcon.colcon_core.verb:set package 'libuvc' build argument 'cmake_force_configure' from command line to 'False'
[0.230s] Level 5:colcon.colcon_core.verb:set package 'libuvc' build argument 'ament_cmake_args' from command line to 'None'
[0.230s] Level 5:colcon.colcon_core.verb:set package 'libuvc' build argument 'catkin_cmake_args' from command line to 'None'
[0.230s] Level 5:colcon.colcon_core.verb:set package 'libuvc' build argument 'catkin_skip_building_tests' from command line to 'False'
[0.230s] DEBUG:colcon.colcon_core.verb:Building package 'libuvc' with the following arguments: {'ament_cmake_args': None, 'build_base': '/home/dung/ros2_ws/build/libuvc', 'catkin_cmake_args': None, 'catkin_skip_building_tests': False, 'cmake_args': ['-DCMAKE_BUILD_TYPE=Release'], 'cmake_clean_cache': False, 'cmake_clean_first': False, 'cmake_force_configure': False, 'cmake_target': None, 'cmake_target_skip_unavailable': False, 'install_base': '/home/dung/ros2_ws/install/libuvc', 'merge_install': False, 'path': '/home/dung/ros2_ws/libuvc', 'symlink_install': False, 'test_result_base': None}
[0.230s] Level 5:colcon.colcon_core.verb:set package 'astra_camera' build argument 'cmake_args' from command line to '['-DCMAKE_BUILD_TYPE=Release']'
[0.230s] Level 5:colcon.colcon_core.verb:set package 'astra_camera' build argument 'cmake_target' from command line to 'None'
[0.230s] Level 5:colcon.colcon_core.verb:set package 'astra_camera' build argument 'cmake_target_skip_unavailable' from command line to 'False'
[0.231s] Level 5:colcon.colcon_core.verb:set package 'astra_camera' build argument 'cmake_clean_cache' from command line to 'False'
[0.231s] Level 5:colcon.colcon_core.verb:set package 'astra_camera' build argument 'cmake_clean_first' from command line to 'False'
[0.231s] Level 5:colcon.colcon_core.verb:set package 'astra_camera' build argument 'cmake_force_configure' from command line to 'False'
[0.231s] Level 5:colcon.colcon_core.verb:set package 'astra_camera' build argument 'ament_cmake_args' from command line to 'None'
[0.231s] Level 5:colcon.colcon_core.verb:set package 'astra_camera' build argument 'catkin_cmake_args' from command line to 'None'
[0.231s] Level 5:colcon.colcon_core.verb:set package 'astra_camera' build argument 'catkin_skip_building_tests' from command line to 'False'
[0.231s] DEBUG:colcon.colcon_core.verb:Building package 'astra_camera' with the following arguments: {'ament_cmake_args': None, 'build_base': '/home/dung/ros2_ws/build/astra_camera', 'catkin_cmake_args': None, 'catkin_skip_building_tests': False, 'cmake_args': ['-DCMAKE_BUILD_TYPE=Release'], 'cmake_clean_cache': False, 'cmake_clean_first': False, 'cmake_force_configure': False, 'cmake_target': None, 'cmake_target_skip_unavailable': False, 'install_base': '/home/dung/ros2_ws/install/astra_camera', 'merge_install': False, 'path': '/home/dung/ros2_ws/src/ros2_astra_camera/astra_camera', 'symlink_install': False, 'test_result_base': None}
[0.231s] INFO:colcon.colcon_core.executor:Executing jobs using 'parallel' executor
[0.232s] DEBUG:colcon.colcon_parallel_executor.executor.parallel:run_until_complete
[0.232s] INFO:colcon.colcon_ros.task.ament_cmake.build:Building ROS package in '/home/dung/ros2_ws/src/ros2_astra_camera/astra_camera_msgs' with build type 'ament_cmake'
[0.232s] INFO:colcon.colcon_cmake.task.cmake.build:Building CMake package in '/home/dung/ros2_ws/src/ros2_astra_camera/astra_camera_msgs'
[0.233s] INFO:colcon.colcon_core.plugin_system:Skipping extension 'colcon_core.shell.bat': Not used on non-Windows systems
[0.233s] INFO:colcon.colcon_core.shell:Skip shell extension 'powershell' for command environment: Not usable outside of PowerShell
[0.233s] DEBUG:colcon.colcon_core.shell:Skip shell extension 'dsv' for command environment
[0.236s] INFO:colcon.colcon_cmake.task.cmake.build:Building CMake package in '/home/dung/ros2_ws/libuvc'
[0.236s] INFO:colcon.colcon_core.shell:Skip shell extension 'powershell' for command environment: Not usable outside of PowerShell
[0.236s] DEBUG:colcon.colcon_core.shell:Skip shell extension 'dsv' for command environment
[0.242s] DEBUG:colcon.colcon_core.event_handler.log_command:Invoking command in '/home/dung/ros2_ws/build/astra_camera_msgs': CMAKE_PREFIX_PATH=${CMAKE_PREFIX_PATH}:/opt/ros/humble /usr/bin/cmake --build /home/dung/ros2_ws/build/astra_camera_msgs -- -j32 -l32
[0.245s] DEBUG:colcon.colcon_core.event_handler.log_command:Invoking command in '/home/dung/ros2_ws/build/libuvc': /usr/bin/cmake --build /home/dung/ros2_ws/build/libuvc -- -j32 -l32
[0.315s] DEBUG:colcon.colcon_core.event_handler.log_command:Invoked command in '/home/dung/ros2_ws/build/libuvc' returned '0': /usr/bin/cmake --build /home/dung/ros2_ws/build/libuvc -- -j32 -l32
[0.323s] DEBUG:colcon.colcon_core.event_handler.log_command:Invoking command in '/home/dung/ros2_ws/build/libuvc': /usr/bin/cmake --install /home/dung/ros2_ws/build/libuvc
[0.332s] Level 1:colcon.colcon_core.environment:create_environment_scripts_only(libuvc)
[0.333s] DEBUG:colcon.colcon_core.event_handler.log_command:Invoked command in '/home/dung/ros2_ws/build/libuvc' returned '0': /usr/bin/cmake --install /home/dung/ros2_ws/build/libuvc
[0.334s] Level 1:colcon.colcon_core.environment:checking '/home/dung/ros2_ws/install/libuvc' for CMake module files
[0.335s] Level 1:colcon.colcon_core.shell:create_environment_hook('libuvc', 'cmake_module_path')
[0.335s] INFO:colcon.colcon_core.shell:Creating environment hook '/home/dung/ros2_ws/install/libuvc/share/libuvc/hook/cmake_module_path.ps1'
[0.335s] INFO:colcon.colcon_core.shell:Creating environment descriptor '/home/dung/ros2_ws/install/libuvc/share/libuvc/hook/cmake_module_path.dsv'
[0.335s] INFO:colcon.colcon_core.shell:Creating environment hook '/home/dung/ros2_ws/install/libuvc/share/libuvc/hook/cmake_module_path.sh'
[0.336s] Level 1:colcon.colcon_core.shell:create_environment_hook('libuvc', 'cmake_module_path1')
[0.336s] INFO:colcon.colcon_core.shell:Creating environment hook '/home/dung/ros2_ws/install/libuvc/share/libuvc/hook/cmake_module_path1.ps1'
[0.336s] INFO:colcon.colcon_core.shell:Creating environment descriptor '/home/dung/ros2_ws/install/libuvc/share/libuvc/hook/cmake_module_path1.dsv'
[0.336s] INFO:colcon.colcon_core.shell:Creating environment hook '/home/dung/ros2_ws/install/libuvc/share/libuvc/hook/cmake_module_path1.sh'
[0.337s] Level 1:colcon.colcon_core.environment:checking '/home/dung/ros2_ws/install/libuvc' for CMake config files
[0.337s] Level 1:colcon.colcon_core.shell:create_environment_hook('libuvc', 'cmake_prefix_path')
[0.337s] INFO:colcon.colcon_core.shell:Creating environment hook '/home/dung/ros2_ws/install/libuvc/share/libuvc/hook/cmake_prefix_path.ps1'
[0.337s] INFO:colcon.colcon_core.shell:Creating environment descriptor '/home/dung/ros2_ws/install/libuvc/share/libuvc/hook/cmake_prefix_path.dsv'
[0.338s] INFO:colcon.colcon_core.shell:Creating environment hook '/home/dung/ros2_ws/install/libuvc/share/libuvc/hook/cmake_prefix_path.sh'
[0.338s] Level 1:colcon.colcon_core.environment:checking '/home/dung/ros2_ws/install/libuvc/lib'
[0.338s] Level 1:colcon.colcon_core.shell:create_environment_hook('libuvc', 'ld_library_path_lib')
[0.339s] INFO:colcon.colcon_core.shell:Creating environment hook '/home/dung/ros2_ws/install/libuvc/share/libuvc/hook/ld_library_path_lib.ps1'
[0.339s] INFO:colcon.colcon_core.shell:Creating environment descriptor '/home/dung/ros2_ws/install/libuvc/share/libuvc/hook/ld_library_path_lib.dsv'
[0.339s] INFO:colcon.colcon_core.shell:Creating environment hook '/home/dung/ros2_ws/install/libuvc/share/libuvc/hook/ld_library_path_lib.sh'
[0.339s] Level 1:colcon.colcon_core.environment:checking '/home/dung/ros2_ws/install/libuvc/bin'
[0.339s] Level 1:colcon.colcon_core.environment:checking '/home/dung/ros2_ws/install/libuvc/lib/pkgconfig/libuvc.pc'
[0.339s] Level 1:colcon.colcon_core.shell:create_environment_hook('libuvc', 'pkg_config')
[0.339s] INFO:colcon.colcon_core.shell:Creating environment hook '/home/dung/ros2_ws/install/libuvc/share/libuvc/hook/pkg_config.ps1'
[0.340s] INFO:colcon.colcon_core.shell:Creating environment descriptor '/home/dung/ros2_ws/install/libuvc/share/libuvc/hook/pkg_config.dsv'
[0.340s] INFO:colcon.colcon_core.shell:Creating environment hook '/home/dung/ros2_ws/install/libuvc/share/libuvc/hook/pkg_config.sh'
[0.340s] Level 1:colcon.colcon_core.environment:checking '/home/dung/ros2_ws/install/libuvc/lib/python3.10/site-packages'
[0.341s] Level 1:colcon.colcon_core.environment:checking '/home/dung/ros2_ws/install/libuvc/bin'
[0.341s] INFO:colcon.colcon_core.shell:Creating package script '/home/dung/ros2_ws/install/libuvc/share/libuvc/package.ps1'
[0.342s] INFO:colcon.colcon_core.shell:Creating package descriptor '/home/dung/ros2_ws/install/libuvc/share/libuvc/package.dsv'
[0.342s] INFO:colcon.colcon_core.shell:Creating package script '/home/dung/ros2_ws/install/libuvc/share/libuvc/package.sh'
[0.343s] INFO:colcon.colcon_core.shell:Creating package script '/home/dung/ros2_ws/install/libuvc/share/libuvc/package.bash'
[0.343s] INFO:colcon.colcon_core.shell:Creating package script '/home/dung/ros2_ws/install/libuvc/share/libuvc/package.zsh'
[0.343s] Level 1:colcon.colcon_core.environment:create_file_with_runtime_dependencies(/home/dung/ros2_ws/install/libuvc/share/colcon-core/packages/libuvc)
[0.481s] DEBUG:colcon.colcon_core.event_handler.log_command:Invoked command in '/home/dung/ros2_ws/build/astra_camera_msgs' returned '0': CMAKE_PREFIX_PATH=${CMAKE_PREFIX_PATH}:/opt/ros/humble /usr/bin/cmake --build /home/dung/ros2_ws/build/astra_camera_msgs -- -j32 -l32
[0.482s] DEBUG:colcon.colcon_core.event_handler.log_command:Invoking command in '/home/dung/ros2_ws/build/astra_camera_msgs': CMAKE_PREFIX_PATH=${CMAKE_PREFIX_PATH}:/opt/ros/humble /usr/bin/cmake --install /home/dung/ros2_ws/build/astra_camera_msgs
[0.542s] Level 1:colcon.colcon_core.environment:create_environment_scripts_only(astra_camera_msgs)
[0.542s] Level 1:colcon.colcon_core.environment:checking '/home/dung/ros2_ws/install/astra_camera_msgs' for CMake module files
[0.542s] DEBUG:colcon.colcon_core.event_handler.log_command:Invoked command in '/home/dung/ros2_ws/build/astra_camera_msgs' returned '0': CMAKE_PREFIX_PATH=${CMAKE_PREFIX_PATH}:/opt/ros/humble /usr/bin/cmake --install /home/dung/ros2_ws/build/astra_camera_msgs
[0.543s] Level 1:colcon.colcon_core.environment:checking '/home/dung/ros2_ws/install/astra_camera_msgs' for CMake config files
[0.543s] Level 1:colcon.colcon_core.shell:create_environment_hook('astra_camera_msgs', 'cmake_prefix_path')
[0.543s] INFO:colcon.colcon_core.shell:Creating environment hook '/home/dung/ros2_ws/install/astra_camera_msgs/share/astra_camera_msgs/hook/cmake_prefix_path.ps1'
[0.543s] INFO:colcon.colcon_core.shell:Creating environment descriptor '/home/dung/ros2_ws/install/astra_camera_msgs/share/astra_camera_msgs/hook/cmake_prefix_path.dsv'
[0.543s] INFO:colcon.colcon_core.shell:Creating environment hook '/home/dung/ros2_ws/install/astra_camera_msgs/share/astra_camera_msgs/hook/cmake_prefix_path.sh'
[0.544s] Level 1:colcon.colcon_core.environment:checking '/home/dung/ros2_ws/install/astra_camera_msgs/lib'
[0.544s] Level 1:colcon.colcon_core.shell:create_environment_hook('astra_camera_msgs', 'ld_library_path_lib')
[0.544s] INFO:colcon.colcon_core.shell:Creating environment hook '/home/dung/ros2_ws/install/astra_camera_msgs/share/astra_camera_msgs/hook/ld_library_path_lib.ps1'
[0.544s] INFO:colcon.colcon_core.shell:Creating environment descriptor '/home/dung/ros2_ws/install/astra_camera_msgs/share/astra_camera_msgs/hook/ld_library_path_lib.dsv'
[0.544s] INFO:colcon.colcon_core.shell:Creating environment hook '/home/dung/ros2_ws/install/astra_camera_msgs/share/astra_camera_msgs/hook/ld_library_path_lib.sh'
[0.544s] Level 1:colcon.colcon_core.environment:checking '/home/dung/ros2_ws/install/astra_camera_msgs/bin'
[0.545s] Level 1:colcon.colcon_core.environment:checking '/home/dung/ros2_ws/install/astra_camera_msgs/lib/pkgconfig/astra_camera_msgs.pc'
[0.545s] Level 1:colcon.colcon_core.environment:checking '/home/dung/ros2_ws/install/astra_camera_msgs/lib/python3.10/site-packages'
[0.545s] Level 1:colcon.colcon_core.environment:checking '/home/dung/ros2_ws/install/astra_camera_msgs/bin'
[0.545s] INFO:colcon.colcon_core.shell:Creating package script '/home/dung/ros2_ws/install/astra_camera_msgs/share/astra_camera_msgs/package.ps1'
[0.545s] INFO:colcon.colcon_core.shell:Creating package descriptor '/home/dung/ros2_ws/install/astra_camera_msgs/share/astra_camera_msgs/package.dsv'
[0.545s] INFO:colcon.colcon_core.shell:Creating package script '/home/dung/ros2_ws/install/astra_camera_msgs/share/astra_camera_msgs/package.sh'
[0.546s] INFO:colcon.colcon_core.shell:Creating package script '/home/dung/ros2_ws/install/astra_camera_msgs/share/astra_camera_msgs/package.bash'
[0.546s] INFO:colcon.colcon_core.shell:Creating package script '/home/dung/ros2_ws/install/astra_camera_msgs/share/astra_camera_msgs/package.zsh'
[0.546s] Level 1:colcon.colcon_core.environment:create_file_with_runtime_dependencies(/home/dung/ros2_ws/install/astra_camera_msgs/share/colcon-core/packages/astra_camera_msgs)
[0.546s] Level 1:colcon.colcon_core.environment:create_environment_scripts_only(astra_camera_msgs)
[0.546s] Level 1:colcon.colcon_core.environment:checking '/home/dung/ros2_ws/install/astra_camera_msgs' for CMake module files
[0.547s] Level 1:colcon.colcon_core.environment:checking '/home/dung/ros2_ws/install/astra_camera_msgs' for CMake config files
[0.547s] Level 1:colcon.colcon_core.shell:create_environment_hook('astra_camera_msgs', 'cmake_prefix_path')
[0.547s] INFO:colcon.colcon_core.shell:Creating environment hook '/home/dung/ros2_ws/install/astra_camera_msgs/share/astra_camera_msgs/hook/cmake_prefix_path.ps1'
[0.547s] INFO:colcon.colcon_core.shell:Creating environment descriptor '/home/dung/ros2_ws/install/astra_camera_msgs/share/astra_camera_msgs/hook/cmake_prefix_path.dsv'
[0.547s] INFO:colcon.colcon_core.shell:Creating environment hook '/home/dung/ros2_ws/install/astra_camera_msgs/share/astra_camera_msgs/hook/cmake_prefix_path.sh'
[0.548s] Level 1:colcon.colcon_core.environment:checking '/home/dung/ros2_ws/install/astra_camera_msgs/lib'
[0.548s] Level 1:colcon.colcon_core.shell:create_environment_hook('astra_camera_msgs', 'ld_library_path_lib')
[0.548s] INFO:colcon.colcon_core.shell:Creating environment hook '/home/dung/ros2_ws/install/astra_camera_msgs/share/astra_camera_msgs/hook/ld_library_path_lib.ps1'
[0.548s] INFO:colcon.colcon_core.shell:Creating environment descriptor '/home/dung/ros2_ws/install/astra_camera_msgs/share/astra_camera_msgs/hook/ld_library_path_lib.dsv'
[0.548s] INFO:colcon.colcon_core.shell:Creating environment hook '/home/dung/ros2_ws/install/astra_camera_msgs/share/astra_camera_msgs/hook/ld_library_path_lib.sh'
[0.548s] Level 1:colcon.colcon_core.environment:checking '/home/dung/ros2_ws/install/astra_camera_msgs/bin'
[0.548s] Level 1:colcon.colcon_core.environment:checking '/home/dung/ros2_ws/install/astra_camera_msgs/lib/pkgconfig/astra_camera_msgs.pc'
[0.549s] Level 1:colcon.colcon_core.environment:checking '/home/dung/ros2_ws/install/astra_camera_msgs/lib/python3.10/site-packages'
[0.549s] Level 1:colcon.colcon_core.environment:checking '/home/dung/ros2_ws/install/astra_camera_msgs/bin'
[0.549s] INFO:colcon.colcon_core.shell:Creating package script '/home/dung/ros2_ws/install/astra_camera_msgs/share/astra_camera_msgs/package.ps1'
[0.549s] INFO:colcon.colcon_core.shell:Creating package descriptor '/home/dung/ros2_ws/install/astra_camera_msgs/share/astra_camera_msgs/package.dsv'
[0.549s] INFO:colcon.colcon_core.shell:Creating package script '/home/dung/ros2_ws/install/astra_camera_msgs/share/astra_camera_msgs/package.sh'
[0.550s] INFO:colcon.colcon_core.shell:Creating package script '/home/dung/ros2_ws/install/astra_camera_msgs/share/astra_camera_msgs/package.bash'
[0.550s] INFO:colcon.colcon_core.shell:Creating package script '/home/dung/ros2_ws/install/astra_camera_msgs/share/astra_camera_msgs/package.zsh'
[0.550s] Level 1:colcon.colcon_core.environment:create_file_with_runtime_dependencies(/home/dung/ros2_ws/install/astra_camera_msgs/share/colcon-core/packages/astra_camera_msgs)
[0.550s] INFO:colcon.colcon_ros.task.ament_cmake.build:Building ROS package in '/home/dung/ros2_ws/src/ros2_astra_camera/astra_camera' with build type 'ament_cmake'
[0.550s] INFO:colcon.colcon_cmake.task.cmake.build:Building CMake package in '/home/dung/ros2_ws/src/ros2_astra_camera/astra_camera'
[0.550s] INFO:colcon.colcon_core.shell:Skip shell extension 'powershell' for command environment: Not usable outside of PowerShell
[0.550s] DEBUG:colcon.colcon_core.shell:Skip shell extension 'dsv' for command environment
[0.557s] DEBUG:colcon.colcon_core.event_handler.log_command:Invoking command in '/home/dung/ros2_ws/build/astra_camera': CMAKE_PREFIX_PATH=/home/dung/ros2_ws/install/astra_camera_msgs:/home/dung/ros2_ws/install/libuvc:/opt/ros/humble LD_LIBRARY_PATH=/home/dung/ros2_ws/install/astra_camera_msgs/lib:/home/dung/ros2_ws/install/libuvc/lib:/opt/ros/humble/opt/rviz_ogre_vendor/lib:/opt/ros/humble/lib/x86_64-linux-gnu:/opt/ros/humble/lib /usr/bin/cmake --build /home/dung/ros2_ws/build/astra_camera -- -j32 -l32
[13.704s] DEBUG:colcon.colcon_core.event_handler.log_command:Invoked command in '/home/dung/ros2_ws/build/astra_camera' returned '0': CMAKE_PREFIX_PATH=/home/dung/ros2_ws/install/astra_camera_msgs:/home/dung/ros2_ws/install/libuvc:/opt/ros/humble LD_LIBRARY_PATH=/home/dung/ros2_ws/install/astra_camera_msgs/lib:/home/dung/ros2_ws/install/libuvc/lib:/opt/ros/humble/opt/rviz_ogre_vendor/lib:/opt/ros/humble/lib/x86_64-linux-gnu:/opt/ros/humble/lib /usr/bin/cmake --build /home/dung/ros2_ws/build/astra_camera -- -j32 -l32
[13.705s] DEBUG:colcon.colcon_core.event_handler.log_command:Invoking command in '/home/dung/ros2_ws/build/astra_camera': CMAKE_PREFIX_PATH=/home/dung/ros2_ws/install/astra_camera_msgs:/home/dung/ros2_ws/install/libuvc:/opt/ros/humble LD_LIBRARY_PATH=/home/dung/ros2_ws/install/astra_camera_msgs/lib:/home/dung/ros2_ws/install/libuvc/lib:/opt/ros/humble/opt/rviz_ogre_vendor/lib:/opt/ros/humble/lib/x86_64-linux-gnu:/opt/ros/humble/lib /usr/bin/cmake --install /home/dung/ros2_ws/build/astra_camera
[14.216s] Level 1:colcon.colcon_core.environment:create_environment_scripts_only(astra_camera)
[14.216s] Level 1:colcon.colcon_core.environment:checking '/home/dung/ros2_ws/install/astra_camera' for CMake module files
[14.216s] DEBUG:colcon.colcon_core.event_handler.log_command:Invoked command in '/home/dung/ros2_ws/build/astra_camera' returned '0': CMAKE_PREFIX_PATH=/home/dung/ros2_ws/install/astra_camera_msgs:/home/dung/ros2_ws/install/libuvc:/opt/ros/humble LD_LIBRARY_PATH=/home/dung/ros2_ws/install/astra_camera_msgs/lib:/home/dung/ros2_ws/install/libuvc/lib:/opt/ros/humble/opt/rviz_ogre_vendor/lib:/opt/ros/humble/lib/x86_64-linux-gnu:/opt/ros/humble/lib /usr/bin/cmake --install /home/dung/ros2_ws/build/astra_camera
[14.217s] Level 1:colcon.colcon_core.environment:checking '/home/dung/ros2_ws/install/astra_camera' for CMake config files
[14.217s] Level 1:colcon.colcon_core.shell:create_environment_hook('astra_camera', 'cmake_prefix_path')
[14.217s] INFO:colcon.colcon_core.shell:Creating environment hook '/home/dung/ros2_ws/install/astra_camera/share/astra_camera/hook/cmake_prefix_path.ps1'
[14.217s] INFO:colcon.colcon_core.shell:Creating environment descriptor '/home/dung/ros2_ws/install/astra_camera/share/astra_camera/hook/cmake_prefix_path.dsv'
[14.217s] INFO:colcon.colcon_core.shell:Creating environment hook '/home/dung/ros2_ws/install/astra_camera/share/astra_camera/hook/cmake_prefix_path.sh'
[14.218s] Level 1:colcon.colcon_core.environment:checking '/home/dung/ros2_ws/install/astra_camera/lib'
[14.218s] Level 1:colcon.colcon_core.shell:create_environment_hook('astra_camera', 'ld_library_path_lib')
[14.218s] INFO:colcon.colcon_core.shell:Creating environment hook '/home/dung/ros2_ws/install/astra_camera/share/astra_camera/hook/ld_library_path_lib.ps1'
[14.218s] INFO:colcon.colcon_core.shell:Creating environment descriptor '/home/dung/ros2_ws/install/astra_camera/share/astra_camera/hook/ld_library_path_lib.dsv'
[14.218s] INFO:colcon.colcon_core.shell:Creating environment hook '/home/dung/ros2_ws/install/astra_camera/share/astra_camera/hook/ld_library_path_lib.sh'
[14.218s] Level 1:colcon.colcon_core.environment:checking '/home/dung/ros2_ws/install/astra_camera/bin'
[14.218s] Level 1:colcon.colcon_core.environment:checking '/home/dung/ros2_ws/install/astra_camera/lib/pkgconfig/astra_camera.pc'
[14.219s] Level 1:colcon.colcon_core.environment:checking '/home/dung/ros2_ws/install/astra_camera/lib/python3.10/site-packages'
[14.219s] Level 1:colcon.colcon_core.environment:checking '/home/dung/ros2_ws/install/astra_camera/bin'
[14.219s] INFO:colcon.colcon_core.shell:Creating package script '/home/dung/ros2_ws/install/astra_camera/share/astra_camera/package.ps1'
[14.219s] INFO:colcon.colcon_core.shell:Creating package descriptor '/home/dung/ros2_ws/install/astra_camera/share/astra_camera/package.dsv'
[14.219s] INFO:colcon.colcon_core.shell:Creating package script '/home/dung/ros2_ws/install/astra_camera/share/astra_camera/package.sh'
[14.219s] INFO:colcon.colcon_core.shell:Creating package script '/home/dung/ros2_ws/install/astra_camera/share/astra_camera/package.bash'
[14.220s] INFO:colcon.colcon_core.shell:Creating package script '/home/dung/ros2_ws/install/astra_camera/share/astra_camera/package.zsh'
[14.220s] Level 1:colcon.colcon_core.environment:create_file_with_runtime_dependencies(/home/dung/ros2_ws/install/astra_camera/share/colcon-core/packages/astra_camera)
[14.220s] Level 1:colcon.colcon_core.environment:create_environment_scripts_only(astra_camera)
[14.220s] Level 1:colcon.colcon_core.environment:checking '/home/dung/ros2_ws/install/astra_camera' for CMake module files
[14.220s] Level 1:colcon.colcon_core.environment:checking '/home/dung/ros2_ws/install/astra_camera' for CMake config files
[14.221s] Level 1:colcon.colcon_core.shell:create_environment_hook('astra_camera', 'cmake_prefix_path')
[14.221s] INFO:colcon.colcon_core.shell:Creating environment hook '/home/dung/ros2_ws/install/astra_camera/share/astra_camera/hook/cmake_prefix_path.ps1'
[14.221s] INFO:colcon.colcon_core.shell:Creating environment descriptor '/home/dung/ros2_ws/install/astra_camera/share/astra_camera/hook/cmake_prefix_path.dsv'
[14.221s] INFO:colcon.colcon_core.shell:Creating environment hook '/home/dung/ros2_ws/install/astra_camera/share/astra_camera/hook/cmake_prefix_path.sh'
[14.221s] Level 1:colcon.colcon_core.environment:checking '/home/dung/ros2_ws/install/astra_camera/lib'
[14.221s] Level 1:colcon.colcon_core.shell:create_environment_hook('astra_camera', 'ld_library_path_lib')
[14.221s] INFO:colcon.colcon_core.shell:Creating environment hook '/home/dung/ros2_ws/install/astra_camera/share/astra_camera/hook/ld_library_path_lib.ps1'
[14.222s] INFO:colcon.colcon_core.shell:Creating environment descriptor '/home/dung/ros2_ws/install/astra_camera/share/astra_camera/hook/ld_library_path_lib.dsv'
[14.222s] INFO:colcon.colcon_core.shell:Creating environment hook '/home/dung/ros2_ws/install/astra_camera/share/astra_camera/hook/ld_library_path_lib.sh'
[14.222s] Level 1:colcon.colcon_core.environment:checking '/home/dung/ros2_ws/install/astra_camera/bin'
[14.222s] Level 1:colcon.colcon_core.environment:checking '/home/dung/ros2_ws/install/astra_camera/lib/pkgconfig/astra_camera.pc'
[14.222s] Level 1:colcon.colcon_core.environment:checking '/home/dung/ros2_ws/install/astra_camera/lib/python3.10/site-packages'
[14.222s] Level 1:colcon.colcon_core.environment:checking '/home/dung/ros2_ws/install/astra_camera/bin'
[14.222s] INFO:colcon.colcon_core.shell:Creating package script '/home/dung/ros2_ws/install/astra_camera/share/astra_camera/package.ps1'
[14.223s] INFO:colcon.colcon_core.shell:Creating package descriptor '/home/dung/ros2_ws/install/astra_camera/share/astra_camera/package.dsv'
[14.223s] INFO:colcon.colcon_core.shell:Creating package script '/home/dung/ros2_ws/install/astra_camera/share/astra_camera/package.sh'
[14.223s] INFO:colcon.colcon_core.shell:Creating package script '/home/dung/ros2_ws/install/astra_camera/share/astra_camera/package.bash'
[14.223s] INFO:colcon.colcon_core.shell:Creating package script '/home/dung/ros2_ws/install/astra_camera/share/astra_camera/package.zsh'
[14.223s] Level 1:colcon.colcon_core.environment:create_file_with_runtime_dependencies(/home/dung/ros2_ws/install/astra_camera/share/colcon-core/packages/astra_camera)
[14.224s] DEBUG:colcon.colcon_parallel_executor.executor.parallel:closing loop
[14.224s] DEBUG:colcon.colcon_parallel_executor.executor.parallel:loop closed
[14.224s] DEBUG:colcon.colcon_parallel_executor.executor.parallel:run_until_complete finished with '0'
[14.224s] DEBUG:colcon.colcon_core.event_reactor:joining thread
[14.227s] INFO:colcon.colcon_core.plugin_system:Skipping extension 'colcon_notification.desktop_notification.terminal_notifier': Not used on non-Darwin systems
[14.227s] INFO:colcon.colcon_core.plugin_system:Skipping extension 'colcon_notification.desktop_notification.win32': Not used on non-Windows systems
[14.227s] INFO:colcon.colcon_notification.desktop_notification:Sending desktop notification using 'notify2'
[14.234s] DEBUG:colcon.colcon_core.event_reactor:joined thread
[14.234s] INFO:colcon.colcon_core.shell:Creating prefix script '/home/dung/ros2_ws/install/local_setup.ps1'
[14.235s] INFO:colcon.colcon_core.shell:Creating prefix util module '/home/dung/ros2_ws/install/_local_setup_util_ps1.py'
[14.236s] INFO:colcon.colcon_core.shell:Creating prefix chain script '/home/dung/ros2_ws/install/setup.ps1'
[14.236s] INFO:colcon.colcon_core.shell:Creating prefix script '/home/dung/ros2_ws/install/local_setup.sh'
[14.236s] INFO:colcon.colcon_core.shell:Creating prefix util module '/home/dung/ros2_ws/install/_local_setup_util_sh.py'
[14.237s] INFO:colcon.colcon_core.shell:Creating prefix chain script '/home/dung/ros2_ws/install/setup.sh'
[14.237s] INFO:colcon.colcon_core.shell:Creating prefix script '/home/dung/ros2_ws/install/local_setup.bash'
[14.237s] INFO:colcon.colcon_core.shell:Creating prefix chain script '/home/dung/ros2_ws/install/setup.bash'
[14.238s] INFO:colcon.colcon_core.shell:Creating prefix script '/home/dung/ros2_ws/install/local_setup.zsh'
[14.238s] INFO:colcon.colcon_core.shell:Creating prefix chain script '/home/dung/ros2_ws/install/setup.zsh'
