[0.070s] DEBUG:colcon:Command line arguments: ['/usr/bin/colcon', 'build']
[0.070s] DEBUG:colcon:Parsed command line arguments: Namespace(log_base=None, log_level=None, verb_name='build', build_base='build', install_base='install', merge_install=False, symlink_install=False, test_result_base=None, continue_on_error=False, executor='parallel', parallel_workers=32, event_handlers=None, ignore_user_meta=False, metas=['./colcon.meta'], base_paths=['.'], packages_ignore=None, packages_ignore_regex=None, paths=None, packages_up_to=None, packages_up_to_regex=None, packages_above=None, packages_above_and_dependencies=None, packages_above_depth=None, packages_select_by_dep=None, packages_skip_by_dep=None, packages_skip_up_to=None, packages_select_build_failed=False, packages_skip_build_finished=False, packages_select_test_failures=False, packages_skip_test_passed=False, packages_select=None, packages_skip=None, packages_select_regex=None, packages_skip_regex=None, packages_start=None, packages_end=None, allow_overriding=[], cmake_args=None, cmake_target=None, cmake_target_skip_unavailable=False, cmake_clean_cache=False, cmake_clean_first=False, cmake_force_configure=False, ament_cmake_args=None, catkin_cmake_args=None, catkin_skip_building_tests=False, verb_parser=<colcon_defaults.argument_parser.defaults.DefaultArgumentsDecorator object at 0x79145f7595a0>, verb_extension=<colcon_core.verb.build.BuildVerb object at 0x79145f758fd0>, main=<bound method BuildVerb.main of <colcon_core.verb.build.BuildVerb object at 0x79145f758fd0>>)
[0.179s] Level 1:colcon.colcon_core.package_discovery:discover_packages(colcon_meta) check parameters
[0.179s] Level 1:colcon.colcon_core.package_discovery:discover_packages(recursive) check parameters
[0.179s] Level 1:colcon.colcon_core.package_discovery:discover_packages(ignore) check parameters
[0.179s] Level 1:colcon.colcon_core.package_discovery:discover_packages(path) check parameters
[0.179s] Level 1:colcon.colcon_core.package_discovery:discover_packages(colcon_meta) discover
[0.179s] Level 1:colcon.colcon_core.package_discovery:discover_packages(recursive) discover
[0.179s] INFO:colcon.colcon_core.package_discovery:Crawling recursively for packages in '/home/dung/ros2_ws'
[0.179s] Level 1:colcon.colcon_core.package_identification:_identify(.) by extensions ['ignore', 'ignore_ament_install']
[0.179s] Level 1:colcon.colcon_core.package_identification:_identify(.) by extension 'ignore'
[0.179s] Level 1:colcon.colcon_core.package_identification:_identify(.) by extension 'ignore_ament_install'
[0.179s] Level 1:colcon.colcon_core.package_identification:_identify(.) by extensions ['colcon_pkg']
[0.179s] Level 1:colcon.colcon_core.package_identification:_identify(.) by extension 'colcon_pkg'
[0.179s] Level 1:colcon.colcon_core.package_identification:_identify(.) by extensions ['colcon_meta']
[0.179s] Level 1:colcon.colcon_core.package_identification:_identify(.) by extension 'colcon_meta'
[0.179s] Level 1:colcon.colcon_core.package_identification:_identify(.) by extensions ['ros']
[0.179s] Level 1:colcon.colcon_core.package_identification:_identify(.) by extension 'ros'
[0.187s] Level 1:colcon.colcon_core.package_identification:_identify(.) by extensions ['cmake', 'python']
[0.187s] Level 1:colcon.colcon_core.package_identification:_identify(.) by extension 'cmake'
[0.187s] Level 1:colcon.colcon_core.package_identification:_identify(.) by extension 'python'
[0.187s] Level 1:colcon.colcon_core.package_identification:_identify(.) by extensions ['python_setup_py']
[0.187s] Level 1:colcon.colcon_core.package_identification:_identify(.) by extension 'python_setup_py'
[0.187s] Level 1:colcon.colcon_core.package_identification:_identify(build) by extensions ['ignore', 'ignore_ament_install']
[0.187s] Level 1:colcon.colcon_core.package_identification:_identify(build) by extension 'ignore'
[0.187s] Level 1:colcon.colcon_core.package_identification:_identify(build) ignored
[0.187s] Level 1:colcon.colcon_core.package_identification:_identify(install) by extensions ['ignore', 'ignore_ament_install']
[0.187s] Level 1:colcon.colcon_core.package_identification:_identify(install) by extension 'ignore'
[0.187s] Level 1:colcon.colcon_core.package_identification:_identify(install) ignored
[0.187s] Level 1:colcon.colcon_core.package_identification:_identify(libuvc) by extensions ['ignore', 'ignore_ament_install']
[0.187s] Level 1:colcon.colcon_core.package_identification:_identify(libuvc) by extension 'ignore'
[0.187s] Level 1:colcon.colcon_core.package_identification:_identify(libuvc) by extension 'ignore_ament_install'
[0.187s] Level 1:colcon.colcon_core.package_identification:_identify(libuvc) by extensions ['colcon_pkg']
[0.187s] Level 1:colcon.colcon_core.package_identification:_identify(libuvc) by extension 'colcon_pkg'
[0.187s] Level 1:colcon.colcon_core.package_identification:_identify(libuvc) by extensions ['colcon_meta']
[0.187s] Level 1:colcon.colcon_core.package_identification:_identify(libuvc) by extension 'colcon_meta'
[0.187s] Level 1:colcon.colcon_core.package_identification:_identify(libuvc) by extensions ['ros']
[0.188s] Level 1:colcon.colcon_core.package_identification:_identify(libuvc) by extension 'ros'
[0.188s] Level 1:colcon.colcon_core.package_identification:_identify(libuvc) by extensions ['cmake', 'python']
[0.188s] Level 1:colcon.colcon_core.package_identification:_identify(libuvc) by extension 'cmake'
[0.192s] Level 1:colcon.colcon_core.package_identification:_identify(libuvc) by extension 'python'
[0.192s] DEBUG:colcon.colcon_core.package_identification:Package 'libuvc' with type 'cmake' and name 'libuvc'
[0.192s] Level 1:colcon.colcon_core.package_identification:_identify(log) by extensions ['ignore', 'ignore_ament_install']
[0.192s] Level 1:colcon.colcon_core.package_identification:_identify(log) by extension 'ignore'
[0.192s] Level 1:colcon.colcon_core.package_identification:_identify(log) ignored
[0.192s] Level 1:colcon.colcon_core.package_identification:_identify(robot_vision) by extensions ['ignore', 'ignore_ament_install']
[0.192s] Level 1:colcon.colcon_core.package_identification:_identify(robot_vision) by extension 'ignore'
[0.192s] Level 1:colcon.colcon_core.package_identification:_identify(robot_vision) by extension 'ignore_ament_install'
[0.192s] Level 1:colcon.colcon_core.package_identification:_identify(robot_vision) by extensions ['colcon_pkg']
[0.192s] Level 1:colcon.colcon_core.package_identification:_identify(robot_vision) by extension 'colcon_pkg'
[0.192s] Level 1:colcon.colcon_core.package_identification:_identify(robot_vision) by extensions ['colcon_meta']
[0.192s] Level 1:colcon.colcon_core.package_identification:_identify(robot_vision) by extension 'colcon_meta'
[0.192s] Level 1:colcon.colcon_core.package_identification:_identify(robot_vision) by extensions ['ros']
[0.192s] Level 1:colcon.colcon_core.package_identification:_identify(robot_vision) by extension 'ros'
[0.192s] Level 1:colcon.colcon_core.package_identification:_identify(robot_vision) by extensions ['cmake', 'python']
[0.192s] Level 1:colcon.colcon_core.package_identification:_identify(robot_vision) by extension 'cmake'
[0.192s] Level 1:colcon.colcon_core.package_identification:_identify(robot_vision) by extension 'python'
[0.192s] Level 1:colcon.colcon_core.package_identification:_identify(robot_vision) by extensions ['python_setup_py']
[0.192s] Level 1:colcon.colcon_core.package_identification:_identify(robot_vision) by extension 'python_setup_py'
[0.192s] Level 1:colcon.colcon_core.package_identification:_identify(robot_vision/__pycache__) by extensions ['ignore', 'ignore_ament_install']
[0.192s] Level 1:colcon.colcon_core.package_identification:_identify(robot_vision/__pycache__) by extension 'ignore'
[0.192s] Level 1:colcon.colcon_core.package_identification:_identify(robot_vision/__pycache__) by extension 'ignore_ament_install'
[0.192s] Level 1:colcon.colcon_core.package_identification:_identify(robot_vision/__pycache__) by extensions ['colcon_pkg']
[0.192s] Level 1:colcon.colcon_core.package_identification:_identify(robot_vision/__pycache__) by extension 'colcon_pkg'
[0.192s] Level 1:colcon.colcon_core.package_identification:_identify(robot_vision/__pycache__) by extensions ['colcon_meta']
[0.192s] Level 1:colcon.colcon_core.package_identification:_identify(robot_vision/__pycache__) by extension 'colcon_meta'
[0.192s] Level 1:colcon.colcon_core.package_identification:_identify(robot_vision/__pycache__) by extensions ['ros']
[0.192s] Level 1:colcon.colcon_core.package_identification:_identify(robot_vision/__pycache__) by extension 'ros'
[0.193s] Level 1:colcon.colcon_core.package_identification:_identify(robot_vision/__pycache__) by extensions ['cmake', 'python']
[0.193s] Level 1:colcon.colcon_core.package_identification:_identify(robot_vision/__pycache__) by extension 'cmake'
[0.193s] Level 1:colcon.colcon_core.package_identification:_identify(robot_vision/__pycache__) by extension 'python'
[0.193s] Level 1:colcon.colcon_core.package_identification:_identify(robot_vision/__pycache__) by extensions ['python_setup_py']
[0.193s] Level 1:colcon.colcon_core.package_identification:_identify(robot_vision/__pycache__) by extension 'python_setup_py'
[0.193s] Level 1:colcon.colcon_core.package_identification:_identify(robot_vision/drink_detector_openvino_model) by extensions ['ignore', 'ignore_ament_install']
[0.193s] Level 1:colcon.colcon_core.package_identification:_identify(robot_vision/drink_detector_openvino_model) by extension 'ignore'
[0.193s] Level 1:colcon.colcon_core.package_identification:_identify(robot_vision/drink_detector_openvino_model) by extension 'ignore_ament_install'
[0.193s] Level 1:colcon.colcon_core.package_identification:_identify(robot_vision/drink_detector_openvino_model) by extensions ['colcon_pkg']
[0.193s] Level 1:colcon.colcon_core.package_identification:_identify(robot_vision/drink_detector_openvino_model) by extension 'colcon_pkg'
[0.193s] Level 1:colcon.colcon_core.package_identification:_identify(robot_vision/drink_detector_openvino_model) by extensions ['colcon_meta']
[0.193s] Level 1:colcon.colcon_core.package_identification:_identify(robot_vision/drink_detector_openvino_model) by extension 'colcon_meta'
[0.193s] Level 1:colcon.colcon_core.package_identification:_identify(robot_vision/drink_detector_openvino_model) by extensions ['ros']
[0.193s] Level 1:colcon.colcon_core.package_identification:_identify(robot_vision/drink_detector_openvino_model) by extension 'ros'
[0.193s] Level 1:colcon.colcon_core.package_identification:_identify(robot_vision/drink_detector_openvino_model) by extensions ['cmake', 'python']
[0.193s] Level 1:colcon.colcon_core.package_identification:_identify(robot_vision/drink_detector_openvino_model) by extension 'cmake'
[0.193s] Level 1:colcon.colcon_core.package_identification:_identify(robot_vision/drink_detector_openvino_model) by extension 'python'
[0.193s] Level 1:colcon.colcon_core.package_identification:_identify(robot_vision/drink_detector_openvino_model) by extensions ['python_setup_py']
[0.193s] Level 1:colcon.colcon_core.package_identification:_identify(robot_vision/drink_detector_openvino_model) by extension 'python_setup_py'
[0.193s] Level 1:colcon.colcon_core.package_identification:_identify(src) by extensions ['ignore', 'ignore_ament_install']
[0.193s] Level 1:colcon.colcon_core.package_identification:_identify(src) by extension 'ignore'
[0.193s] Level 1:colcon.colcon_core.package_identification:_identify(src) by extension 'ignore_ament_install'
[0.193s] Level 1:colcon.colcon_core.package_identification:_identify(src) by extensions ['colcon_pkg']
[0.193s] Level 1:colcon.colcon_core.package_identification:_identify(src) by extension 'colcon_pkg'
[0.193s] Level 1:colcon.colcon_core.package_identification:_identify(src) by extensions ['colcon_meta']
[0.193s] Level 1:colcon.colcon_core.package_identification:_identify(src) by extension 'colcon_meta'
[0.193s] Level 1:colcon.colcon_core.package_identification:_identify(src) by extensions ['ros']
[0.193s] Level 1:colcon.colcon_core.package_identification:_identify(src) by extension 'ros'
[0.193s] Level 1:colcon.colcon_core.package_identification:_identify(src) by extensions ['cmake', 'python']
[0.193s] Level 1:colcon.colcon_core.package_identification:_identify(src) by extension 'cmake'
[0.193s] Level 1:colcon.colcon_core.package_identification:_identify(src) by extension 'python'
[0.193s] Level 1:colcon.colcon_core.package_identification:_identify(src) by extensions ['python_setup_py']
[0.193s] Level 1:colcon.colcon_core.package_identification:_identify(src) by extension 'python_setup_py'
[0.193s] Level 1:colcon.colcon_core.package_identification:_identify(src/ros2_astra_camera) by extensions ['ignore', 'ignore_ament_install']
[0.193s] Level 1:colcon.colcon_core.package_identification:_identify(src/ros2_astra_camera) by extension 'ignore'
[0.193s] Level 1:colcon.colcon_core.package_identification:_identify(src/ros2_astra_camera) by extension 'ignore_ament_install'
[0.193s] Level 1:colcon.colcon_core.package_identification:_identify(src/ros2_astra_camera) by extensions ['colcon_pkg']
[0.194s] Level 1:colcon.colcon_core.package_identification:_identify(src/ros2_astra_camera) by extension 'colcon_pkg'
[0.194s] Level 1:colcon.colcon_core.package_identification:_identify(src/ros2_astra_camera) by extensions ['colcon_meta']
[0.194s] Level 1:colcon.colcon_core.package_identification:_identify(src/ros2_astra_camera) by extension 'colcon_meta'
[0.194s] Level 1:colcon.colcon_core.package_identification:_identify(src/ros2_astra_camera) by extensions ['ros']
[0.194s] Level 1:colcon.colcon_core.package_identification:_identify(src/ros2_astra_camera) by extension 'ros'
[0.194s] Level 1:colcon.colcon_core.package_identification:_identify(src/ros2_astra_camera) by extensions ['cmake', 'python']
[0.194s] Level 1:colcon.colcon_core.package_identification:_identify(src/ros2_astra_camera) by extension 'cmake'
[0.194s] Level 1:colcon.colcon_core.package_identification:_identify(src/ros2_astra_camera) by extension 'python'
[0.194s] Level 1:colcon.colcon_core.package_identification:_identify(src/ros2_astra_camera) by extensions ['python_setup_py']
[0.194s] Level 1:colcon.colcon_core.package_identification:_identify(src/ros2_astra_camera) by extension 'python_setup_py'
[0.194s] Level 1:colcon.colcon_core.package_identification:_identify(src/ros2_astra_camera/astra_camera) by extensions ['ignore', 'ignore_ament_install']
[0.194s] Level 1:colcon.colcon_core.package_identification:_identify(src/ros2_astra_camera/astra_camera) by extension 'ignore'
[0.194s] Level 1:colcon.colcon_core.package_identification:_identify(src/ros2_astra_camera/astra_camera) by extension 'ignore_ament_install'
[0.194s] Level 1:colcon.colcon_core.package_identification:_identify(src/ros2_astra_camera/astra_camera) by extensions ['colcon_pkg']
[0.194s] Level 1:colcon.colcon_core.package_identification:_identify(src/ros2_astra_camera/astra_camera) by extension 'colcon_pkg'
[0.194s] Level 1:colcon.colcon_core.package_identification:_identify(src/ros2_astra_camera/astra_camera) by extensions ['colcon_meta']
[0.194s] Level 1:colcon.colcon_core.package_identification:_identify(src/ros2_astra_camera/astra_camera) by extension 'colcon_meta'
[0.194s] Level 1:colcon.colcon_core.package_identification:_identify(src/ros2_astra_camera/astra_camera) by extensions ['ros']
[0.194s] Level 1:colcon.colcon_core.package_identification:_identify(src/ros2_astra_camera/astra_camera) by extension 'ros'
[0.196s] DEBUG:colcon.colcon_core.package_identification:Package 'src/ros2_astra_camera/astra_camera' with type 'ros.ament_cmake' and name 'astra_camera'
[0.197s] Level 1:colcon.colcon_core.package_identification:_identify(src/ros2_astra_camera/astra_camera_msgs) by extensions ['ignore', 'ignore_ament_install']
[0.197s] Level 1:colcon.colcon_core.package_identification:_identify(src/ros2_astra_camera/astra_camera_msgs) by extension 'ignore'
[0.197s] Level 1:colcon.colcon_core.package_identification:_identify(src/ros2_astra_camera/astra_camera_msgs) by extension 'ignore_ament_install'
[0.197s] Level 1:colcon.colcon_core.package_identification:_identify(src/ros2_astra_camera/astra_camera_msgs) by extensions ['colcon_pkg']
[0.197s] Level 1:colcon.colcon_core.package_identification:_identify(src/ros2_astra_camera/astra_camera_msgs) by extension 'colcon_pkg'
[0.197s] Level 1:colcon.colcon_core.package_identification:_identify(src/ros2_astra_camera/astra_camera_msgs) by extensions ['colcon_meta']
[0.197s] Level 1:colcon.colcon_core.package_identification:_identify(src/ros2_astra_camera/astra_camera_msgs) by extension 'colcon_meta'
[0.197s] Level 1:colcon.colcon_core.package_identification:_identify(src/ros2_astra_camera/astra_camera_msgs) by extensions ['ros']
[0.197s] Level 1:colcon.colcon_core.package_identification:_identify(src/ros2_astra_camera/astra_camera_msgs) by extension 'ros'
[0.197s] DEBUG:colcon.colcon_core.package_identification:Package 'src/ros2_astra_camera/astra_camera_msgs' with type 'ros.ament_cmake' and name 'astra_camera_msgs'
[0.197s] Level 1:colcon.colcon_core.package_discovery:discover_packages(recursive) using defaults
[0.197s] Level 1:colcon.colcon_core.package_discovery:discover_packages(ignore) discover
[0.197s] Level 1:colcon.colcon_core.package_discovery:discover_packages(ignore) using defaults
[0.197s] Level 1:colcon.colcon_core.package_discovery:discover_packages(path) discover
[0.197s] Level 1:colcon.colcon_core.package_discovery:discover_packages(path) using defaults
[0.216s] Level 1:colcon.colcon_core.package_discovery:discover_packages(prefix_path) check parameters
[0.216s] Level 1:colcon.colcon_core.package_discovery:discover_packages(prefix_path) discover
[0.218s] DEBUG:colcon.colcon_installed_package_information.package_discovery:Found 12 installed packages in /home/dung/colcon_ws/install
[0.219s] DEBUG:colcon.colcon_installed_package_information.package_discovery:Found 396 installed packages in /opt/ros/humble
[0.221s] Level 1:colcon.colcon_core.package_discovery:discover_packages(prefix_path) using defaults
[0.254s] Level 5:colcon.colcon_core.verb:set package 'astra_camera_msgs' build argument 'cmake_args' from command line to 'None'
[0.254s] Level 5:colcon.colcon_core.verb:set package 'astra_camera_msgs' build argument 'cmake_target' from command line to 'None'
[0.254s] Level 5:colcon.colcon_core.verb:set package 'astra_camera_msgs' build argument 'cmake_target_skip_unavailable' from command line to 'False'
[0.254s] Level 5:colcon.colcon_core.verb:set package 'astra_camera_msgs' build argument 'cmake_clean_cache' from command line to 'False'
[0.254s] Level 5:colcon.colcon_core.verb:set package 'astra_camera_msgs' build argument 'cmake_clean_first' from command line to 'False'
[0.254s] Level 5:colcon.colcon_core.verb:set package 'astra_camera_msgs' build argument 'cmake_force_configure' from command line to 'False'
[0.254s] Level 5:colcon.colcon_core.verb:set package 'astra_camera_msgs' build argument 'ament_cmake_args' from command line to 'None'
[0.254s] Level 5:colcon.colcon_core.verb:set package 'astra_camera_msgs' build argument 'catkin_cmake_args' from command line to 'None'
[0.254s] Level 5:colcon.colcon_core.verb:set package 'astra_camera_msgs' build argument 'catkin_skip_building_tests' from command line to 'False'
[0.254s] DEBUG:colcon.colcon_core.verb:Building package 'astra_camera_msgs' with the following arguments: {'ament_cmake_args': None, 'build_base': '/home/dung/ros2_ws/build/astra_camera_msgs', 'catkin_cmake_args': None, 'catkin_skip_building_tests': False, 'cmake_args': None, 'cmake_clean_cache': False, 'cmake_clean_first': False, 'cmake_force_configure': False, 'cmake_target': None, 'cmake_target_skip_unavailable': False, 'install_base': '/home/dung/ros2_ws/install/astra_camera_msgs', 'merge_install': False, 'path': '/home/dung/ros2_ws/src/ros2_astra_camera/astra_camera_msgs', 'symlink_install': False, 'test_result_base': None}
[0.254s] Level 5:colcon.colcon_core.verb:set package 'libuvc' build argument 'cmake_args' from command line to 'None'
[0.254s] Level 5:colcon.colcon_core.verb:set package 'libuvc' build argument 'cmake_target' from command line to 'None'
[0.254s] Level 5:colcon.colcon_core.verb:set package 'libuvc' build argument 'cmake_target_skip_unavailable' from command line to 'False'
[0.254s] Level 5:colcon.colcon_core.verb:set package 'libuvc' build argument 'cmake_clean_cache' from command line to 'False'
[0.254s] Level 5:colcon.colcon_core.verb:set package 'libuvc' build argument 'cmake_clean_first' from command line to 'False'
[0.254s] Level 5:colcon.colcon_core.verb:set package 'libuvc' build argument 'cmake_force_configure' from command line to 'False'
[0.254s] Level 5:colcon.colcon_core.verb:set package 'libuvc' build argument 'ament_cmake_args' from command line to 'None'
[0.254s] Level 5:colcon.colcon_core.verb:set package 'libuvc' build argument 'catkin_cmake_args' from command line to 'None'
[0.254s] Level 5:colcon.colcon_core.verb:set package 'libuvc' build argument 'catkin_skip_building_tests' from command line to 'False'
[0.254s] DEBUG:colcon.colcon_core.verb:Building package 'libuvc' with the following arguments: {'ament_cmake_args': None, 'build_base': '/home/dung/ros2_ws/build/libuvc', 'catkin_cmake_args': None, 'catkin_skip_building_tests': False, 'cmake_args': None, 'cmake_clean_cache': False, 'cmake_clean_first': False, 'cmake_force_configure': False, 'cmake_target': None, 'cmake_target_skip_unavailable': False, 'install_base': '/home/dung/ros2_ws/install/libuvc', 'merge_install': False, 'path': '/home/dung/ros2_ws/libuvc', 'symlink_install': False, 'test_result_base': None}
[0.254s] Level 5:colcon.colcon_core.verb:set package 'astra_camera' build argument 'cmake_args' from command line to 'None'
[0.254s] Level 5:colcon.colcon_core.verb:set package 'astra_camera' build argument 'cmake_target' from command line to 'None'
[0.254s] Level 5:colcon.colcon_core.verb:set package 'astra_camera' build argument 'cmake_target_skip_unavailable' from command line to 'False'
[0.254s] Level 5:colcon.colcon_core.verb:set package 'astra_camera' build argument 'cmake_clean_cache' from command line to 'False'
[0.254s] Level 5:colcon.colcon_core.verb:set package 'astra_camera' build argument 'cmake_clean_first' from command line to 'False'
[0.254s] Level 5:colcon.colcon_core.verb:set package 'astra_camera' build argument 'cmake_force_configure' from command line to 'False'
[0.254s] Level 5:colcon.colcon_core.verb:set package 'astra_camera' build argument 'ament_cmake_args' from command line to 'None'
[0.254s] Level 5:colcon.colcon_core.verb:set package 'astra_camera' build argument 'catkin_cmake_args' from command line to 'None'
[0.254s] Level 5:colcon.colcon_core.verb:set package 'astra_camera' build argument 'catkin_skip_building_tests' from command line to 'False'
[0.254s] DEBUG:colcon.colcon_core.verb:Building package 'astra_camera' with the following arguments: {'ament_cmake_args': None, 'build_base': '/home/dung/ros2_ws/build/astra_camera', 'catkin_cmake_args': None, 'catkin_skip_building_tests': False, 'cmake_args': None, 'cmake_clean_cache': False, 'cmake_clean_first': False, 'cmake_force_configure': False, 'cmake_target': None, 'cmake_target_skip_unavailable': False, 'install_base': '/home/dung/ros2_ws/install/astra_camera', 'merge_install': False, 'path': '/home/dung/ros2_ws/src/ros2_astra_camera/astra_camera', 'symlink_install': False, 'test_result_base': None}
[0.255s] INFO:colcon.colcon_core.executor:Executing jobs using 'parallel' executor
[0.255s] DEBUG:colcon.colcon_parallel_executor.executor.parallel:run_until_complete
[0.255s] INFO:colcon.colcon_ros.task.ament_cmake.build:Building ROS package in '/home/dung/ros2_ws/src/ros2_astra_camera/astra_camera_msgs' with build type 'ament_cmake'
[0.255s] INFO:colcon.colcon_cmake.task.cmake.build:Building CMake package in '/home/dung/ros2_ws/src/ros2_astra_camera/astra_camera_msgs'
[0.257s] INFO:colcon.colcon_core.plugin_system:Skipping extension 'colcon_core.shell.bat': Not used on non-Windows systems
[0.257s] INFO:colcon.colcon_core.shell:Skip shell extension 'powershell' for command environment: Not usable outside of PowerShell
[0.257s] DEBUG:colcon.colcon_core.shell:Skip shell extension 'dsv' for command environment
[0.261s] INFO:colcon.colcon_cmake.task.cmake.build:Building CMake package in '/home/dung/ros2_ws/libuvc'
[0.261s] INFO:colcon.colcon_core.shell:Skip shell extension 'powershell' for command environment: Not usable outside of PowerShell
[0.261s] DEBUG:colcon.colcon_core.shell:Skip shell extension 'dsv' for command environment
[0.267s] DEBUG:colcon.colcon_core.event_handler.log_command:Invoking command in '/home/dung/ros2_ws/build/astra_camera_msgs': CMAKE_PREFIX_PATH=${CMAKE_PREFIX_PATH}:/opt/ros/humble /usr/bin/cmake --build /home/dung/ros2_ws/build/astra_camera_msgs -- -j32 -l32
[0.270s] DEBUG:colcon.colcon_core.event_handler.log_command:Invoking command in '/home/dung/ros2_ws/build/libuvc': /usr/bin/cmake --build /home/dung/ros2_ws/build/libuvc -- -j32 -l32
[0.356s] DEBUG:colcon.colcon_core.event_handler.log_command:Invoked command in '/home/dung/ros2_ws/build/libuvc' returned '0': /usr/bin/cmake --build /home/dung/ros2_ws/build/libuvc -- -j32 -l32
[0.366s] DEBUG:colcon.colcon_core.event_handler.log_command:Invoking command in '/home/dung/ros2_ws/build/libuvc': /usr/bin/cmake --install /home/dung/ros2_ws/build/libuvc
[0.374s] Level 1:colcon.colcon_core.environment:create_environment_scripts_only(libuvc)
[0.375s] DEBUG:colcon.colcon_core.event_handler.log_command:Invoked command in '/home/dung/ros2_ws/build/libuvc' returned '0': /usr/bin/cmake --install /home/dung/ros2_ws/build/libuvc
[0.377s] Level 1:colcon.colcon_core.environment:checking '/home/dung/ros2_ws/install/libuvc' for CMake module files
[0.377s] Level 1:colcon.colcon_core.shell:create_environment_hook('libuvc', 'cmake_module_path')
[0.377s] INFO:colcon.colcon_core.shell:Creating environment hook '/home/dung/ros2_ws/install/libuvc/share/libuvc/hook/cmake_module_path.ps1'
[0.377s] INFO:colcon.colcon_core.shell:Creating environment descriptor '/home/dung/ros2_ws/install/libuvc/share/libuvc/hook/cmake_module_path.dsv'
[0.378s] INFO:colcon.colcon_core.shell:Creating environment hook '/home/dung/ros2_ws/install/libuvc/share/libuvc/hook/cmake_module_path.sh'
[0.378s] Level 1:colcon.colcon_core.shell:create_environment_hook('libuvc', 'cmake_module_path1')
[0.378s] INFO:colcon.colcon_core.shell:Creating environment hook '/home/dung/ros2_ws/install/libuvc/share/libuvc/hook/cmake_module_path1.ps1'
[0.379s] INFO:colcon.colcon_core.shell:Creating environment descriptor '/home/dung/ros2_ws/install/libuvc/share/libuvc/hook/cmake_module_path1.dsv'
[0.379s] INFO:colcon.colcon_core.shell:Creating environment hook '/home/dung/ros2_ws/install/libuvc/share/libuvc/hook/cmake_module_path1.sh'
[0.379s] Level 1:colcon.colcon_core.environment:checking '/home/dung/ros2_ws/install/libuvc' for CMake config files
[0.379s] Level 1:colcon.colcon_core.shell:create_environment_hook('libuvc', 'cmake_prefix_path')
[0.380s] INFO:colcon.colcon_core.shell:Creating environment hook '/home/dung/ros2_ws/install/libuvc/share/libuvc/hook/cmake_prefix_path.ps1'
[0.380s] INFO:colcon.colcon_core.shell:Creating environment descriptor '/home/dung/ros2_ws/install/libuvc/share/libuvc/hook/cmake_prefix_path.dsv'
[0.380s] INFO:colcon.colcon_core.shell:Creating environment hook '/home/dung/ros2_ws/install/libuvc/share/libuvc/hook/cmake_prefix_path.sh'
[0.381s] Level 1:colcon.colcon_core.environment:checking '/home/dung/ros2_ws/install/libuvc/lib'
[0.381s] Level 1:colcon.colcon_core.shell:create_environment_hook('libuvc', 'ld_library_path_lib')
[0.381s] INFO:colcon.colcon_core.shell:Creating environment hook '/home/dung/ros2_ws/install/libuvc/share/libuvc/hook/ld_library_path_lib.ps1'
[0.381s] INFO:colcon.colcon_core.shell:Creating environment descriptor '/home/dung/ros2_ws/install/libuvc/share/libuvc/hook/ld_library_path_lib.dsv'
[0.381s] INFO:colcon.colcon_core.shell:Creating environment hook '/home/dung/ros2_ws/install/libuvc/share/libuvc/hook/ld_library_path_lib.sh'
[0.382s] Level 1:colcon.colcon_core.environment:checking '/home/dung/ros2_ws/install/libuvc/bin'
[0.382s] Level 1:colcon.colcon_core.environment:checking '/home/dung/ros2_ws/install/libuvc/lib/pkgconfig/libuvc.pc'
[0.382s] Level 1:colcon.colcon_core.shell:create_environment_hook('libuvc', 'pkg_config')
[0.382s] INFO:colcon.colcon_core.shell:Creating environment hook '/home/dung/ros2_ws/install/libuvc/share/libuvc/hook/pkg_config.ps1'
[0.383s] INFO:colcon.colcon_core.shell:Creating environment descriptor '/home/dung/ros2_ws/install/libuvc/share/libuvc/hook/pkg_config.dsv'
[0.383s] INFO:colcon.colcon_core.shell:Creating environment hook '/home/dung/ros2_ws/install/libuvc/share/libuvc/hook/pkg_config.sh'
[0.383s] Level 1:colcon.colcon_core.environment:checking '/home/dung/ros2_ws/install/libuvc/lib/python3.10/site-packages'
[0.383s] Level 1:colcon.colcon_core.environment:checking '/home/dung/ros2_ws/install/libuvc/bin'
[0.384s] INFO:colcon.colcon_core.shell:Creating package script '/home/dung/ros2_ws/install/libuvc/share/libuvc/package.ps1'
[0.384s] INFO:colcon.colcon_core.shell:Creating package descriptor '/home/dung/ros2_ws/install/libuvc/share/libuvc/package.dsv'
[0.385s] INFO:colcon.colcon_core.shell:Creating package script '/home/dung/ros2_ws/install/libuvc/share/libuvc/package.sh'
[0.385s] INFO:colcon.colcon_core.shell:Creating package script '/home/dung/ros2_ws/install/libuvc/share/libuvc/package.bash'
[0.386s] INFO:colcon.colcon_core.shell:Creating package script '/home/dung/ros2_ws/install/libuvc/share/libuvc/package.zsh'
[0.386s] Level 1:colcon.colcon_core.environment:create_file_with_runtime_dependencies(/home/dung/ros2_ws/install/libuvc/share/colcon-core/packages/libuvc)
[0.533s] DEBUG:colcon.colcon_core.event_handler.log_command:Invoked command in '/home/dung/ros2_ws/build/astra_camera_msgs' returned '0': CMAKE_PREFIX_PATH=${CMAKE_PREFIX_PATH}:/opt/ros/humble /usr/bin/cmake --build /home/dung/ros2_ws/build/astra_camera_msgs -- -j32 -l32
[0.534s] DEBUG:colcon.colcon_core.event_handler.log_command:Invoking command in '/home/dung/ros2_ws/build/astra_camera_msgs': CMAKE_PREFIX_PATH=${CMAKE_PREFIX_PATH}:/opt/ros/humble /usr/bin/cmake --install /home/dung/ros2_ws/build/astra_camera_msgs
[0.610s] Level 1:colcon.colcon_core.environment:create_environment_scripts_only(astra_camera_msgs)
[0.610s] Level 1:colcon.colcon_core.environment:checking '/home/dung/ros2_ws/install/astra_camera_msgs' for CMake module files
[0.610s] DEBUG:colcon.colcon_core.event_handler.log_command:Invoked command in '/home/dung/ros2_ws/build/astra_camera_msgs' returned '0': CMAKE_PREFIX_PATH=${CMAKE_PREFIX_PATH}:/opt/ros/humble /usr/bin/cmake --install /home/dung/ros2_ws/build/astra_camera_msgs
[0.611s] Level 1:colcon.colcon_core.environment:checking '/home/dung/ros2_ws/install/astra_camera_msgs' for CMake config files
[0.611s] Level 1:colcon.colcon_core.shell:create_environment_hook('astra_camera_msgs', 'cmake_prefix_path')
[0.611s] INFO:colcon.colcon_core.shell:Creating environment hook '/home/dung/ros2_ws/install/astra_camera_msgs/share/astra_camera_msgs/hook/cmake_prefix_path.ps1'
[0.612s] INFO:colcon.colcon_core.shell:Creating environment descriptor '/home/dung/ros2_ws/install/astra_camera_msgs/share/astra_camera_msgs/hook/cmake_prefix_path.dsv'
[0.612s] INFO:colcon.colcon_core.shell:Creating environment hook '/home/dung/ros2_ws/install/astra_camera_msgs/share/astra_camera_msgs/hook/cmake_prefix_path.sh'
[0.612s] Level 1:colcon.colcon_core.environment:checking '/home/dung/ros2_ws/install/astra_camera_msgs/lib'
[0.612s] Level 1:colcon.colcon_core.shell:create_environment_hook('astra_camera_msgs', 'ld_library_path_lib')
[0.613s] INFO:colcon.colcon_core.shell:Creating environment hook '/home/dung/ros2_ws/install/astra_camera_msgs/share/astra_camera_msgs/hook/ld_library_path_lib.ps1'
[0.613s] INFO:colcon.colcon_core.shell:Creating environment descriptor '/home/dung/ros2_ws/install/astra_camera_msgs/share/astra_camera_msgs/hook/ld_library_path_lib.dsv'
[0.613s] INFO:colcon.colcon_core.shell:Creating environment hook '/home/dung/ros2_ws/install/astra_camera_msgs/share/astra_camera_msgs/hook/ld_library_path_lib.sh'
[0.613s] Level 1:colcon.colcon_core.environment:checking '/home/dung/ros2_ws/install/astra_camera_msgs/bin'
[0.613s] Level 1:colcon.colcon_core.environment:checking '/home/dung/ros2_ws/install/astra_camera_msgs/lib/pkgconfig/astra_camera_msgs.pc'
[0.614s] Level 1:colcon.colcon_core.environment:checking '/home/dung/ros2_ws/install/astra_camera_msgs/lib/python3.10/site-packages'
[0.614s] Level 1:colcon.colcon_core.environment:checking '/home/dung/ros2_ws/install/astra_camera_msgs/bin'
[0.614s] INFO:colcon.colcon_core.shell:Creating package script '/home/dung/ros2_ws/install/astra_camera_msgs/share/astra_camera_msgs/package.ps1'
[0.614s] INFO:colcon.colcon_core.shell:Creating package descriptor '/home/dung/ros2_ws/install/astra_camera_msgs/share/astra_camera_msgs/package.dsv'
[0.615s] INFO:colcon.colcon_core.shell:Creating package script '/home/dung/ros2_ws/install/astra_camera_msgs/share/astra_camera_msgs/package.sh'
[0.615s] INFO:colcon.colcon_core.shell:Creating package script '/home/dung/ros2_ws/install/astra_camera_msgs/share/astra_camera_msgs/package.bash'
[0.615s] INFO:colcon.colcon_core.shell:Creating package script '/home/dung/ros2_ws/install/astra_camera_msgs/share/astra_camera_msgs/package.zsh'
[0.615s] Level 1:colcon.colcon_core.environment:create_file_with_runtime_dependencies(/home/dung/ros2_ws/install/astra_camera_msgs/share/colcon-core/packages/astra_camera_msgs)
[0.616s] Level 1:colcon.colcon_core.environment:create_environment_scripts_only(astra_camera_msgs)
[0.616s] Level 1:colcon.colcon_core.environment:checking '/home/dung/ros2_ws/install/astra_camera_msgs' for CMake module files
[0.617s] Level 1:colcon.colcon_core.environment:checking '/home/dung/ros2_ws/install/astra_camera_msgs' for CMake config files
[0.617s] Level 1:colcon.colcon_core.shell:create_environment_hook('astra_camera_msgs', 'cmake_prefix_path')
[0.617s] INFO:colcon.colcon_core.shell:Creating environment hook '/home/dung/ros2_ws/install/astra_camera_msgs/share/astra_camera_msgs/hook/cmake_prefix_path.ps1'
[0.617s] INFO:colcon.colcon_core.shell:Creating environment descriptor '/home/dung/ros2_ws/install/astra_camera_msgs/share/astra_camera_msgs/hook/cmake_prefix_path.dsv'
[0.617s] INFO:colcon.colcon_core.shell:Creating environment hook '/home/dung/ros2_ws/install/astra_camera_msgs/share/astra_camera_msgs/hook/cmake_prefix_path.sh'
[0.618s] Level 1:colcon.colcon_core.environment:checking '/home/dung/ros2_ws/install/astra_camera_msgs/lib'
[0.618s] Level 1:colcon.colcon_core.shell:create_environment_hook('astra_camera_msgs', 'ld_library_path_lib')
[0.618s] INFO:colcon.colcon_core.shell:Creating environment hook '/home/dung/ros2_ws/install/astra_camera_msgs/share/astra_camera_msgs/hook/ld_library_path_lib.ps1'
[0.618s] INFO:colcon.colcon_core.shell:Creating environment descriptor '/home/dung/ros2_ws/install/astra_camera_msgs/share/astra_camera_msgs/hook/ld_library_path_lib.dsv'
[0.619s] INFO:colcon.colcon_core.shell:Creating environment hook '/home/dung/ros2_ws/install/astra_camera_msgs/share/astra_camera_msgs/hook/ld_library_path_lib.sh'
[0.619s] Level 1:colcon.colcon_core.environment:checking '/home/dung/ros2_ws/install/astra_camera_msgs/bin'
[0.619s] Level 1:colcon.colcon_core.environment:checking '/home/dung/ros2_ws/install/astra_camera_msgs/lib/pkgconfig/astra_camera_msgs.pc'
[0.619s] Level 1:colcon.colcon_core.environment:checking '/home/dung/ros2_ws/install/astra_camera_msgs/lib/python3.10/site-packages'
[0.619s] Level 1:colcon.colcon_core.environment:checking '/home/dung/ros2_ws/install/astra_camera_msgs/bin'
[0.619s] INFO:colcon.colcon_core.shell:Creating package script '/home/dung/ros2_ws/install/astra_camera_msgs/share/astra_camera_msgs/package.ps1'
[0.620s] INFO:colcon.colcon_core.shell:Creating package descriptor '/home/dung/ros2_ws/install/astra_camera_msgs/share/astra_camera_msgs/package.dsv'
[0.620s] INFO:colcon.colcon_core.shell:Creating package script '/home/dung/ros2_ws/install/astra_camera_msgs/share/astra_camera_msgs/package.sh'
[0.620s] INFO:colcon.colcon_core.shell:Creating package script '/home/dung/ros2_ws/install/astra_camera_msgs/share/astra_camera_msgs/package.bash'
[0.621s] INFO:colcon.colcon_core.shell:Creating package script '/home/dung/ros2_ws/install/astra_camera_msgs/share/astra_camera_msgs/package.zsh'
[0.621s] Level 1:colcon.colcon_core.environment:create_file_with_runtime_dependencies(/home/dung/ros2_ws/install/astra_camera_msgs/share/colcon-core/packages/astra_camera_msgs)
[0.621s] INFO:colcon.colcon_ros.task.ament_cmake.build:Building ROS package in '/home/dung/ros2_ws/src/ros2_astra_camera/astra_camera' with build type 'ament_cmake'
[0.621s] INFO:colcon.colcon_cmake.task.cmake.build:Building CMake package in '/home/dung/ros2_ws/src/ros2_astra_camera/astra_camera'
[0.621s] INFO:colcon.colcon_core.shell:Skip shell extension 'powershell' for command environment: Not usable outside of PowerShell
[0.621s] DEBUG:colcon.colcon_core.shell:Skip shell extension 'dsv' for command environment
[0.631s] DEBUG:colcon.colcon_core.event_handler.log_command:Invoking command in '/home/dung/ros2_ws/build/astra_camera': AMENT_PREFIX_PATH=/home/dung/ros2_ws/install/astra_camera_msgs:${AMENT_PREFIX_PATH} CMAKE_PREFIX_PATH=/home/dung/ros2_ws/install/astra_camera_msgs:/home/dung/colcon_ws/install/open_manipulator:/home/dung/colcon_ws/install/open_manipulator_x_teleop:/home/dung/colcon_ws/install/open_manipulator_x_playground:/home/dung/colcon_ws/install/open_manipulator_x_moveit_config:/home/dung/colcon_ws/install/open_manipulator_x_gui:/home/dung/colcon_ws/install/open_manipulator_x_bringup:/home/dung/colcon_ws/install/open_manipulator_x_description:/home/dung/colcon_ws/install/dynamixel_sdk_examples:/home/dung/colcon_ws/install/dynamixel_sdk_custom_interfaces:/home/dung/colcon_ws/install/dynamixel_hardware_interface:/home/dung/colcon_ws/install/dynamixel_sdk:/home/dung/colcon_ws/install/dynamixel_interfaces:/opt/ros/humble LD_LIBRARY_PATH=/home/dung/ros2_ws/install/astra_camera_msgs/lib:/home/dung/colcon_ws/install/open_manipulator_x_gui/lib:/home/dung/colcon_ws/install/dynamixel_sdk_custom_interfaces/lib:/home/dung/colcon_ws/install/dynamixel_hardware_interface/lib:/home/dung/colcon_ws/install/dynamixel_sdk/lib:/home/dung/colcon_ws/install/dynamixel_interfaces/lib:/opt/ros/humble/opt/rviz_ogre_vendor/lib:/opt/ros/humble/lib/x86_64-linux-gnu:/opt/ros/humble/lib:/usr/lib/x86_64-linux-gnu/gazebo-11/plugins:/usr/lib/x86_64-linux-gnu/gazebo-11/plugins:/usr/lib/x86_64-linux-gnu/gazebo-11/plugins:/usr/lib/x86_64-linux-gnu/gazebo-11/plugins:/usr/lib/x86_64-linux-gnu/gazebo-11/plugins:/usr/lib/x86_64-linux-gnu/gazebo-11/plugins:/usr/lib/x86_64-linux-gnu/gazebo-11/plugins:/usr/lib/x86_64-linux-gnu/gazebo-11/plugins:/usr/lib/x86_64-linux-gnu/gazebo-11/plugins:/usr/lib/x86_64-linux-gnu/gazebo-11/plugins PYTHONPATH=/home/dung/ros2_ws/install/astra_camera_msgs/local/lib/python3.10/dist-packages:${PYTHONPATH} /usr/bin/cmake --build /home/dung/ros2_ws/build/astra_camera -- -j32 -l32
[0.754s] DEBUG:colcon.colcon_core.event_handler.log_command:Invoked command in '/home/dung/ros2_ws/build/astra_camera' returned '0': AMENT_PREFIX_PATH=/home/dung/ros2_ws/install/astra_camera_msgs:${AMENT_PREFIX_PATH} CMAKE_PREFIX_PATH=/home/dung/ros2_ws/install/astra_camera_msgs:/home/dung/colcon_ws/install/open_manipulator:/home/dung/colcon_ws/install/open_manipulator_x_teleop:/home/dung/colcon_ws/install/open_manipulator_x_playground:/home/dung/colcon_ws/install/open_manipulator_x_moveit_config:/home/dung/colcon_ws/install/open_manipulator_x_gui:/home/dung/colcon_ws/install/open_manipulator_x_bringup:/home/dung/colcon_ws/install/open_manipulator_x_description:/home/dung/colcon_ws/install/dynamixel_sdk_examples:/home/dung/colcon_ws/install/dynamixel_sdk_custom_interfaces:/home/dung/colcon_ws/install/dynamixel_hardware_interface:/home/dung/colcon_ws/install/dynamixel_sdk:/home/dung/colcon_ws/install/dynamixel_interfaces:/opt/ros/humble LD_LIBRARY_PATH=/home/dung/ros2_ws/install/astra_camera_msgs/lib:/home/dung/colcon_ws/install/open_manipulator_x_gui/lib:/home/dung/colcon_ws/install/dynamixel_sdk_custom_interfaces/lib:/home/dung/colcon_ws/install/dynamixel_hardware_interface/lib:/home/dung/colcon_ws/install/dynamixel_sdk/lib:/home/dung/colcon_ws/install/dynamixel_interfaces/lib:/opt/ros/humble/opt/rviz_ogre_vendor/lib:/opt/ros/humble/lib/x86_64-linux-gnu:/opt/ros/humble/lib:/usr/lib/x86_64-linux-gnu/gazebo-11/plugins:/usr/lib/x86_64-linux-gnu/gazebo-11/plugins:/usr/lib/x86_64-linux-gnu/gazebo-11/plugins:/usr/lib/x86_64-linux-gnu/gazebo-11/plugins:/usr/lib/x86_64-linux-gnu/gazebo-11/plugins:/usr/lib/x86_64-linux-gnu/gazebo-11/plugins:/usr/lib/x86_64-linux-gnu/gazebo-11/plugins:/usr/lib/x86_64-linux-gnu/gazebo-11/plugins:/usr/lib/x86_64-linux-gnu/gazebo-11/plugins:/usr/lib/x86_64-linux-gnu/gazebo-11/plugins PYTHONPATH=/home/dung/ros2_ws/install/astra_camera_msgs/local/lib/python3.10/dist-packages:${PYTHONPATH} /usr/bin/cmake --build /home/dung/ros2_ws/build/astra_camera -- -j32 -l32
[0.755s] DEBUG:colcon.colcon_core.event_handler.log_command:Invoking command in '/home/dung/ros2_ws/build/astra_camera': AMENT_PREFIX_PATH=/home/dung/ros2_ws/install/astra_camera_msgs:${AMENT_PREFIX_PATH} CMAKE_PREFIX_PATH=/home/dung/ros2_ws/install/astra_camera_msgs:/home/dung/colcon_ws/install/open_manipulator:/home/dung/colcon_ws/install/open_manipulator_x_teleop:/home/dung/colcon_ws/install/open_manipulator_x_playground:/home/dung/colcon_ws/install/open_manipulator_x_moveit_config:/home/dung/colcon_ws/install/open_manipulator_x_gui:/home/dung/colcon_ws/install/open_manipulator_x_bringup:/home/dung/colcon_ws/install/open_manipulator_x_description:/home/dung/colcon_ws/install/dynamixel_sdk_examples:/home/dung/colcon_ws/install/dynamixel_sdk_custom_interfaces:/home/dung/colcon_ws/install/dynamixel_hardware_interface:/home/dung/colcon_ws/install/dynamixel_sdk:/home/dung/colcon_ws/install/dynamixel_interfaces:/opt/ros/humble LD_LIBRARY_PATH=/home/dung/ros2_ws/install/astra_camera_msgs/lib:/home/dung/colcon_ws/install/open_manipulator_x_gui/lib:/home/dung/colcon_ws/install/dynamixel_sdk_custom_interfaces/lib:/home/dung/colcon_ws/install/dynamixel_hardware_interface/lib:/home/dung/colcon_ws/install/dynamixel_sdk/lib:/home/dung/colcon_ws/install/dynamixel_interfaces/lib:/opt/ros/humble/opt/rviz_ogre_vendor/lib:/opt/ros/humble/lib/x86_64-linux-gnu:/opt/ros/humble/lib:/usr/lib/x86_64-linux-gnu/gazebo-11/plugins:/usr/lib/x86_64-linux-gnu/gazebo-11/plugins:/usr/lib/x86_64-linux-gnu/gazebo-11/plugins:/usr/lib/x86_64-linux-gnu/gazebo-11/plugins:/usr/lib/x86_64-linux-gnu/gazebo-11/plugins:/usr/lib/x86_64-linux-gnu/gazebo-11/plugins:/usr/lib/x86_64-linux-gnu/gazebo-11/plugins:/usr/lib/x86_64-linux-gnu/gazebo-11/plugins:/usr/lib/x86_64-linux-gnu/gazebo-11/plugins:/usr/lib/x86_64-linux-gnu/gazebo-11/plugins PYTHONPATH=/home/dung/ros2_ws/install/astra_camera_msgs/local/lib/python3.10/dist-packages:${PYTHONPATH} /usr/bin/cmake --install /home/dung/ros2_ws/build/astra_camera
[0.774s] Level 1:colcon.colcon_core.environment:create_environment_scripts_only(astra_camera)
[0.774s] Level 1:colcon.colcon_core.environment:checking '/home/dung/ros2_ws/install/astra_camera' for CMake module files
[0.774s] DEBUG:colcon.colcon_core.event_handler.log_command:Invoked command in '/home/dung/ros2_ws/build/astra_camera' returned '0': AMENT_PREFIX_PATH=/home/dung/ros2_ws/install/astra_camera_msgs:${AMENT_PREFIX_PATH} CMAKE_PREFIX_PATH=/home/dung/ros2_ws/install/astra_camera_msgs:/home/dung/colcon_ws/install/open_manipulator:/home/dung/colcon_ws/install/open_manipulator_x_teleop:/home/dung/colcon_ws/install/open_manipulator_x_playground:/home/dung/colcon_ws/install/open_manipulator_x_moveit_config:/home/dung/colcon_ws/install/open_manipulator_x_gui:/home/dung/colcon_ws/install/open_manipulator_x_bringup:/home/dung/colcon_ws/install/open_manipulator_x_description:/home/dung/colcon_ws/install/dynamixel_sdk_examples:/home/dung/colcon_ws/install/dynamixel_sdk_custom_interfaces:/home/dung/colcon_ws/install/dynamixel_hardware_interface:/home/dung/colcon_ws/install/dynamixel_sdk:/home/dung/colcon_ws/install/dynamixel_interfaces:/opt/ros/humble LD_LIBRARY_PATH=/home/dung/ros2_ws/install/astra_camera_msgs/lib:/home/dung/colcon_ws/install/open_manipulator_x_gui/lib:/home/dung/colcon_ws/install/dynamixel_sdk_custom_interfaces/lib:/home/dung/colcon_ws/install/dynamixel_hardware_interface/lib:/home/dung/colcon_ws/install/dynamixel_sdk/lib:/home/dung/colcon_ws/install/dynamixel_interfaces/lib:/opt/ros/humble/opt/rviz_ogre_vendor/lib:/opt/ros/humble/lib/x86_64-linux-gnu:/opt/ros/humble/lib:/usr/lib/x86_64-linux-gnu/gazebo-11/plugins:/usr/lib/x86_64-linux-gnu/gazebo-11/plugins:/usr/lib/x86_64-linux-gnu/gazebo-11/plugins:/usr/lib/x86_64-linux-gnu/gazebo-11/plugins:/usr/lib/x86_64-linux-gnu/gazebo-11/plugins:/usr/lib/x86_64-linux-gnu/gazebo-11/plugins:/usr/lib/x86_64-linux-gnu/gazebo-11/plugins:/usr/lib/x86_64-linux-gnu/gazebo-11/plugins:/usr/lib/x86_64-linux-gnu/gazebo-11/plugins:/usr/lib/x86_64-linux-gnu/gazebo-11/plugins PYTHONPATH=/home/dung/ros2_ws/install/astra_camera_msgs/local/lib/python3.10/dist-packages:${PYTHONPATH} /usr/bin/cmake --install /home/dung/ros2_ws/build/astra_camera
[0.774s] Level 1:colcon.colcon_core.environment:checking '/home/dung/ros2_ws/install/astra_camera' for CMake config files
[0.775s] Level 1:colcon.colcon_core.shell:create_environment_hook('astra_camera', 'cmake_prefix_path')
[0.775s] INFO:colcon.colcon_core.shell:Creating environment hook '/home/dung/ros2_ws/install/astra_camera/share/astra_camera/hook/cmake_prefix_path.ps1'
[0.775s] INFO:colcon.colcon_core.shell:Creating environment descriptor '/home/dung/ros2_ws/install/astra_camera/share/astra_camera/hook/cmake_prefix_path.dsv'
[0.775s] INFO:colcon.colcon_core.shell:Creating environment hook '/home/dung/ros2_ws/install/astra_camera/share/astra_camera/hook/cmake_prefix_path.sh'
[0.776s] Level 1:colcon.colcon_core.environment:checking '/home/dung/ros2_ws/install/astra_camera/lib'
[0.776s] Level 1:colcon.colcon_core.shell:create_environment_hook('astra_camera', 'ld_library_path_lib')
[0.776s] INFO:colcon.colcon_core.shell:Creating environment hook '/home/dung/ros2_ws/install/astra_camera/share/astra_camera/hook/ld_library_path_lib.ps1'
[0.776s] INFO:colcon.colcon_core.shell:Creating environment descriptor '/home/dung/ros2_ws/install/astra_camera/share/astra_camera/hook/ld_library_path_lib.dsv'
[0.776s] INFO:colcon.colcon_core.shell:Creating environment hook '/home/dung/ros2_ws/install/astra_camera/share/astra_camera/hook/ld_library_path_lib.sh'
[0.776s] Level 1:colcon.colcon_core.environment:checking '/home/dung/ros2_ws/install/astra_camera/bin'
[0.776s] Level 1:colcon.colcon_core.environment:checking '/home/dung/ros2_ws/install/astra_camera/lib/pkgconfig/astra_camera.pc'
[0.776s] Level 1:colcon.colcon_core.environment:checking '/home/dung/ros2_ws/install/astra_camera/lib/python3.10/site-packages'
[0.777s] Level 1:colcon.colcon_core.environment:checking '/home/dung/ros2_ws/install/astra_camera/bin'
[0.777s] INFO:colcon.colcon_core.shell:Creating package script '/home/dung/ros2_ws/install/astra_camera/share/astra_camera/package.ps1'
[0.777s] INFO:colcon.colcon_core.shell:Creating package descriptor '/home/dung/ros2_ws/install/astra_camera/share/astra_camera/package.dsv'
[0.777s] INFO:colcon.colcon_core.shell:Creating package script '/home/dung/ros2_ws/install/astra_camera/share/astra_camera/package.sh'
[0.777s] INFO:colcon.colcon_core.shell:Creating package script '/home/dung/ros2_ws/install/astra_camera/share/astra_camera/package.bash'
[0.778s] INFO:colcon.colcon_core.shell:Creating package script '/home/dung/ros2_ws/install/astra_camera/share/astra_camera/package.zsh'
[0.778s] Level 1:colcon.colcon_core.environment:create_file_with_runtime_dependencies(/home/dung/ros2_ws/install/astra_camera/share/colcon-core/packages/astra_camera)
[0.778s] Level 1:colcon.colcon_core.environment:create_environment_scripts_only(astra_camera)
[0.778s] Level 1:colcon.colcon_core.environment:checking '/home/dung/ros2_ws/install/astra_camera' for CMake module files
[0.778s] Level 1:colcon.colcon_core.environment:checking '/home/dung/ros2_ws/install/astra_camera' for CMake config files
[0.779s] Level 1:colcon.colcon_core.shell:create_environment_hook('astra_camera', 'cmake_prefix_path')
[0.779s] INFO:colcon.colcon_core.shell:Creating environment hook '/home/dung/ros2_ws/install/astra_camera/share/astra_camera/hook/cmake_prefix_path.ps1'
[0.779s] INFO:colcon.colcon_core.shell:Creating environment descriptor '/home/dung/ros2_ws/install/astra_camera/share/astra_camera/hook/cmake_prefix_path.dsv'
[0.779s] INFO:colcon.colcon_core.shell:Creating environment hook '/home/dung/ros2_ws/install/astra_camera/share/astra_camera/hook/cmake_prefix_path.sh'
[0.779s] Level 1:colcon.colcon_core.environment:checking '/home/dung/ros2_ws/install/astra_camera/lib'
[0.779s] Level 1:colcon.colcon_core.shell:create_environment_hook('astra_camera', 'ld_library_path_lib')
[0.779s] INFO:colcon.colcon_core.shell:Creating environment hook '/home/dung/ros2_ws/install/astra_camera/share/astra_camera/hook/ld_library_path_lib.ps1'
[0.780s] INFO:colcon.colcon_core.shell:Creating environment descriptor '/home/dung/ros2_ws/install/astra_camera/share/astra_camera/hook/ld_library_path_lib.dsv'
[0.780s] INFO:colcon.colcon_core.shell:Creating environment hook '/home/dung/ros2_ws/install/astra_camera/share/astra_camera/hook/ld_library_path_lib.sh'
[0.780s] Level 1:colcon.colcon_core.environment:checking '/home/dung/ros2_ws/install/astra_camera/bin'
[0.780s] Level 1:colcon.colcon_core.environment:checking '/home/dung/ros2_ws/install/astra_camera/lib/pkgconfig/astra_camera.pc'
[0.780s] Level 1:colcon.colcon_core.environment:checking '/home/dung/ros2_ws/install/astra_camera/lib/python3.10/site-packages'
[0.780s] Level 1:colcon.colcon_core.environment:checking '/home/dung/ros2_ws/install/astra_camera/bin'
[0.780s] INFO:colcon.colcon_core.shell:Creating package script '/home/dung/ros2_ws/install/astra_camera/share/astra_camera/package.ps1'
[0.781s] INFO:colcon.colcon_core.shell:Creating package descriptor '/home/dung/ros2_ws/install/astra_camera/share/astra_camera/package.dsv'
[0.781s] INFO:colcon.colcon_core.shell:Creating package script '/home/dung/ros2_ws/install/astra_camera/share/astra_camera/package.sh'
[0.781s] INFO:colcon.colcon_core.shell:Creating package script '/home/dung/ros2_ws/install/astra_camera/share/astra_camera/package.bash'
[0.781s] INFO:colcon.colcon_core.shell:Creating package script '/home/dung/ros2_ws/install/astra_camera/share/astra_camera/package.zsh'
[0.781s] Level 1:colcon.colcon_core.environment:create_file_with_runtime_dependencies(/home/dung/ros2_ws/install/astra_camera/share/colcon-core/packages/astra_camera)
[0.782s] DEBUG:colcon.colcon_parallel_executor.executor.parallel:closing loop
[0.782s] DEBUG:colcon.colcon_parallel_executor.executor.parallel:loop closed
[0.782s] DEBUG:colcon.colcon_parallel_executor.executor.parallel:run_until_complete finished with '0'
[0.782s] DEBUG:colcon.colcon_core.event_reactor:joining thread
[0.785s] INFO:colcon.colcon_core.plugin_system:Skipping extension 'colcon_notification.desktop_notification.terminal_notifier': Not used on non-Darwin systems
[0.785s] INFO:colcon.colcon_core.plugin_system:Skipping extension 'colcon_notification.desktop_notification.win32': Not used on non-Windows systems
[0.785s] INFO:colcon.colcon_notification.desktop_notification:Sending desktop notification using 'notify2'
[0.791s] DEBUG:colcon.colcon_core.event_reactor:joined thread
[0.791s] INFO:colcon.colcon_core.shell:Creating prefix script '/home/dung/ros2_ws/install/local_setup.ps1'
[0.792s] INFO:colcon.colcon_core.shell:Creating prefix util module '/home/dung/ros2_ws/install/_local_setup_util_ps1.py'
[0.792s] INFO:colcon.colcon_core.shell:Creating prefix chain script '/home/dung/ros2_ws/install/setup.ps1'
[0.793s] INFO:colcon.colcon_core.shell:Creating prefix script '/home/dung/ros2_ws/install/local_setup.sh'
[0.793s] INFO:colcon.colcon_core.shell:Creating prefix util module '/home/dung/ros2_ws/install/_local_setup_util_sh.py'
[0.794s] INFO:colcon.colcon_core.shell:Creating prefix chain script '/home/dung/ros2_ws/install/setup.sh'
[0.794s] INFO:colcon.colcon_core.shell:Creating prefix script '/home/dung/ros2_ws/install/local_setup.bash'
[0.795s] INFO:colcon.colcon_core.shell:Creating prefix chain script '/home/dung/ros2_ws/install/setup.bash'
[0.795s] INFO:colcon.colcon_core.shell:Creating prefix script '/home/dung/ros2_ws/install/local_setup.zsh'
[0.795s] INFO:colcon.colcon_core.shell:Creating prefix chain script '/home/dung/ros2_ws/install/setup.zsh'
