[0.067s] DEBUG:colcon:Command line arguments: ['/usr/bin/colcon', 'build', '--event-handlers', 'console_direct+', '--cmake-args', '-DCMAKE_BUILD_TYPE=Release']
[0.067s] DEBUG:colcon:Parsed command line arguments: Namespace(log_base=None, log_level=None, verb_name='build', build_base='build', install_base='install', merge_install=False, symlink_install=False, test_result_base=None, continue_on_error=False, executor='parallel', parallel_workers=32, event_handlers=['console_direct+'], ignore_user_meta=False, metas=['./colcon.meta'], base_paths=['.'], packages_ignore=None, packages_ignore_regex=None, paths=None, packages_up_to=None, packages_up_to_regex=None, packages_above=None, packages_above_and_dependencies=None, packages_above_depth=None, packages_select_by_dep=None, packages_skip_by_dep=None, packages_skip_up_to=None, packages_select_build_failed=False, packages_skip_build_finished=False, packages_select_test_failures=False, packages_skip_test_passed=False, packages_select=None, packages_skip=None, packages_select_regex=None, packages_skip_regex=None, packages_start=None, packages_end=None, allow_overriding=[], cmake_args=['-DCMAKE_BUILD_TYPE=Release'], cmake_target=None, cmake_target_skip_unavailable=False, cmake_clean_cache=False, cmake_clean_first=False, cmake_force_configure=False, ament_cmake_args=None, catkin_cmake_args=None, catkin_skip_building_tests=False, verb_parser=<colcon_defaults.argument_parser.defaults.DefaultArgumentsDecorator object at 0x7f2dfccf7250>, verb_extension=<colcon_core.verb.build.BuildVerb object at 0x7f2dfccf6c80>, main=<bound method BuildVerb.main of <colcon_core.verb.build.BuildVerb object at 0x7f2dfccf6c80>>)
[0.164s] Level 1:colcon.colcon_core.package_discovery:discover_packages(colcon_meta) check parameters
[0.164s] Level 1:colcon.colcon_core.package_discovery:discover_packages(recursive) check parameters
[0.164s] Level 1:colcon.colcon_core.package_discovery:discover_packages(ignore) check parameters
[0.164s] Level 1:colcon.colcon_core.package_discovery:discover_packages(path) check parameters
[0.164s] Level 1:colcon.colcon_core.package_discovery:discover_packages(colcon_meta) discover
[0.164s] Level 1:colcon.colcon_core.package_discovery:discover_packages(recursive) discover
[0.165s] INFO:colcon.colcon_core.package_discovery:Crawling recursively for packages in '/home/dung/ros2_ws'
[0.165s] Level 1:colcon.colcon_core.package_identification:_identify(.) by extensions ['ignore', 'ignore_ament_install']
[0.165s] Level 1:colcon.colcon_core.package_identification:_identify(.) by extension 'ignore'
[0.165s] Level 1:colcon.colcon_core.package_identification:_identify(.) by extension 'ignore_ament_install'
[0.165s] Level 1:colcon.colcon_core.package_identification:_identify(.) by extensions ['colcon_pkg']
[0.165s] Level 1:colcon.colcon_core.package_identification:_identify(.) by extension 'colcon_pkg'
[0.165s] Level 1:colcon.colcon_core.package_identification:_identify(.) by extensions ['colcon_meta']
[0.165s] Level 1:colcon.colcon_core.package_identification:_identify(.) by extension 'colcon_meta'
[0.165s] Level 1:colcon.colcon_core.package_identification:_identify(.) by extensions ['ros']
[0.165s] Level 1:colcon.colcon_core.package_identification:_identify(.) by extension 'ros'
[0.172s] Level 1:colcon.colcon_core.package_identification:_identify(.) by extensions ['cmake', 'python']
[0.172s] Level 1:colcon.colcon_core.package_identification:_identify(.) by extension 'cmake'
[0.172s] Level 1:colcon.colcon_core.package_identification:_identify(.) by extension 'python'
[0.172s] Level 1:colcon.colcon_core.package_identification:_identify(.) by extensions ['python_setup_py']
[0.172s] Level 1:colcon.colcon_core.package_identification:_identify(.) by extension 'python_setup_py'
[0.173s] Level 1:colcon.colcon_core.package_identification:_identify(build) by extensions ['ignore', 'ignore_ament_install']
[0.173s] Level 1:colcon.colcon_core.package_identification:_identify(build) by extension 'ignore'
[0.173s] Level 1:colcon.colcon_core.package_identification:_identify(build) ignored
[0.173s] Level 1:colcon.colcon_core.package_identification:_identify(install) by extensions ['ignore', 'ignore_ament_install']
[0.173s] Level 1:colcon.colcon_core.package_identification:_identify(install) by extension 'ignore'
[0.173s] Level 1:colcon.colcon_core.package_identification:_identify(install) ignored
[0.173s] Level 1:colcon.colcon_core.package_identification:_identify(libuvc) by extensions ['ignore', 'ignore_ament_install']
[0.173s] Level 1:colcon.colcon_core.package_identification:_identify(libuvc) by extension 'ignore'
[0.173s] Level 1:colcon.colcon_core.package_identification:_identify(libuvc) by extension 'ignore_ament_install'
[0.173s] Level 1:colcon.colcon_core.package_identification:_identify(libuvc) by extensions ['colcon_pkg']
[0.173s] Level 1:colcon.colcon_core.package_identification:_identify(libuvc) by extension 'colcon_pkg'
[0.173s] Level 1:colcon.colcon_core.package_identification:_identify(libuvc) by extensions ['colcon_meta']
[0.173s] Level 1:colcon.colcon_core.package_identification:_identify(libuvc) by extension 'colcon_meta'
[0.173s] Level 1:colcon.colcon_core.package_identification:_identify(libuvc) by extensions ['ros']
[0.173s] Level 1:colcon.colcon_core.package_identification:_identify(libuvc) by extension 'ros'
[0.173s] Level 1:colcon.colcon_core.package_identification:_identify(libuvc) by extensions ['cmake', 'python']
[0.173s] Level 1:colcon.colcon_core.package_identification:_identify(libuvc) by extension 'cmake'
[0.177s] Level 1:colcon.colcon_core.package_identification:_identify(libuvc) by extension 'python'
[0.177s] DEBUG:colcon.colcon_core.package_identification:Package 'libuvc' with type 'cmake' and name 'libuvc'
[0.177s] Level 1:colcon.colcon_core.package_identification:_identify(log) by extensions ['ignore', 'ignore_ament_install']
[0.177s] Level 1:colcon.colcon_core.package_identification:_identify(log) by extension 'ignore'
[0.177s] Level 1:colcon.colcon_core.package_identification:_identify(log) ignored
[0.177s] Level 1:colcon.colcon_core.package_identification:_identify(src) by extensions ['ignore', 'ignore_ament_install']
[0.178s] Level 1:colcon.colcon_core.package_identification:_identify(src) by extension 'ignore'
[0.178s] Level 1:colcon.colcon_core.package_identification:_identify(src) by extension 'ignore_ament_install'
[0.178s] Level 1:colcon.colcon_core.package_identification:_identify(src) by extensions ['colcon_pkg']
[0.178s] Level 1:colcon.colcon_core.package_identification:_identify(src) by extension 'colcon_pkg'
[0.178s] Level 1:colcon.colcon_core.package_identification:_identify(src) by extensions ['colcon_meta']
[0.178s] Level 1:colcon.colcon_core.package_identification:_identify(src) by extension 'colcon_meta'
[0.178s] Level 1:colcon.colcon_core.package_identification:_identify(src) by extensions ['ros']
[0.178s] Level 1:colcon.colcon_core.package_identification:_identify(src) by extension 'ros'
[0.178s] Level 1:colcon.colcon_core.package_identification:_identify(src) by extensions ['cmake', 'python']
[0.178s] Level 1:colcon.colcon_core.package_identification:_identify(src) by extension 'cmake'
[0.178s] Level 1:colcon.colcon_core.package_identification:_identify(src) by extension 'python'
[0.178s] Level 1:colcon.colcon_core.package_identification:_identify(src) by extensions ['python_setup_py']
[0.178s] Level 1:colcon.colcon_core.package_identification:_identify(src) by extension 'python_setup_py'
[0.178s] Level 1:colcon.colcon_core.package_identification:_identify(src/ros2_astra_camera) by extensions ['ignore', 'ignore_ament_install']
[0.178s] Level 1:colcon.colcon_core.package_identification:_identify(src/ros2_astra_camera) by extension 'ignore'
[0.178s] Level 1:colcon.colcon_core.package_identification:_identify(src/ros2_astra_camera) by extension 'ignore_ament_install'
[0.178s] Level 1:colcon.colcon_core.package_identification:_identify(src/ros2_astra_camera) by extensions ['colcon_pkg']
[0.178s] Level 1:colcon.colcon_core.package_identification:_identify(src/ros2_astra_camera) by extension 'colcon_pkg'
[0.178s] Level 1:colcon.colcon_core.package_identification:_identify(src/ros2_astra_camera) by extensions ['colcon_meta']
[0.178s] Level 1:colcon.colcon_core.package_identification:_identify(src/ros2_astra_camera) by extension 'colcon_meta'
[0.178s] Level 1:colcon.colcon_core.package_identification:_identify(src/ros2_astra_camera) by extensions ['ros']
[0.178s] Level 1:colcon.colcon_core.package_identification:_identify(src/ros2_astra_camera) by extension 'ros'
[0.178s] Level 1:colcon.colcon_core.package_identification:_identify(src/ros2_astra_camera) by extensions ['cmake', 'python']
[0.178s] Level 1:colcon.colcon_core.package_identification:_identify(src/ros2_astra_camera) by extension 'cmake'
[0.178s] Level 1:colcon.colcon_core.package_identification:_identify(src/ros2_astra_camera) by extension 'python'
[0.178s] Level 1:colcon.colcon_core.package_identification:_identify(src/ros2_astra_camera) by extensions ['python_setup_py']
[0.178s] Level 1:colcon.colcon_core.package_identification:_identify(src/ros2_astra_camera) by extension 'python_setup_py'
[0.178s] Level 1:colcon.colcon_core.package_identification:_identify(src/ros2_astra_camera/astra_camera) by extensions ['ignore', 'ignore_ament_install']
[0.178s] Level 1:colcon.colcon_core.package_identification:_identify(src/ros2_astra_camera/astra_camera) by extension 'ignore'
[0.178s] Level 1:colcon.colcon_core.package_identification:_identify(src/ros2_astra_camera/astra_camera) by extension 'ignore_ament_install'
[0.178s] Level 1:colcon.colcon_core.package_identification:_identify(src/ros2_astra_camera/astra_camera) by extensions ['colcon_pkg']
[0.178s] Level 1:colcon.colcon_core.package_identification:_identify(src/ros2_astra_camera/astra_camera) by extension 'colcon_pkg'
[0.178s] Level 1:colcon.colcon_core.package_identification:_identify(src/ros2_astra_camera/astra_camera) by extensions ['colcon_meta']
[0.178s] Level 1:colcon.colcon_core.package_identification:_identify(src/ros2_astra_camera/astra_camera) by extension 'colcon_meta'
[0.178s] Level 1:colcon.colcon_core.package_identification:_identify(src/ros2_astra_camera/astra_camera) by extensions ['ros']
[0.178s] Level 1:colcon.colcon_core.package_identification:_identify(src/ros2_astra_camera/astra_camera) by extension 'ros'
[0.181s] DEBUG:colcon.colcon_core.package_identification:Package 'src/ros2_astra_camera/astra_camera' with type 'ros.ament_cmake' and name 'astra_camera'
[0.181s] Level 1:colcon.colcon_core.package_identification:_identify(src/ros2_astra_camera/astra_camera_msgs) by extensions ['ignore', 'ignore_ament_install']
[0.181s] Level 1:colcon.colcon_core.package_identification:_identify(src/ros2_astra_camera/astra_camera_msgs) by extension 'ignore'
[0.181s] Level 1:colcon.colcon_core.package_identification:_identify(src/ros2_astra_camera/astra_camera_msgs) by extension 'ignore_ament_install'
[0.181s] Level 1:colcon.colcon_core.package_identification:_identify(src/ros2_astra_camera/astra_camera_msgs) by extensions ['colcon_pkg']
[0.181s] Level 1:colcon.colcon_core.package_identification:_identify(src/ros2_astra_camera/astra_camera_msgs) by extension 'colcon_pkg'
[0.181s] Level 1:colcon.colcon_core.package_identification:_identify(src/ros2_astra_camera/astra_camera_msgs) by extensions ['colcon_meta']
[0.181s] Level 1:colcon.colcon_core.package_identification:_identify(src/ros2_astra_camera/astra_camera_msgs) by extension 'colcon_meta'
[0.181s] Level 1:colcon.colcon_core.package_identification:_identify(src/ros2_astra_camera/astra_camera_msgs) by extensions ['ros']
[0.181s] Level 1:colcon.colcon_core.package_identification:_identify(src/ros2_astra_camera/astra_camera_msgs) by extension 'ros'
[0.182s] DEBUG:colcon.colcon_core.package_identification:Package 'src/ros2_astra_camera/astra_camera_msgs' with type 'ros.ament_cmake' and name 'astra_camera_msgs'
[0.182s] Level 1:colcon.colcon_core.package_discovery:discover_packages(recursive) using defaults
[0.182s] Level 1:colcon.colcon_core.package_discovery:discover_packages(ignore) discover
[0.182s] Level 1:colcon.colcon_core.package_discovery:discover_packages(ignore) using defaults
[0.182s] Level 1:colcon.colcon_core.package_discovery:discover_packages(path) discover
[0.182s] Level 1:colcon.colcon_core.package_discovery:discover_packages(path) using defaults
[0.195s] Level 1:colcon.colcon_core.package_discovery:discover_packages(prefix_path) check parameters
[0.195s] Level 1:colcon.colcon_core.package_discovery:discover_packages(prefix_path) discover
[0.196s] DEBUG:colcon.colcon_installed_package_information.package_discovery:Found 275 installed packages in /opt/ros/humble
[0.198s] Level 1:colcon.colcon_core.package_discovery:discover_packages(prefix_path) using defaults
[0.226s] Level 5:colcon.colcon_core.verb:set package 'astra_camera_msgs' build argument 'cmake_args' from command line to '['-DCMAKE_BUILD_TYPE=Release']'
[0.226s] Level 5:colcon.colcon_core.verb:set package 'astra_camera_msgs' build argument 'cmake_target' from command line to 'None'
[0.226s] Level 5:colcon.colcon_core.verb:set package 'astra_camera_msgs' build argument 'cmake_target_skip_unavailable' from command line to 'False'
[0.226s] Level 5:colcon.colcon_core.verb:set package 'astra_camera_msgs' build argument 'cmake_clean_cache' from command line to 'False'
[0.226s] Level 5:colcon.colcon_core.verb:set package 'astra_camera_msgs' build argument 'cmake_clean_first' from command line to 'False'
[0.226s] Level 5:colcon.colcon_core.verb:set package 'astra_camera_msgs' build argument 'cmake_force_configure' from command line to 'False'
[0.226s] Level 5:colcon.colcon_core.verb:set package 'astra_camera_msgs' build argument 'ament_cmake_args' from command line to 'None'
[0.226s] Level 5:colcon.colcon_core.verb:set package 'astra_camera_msgs' build argument 'catkin_cmake_args' from command line to 'None'
[0.226s] Level 5:colcon.colcon_core.verb:set package 'astra_camera_msgs' build argument 'catkin_skip_building_tests' from command line to 'False'
[0.226s] DEBUG:colcon.colcon_core.verb:Building package 'astra_camera_msgs' with the following arguments: {'ament_cmake_args': None, 'build_base': '/home/dung/ros2_ws/build/astra_camera_msgs', 'catkin_cmake_args': None, 'catkin_skip_building_tests': False, 'cmake_args': ['-DCMAKE_BUILD_TYPE=Release'], 'cmake_clean_cache': False, 'cmake_clean_first': False, 'cmake_force_configure': False, 'cmake_target': None, 'cmake_target_skip_unavailable': False, 'install_base': '/home/dung/ros2_ws/install/astra_camera_msgs', 'merge_install': False, 'path': '/home/dung/ros2_ws/src/ros2_astra_camera/astra_camera_msgs', 'symlink_install': False, 'test_result_base': None}
[0.227s] Level 5:colcon.colcon_core.verb:set package 'libuvc' build argument 'cmake_args' from command line to '['-DCMAKE_BUILD_TYPE=Release']'
[0.227s] Level 5:colcon.colcon_core.verb:set package 'libuvc' build argument 'cmake_target' from command line to 'None'
[0.227s] Level 5:colcon.colcon_core.verb:set package 'libuvc' build argument 'cmake_target_skip_unavailable' from command line to 'False'
[0.227s] Level 5:colcon.colcon_core.verb:set package 'libuvc' build argument 'cmake_clean_cache' from command line to 'False'
[0.227s] Level 5:colcon.colcon_core.verb:set package 'libuvc' build argument 'cmake_clean_first' from command line to 'False'
[0.227s] Level 5:colcon.colcon_core.verb:set package 'libuvc' build argument 'cmake_force_configure' from command line to 'False'
[0.227s] Level 5:colcon.colcon_core.verb:set package 'libuvc' build argument 'ament_cmake_args' from command line to 'None'
[0.227s] Level 5:colcon.colcon_core.verb:set package 'libuvc' build argument 'catkin_cmake_args' from command line to 'None'
[0.227s] Level 5:colcon.colcon_core.verb:set package 'libuvc' build argument 'catkin_skip_building_tests' from command line to 'False'
[0.227s] DEBUG:colcon.colcon_core.verb:Building package 'libuvc' with the following arguments: {'ament_cmake_args': None, 'build_base': '/home/dung/ros2_ws/build/libuvc', 'catkin_cmake_args': None, 'catkin_skip_building_tests': False, 'cmake_args': ['-DCMAKE_BUILD_TYPE=Release'], 'cmake_clean_cache': False, 'cmake_clean_first': False, 'cmake_force_configure': False, 'cmake_target': None, 'cmake_target_skip_unavailable': False, 'install_base': '/home/dung/ros2_ws/install/libuvc', 'merge_install': False, 'path': '/home/dung/ros2_ws/libuvc', 'symlink_install': False, 'test_result_base': None}
[0.227s] Level 5:colcon.colcon_core.verb:set package 'astra_camera' build argument 'cmake_args' from command line to '['-DCMAKE_BUILD_TYPE=Release']'
[0.227s] Level 5:colcon.colcon_core.verb:set package 'astra_camera' build argument 'cmake_target' from command line to 'None'
[0.227s] Level 5:colcon.colcon_core.verb:set package 'astra_camera' build argument 'cmake_target_skip_unavailable' from command line to 'False'
[0.227s] Level 5:colcon.colcon_core.verb:set package 'astra_camera' build argument 'cmake_clean_cache' from command line to 'False'
[0.227s] Level 5:colcon.colcon_core.verb:set package 'astra_camera' build argument 'cmake_clean_first' from command line to 'False'
[0.227s] Level 5:colcon.colcon_core.verb:set package 'astra_camera' build argument 'cmake_force_configure' from command line to 'False'
[0.227s] Level 5:colcon.colcon_core.verb:set package 'astra_camera' build argument 'ament_cmake_args' from command line to 'None'
[0.227s] Level 5:colcon.colcon_core.verb:set package 'astra_camera' build argument 'catkin_cmake_args' from command line to 'None'
[0.227s] Level 5:colcon.colcon_core.verb:set package 'astra_camera' build argument 'catkin_skip_building_tests' from command line to 'False'
[0.227s] DEBUG:colcon.colcon_core.verb:Building package 'astra_camera' with the following arguments: {'ament_cmake_args': None, 'build_base': '/home/dung/ros2_ws/build/astra_camera', 'catkin_cmake_args': None, 'catkin_skip_building_tests': False, 'cmake_args': ['-DCMAKE_BUILD_TYPE=Release'], 'cmake_clean_cache': False, 'cmake_clean_first': False, 'cmake_force_configure': False, 'cmake_target': None, 'cmake_target_skip_unavailable': False, 'install_base': '/home/dung/ros2_ws/install/astra_camera', 'merge_install': False, 'path': '/home/dung/ros2_ws/src/ros2_astra_camera/astra_camera', 'symlink_install': False, 'test_result_base': None}
[0.227s] INFO:colcon.colcon_core.executor:Executing jobs using 'parallel' executor
[0.228s] DEBUG:colcon.colcon_parallel_executor.executor.parallel:run_until_complete
[0.228s] INFO:colcon.colcon_ros.task.ament_cmake.build:Building ROS package in '/home/dung/ros2_ws/src/ros2_astra_camera/astra_camera_msgs' with build type 'ament_cmake'
[0.228s] INFO:colcon.colcon_cmake.task.cmake.build:Building CMake package in '/home/dung/ros2_ws/src/ros2_astra_camera/astra_camera_msgs'
[0.230s] INFO:colcon.colcon_core.plugin_system:Skipping extension 'colcon_core.shell.bat': Not used on non-Windows systems
[0.230s] INFO:colcon.colcon_core.shell:Skip shell extension 'powershell' for command environment: Not usable outside of PowerShell
[0.230s] DEBUG:colcon.colcon_core.shell:Skip shell extension 'dsv' for command environment
[0.232s] INFO:colcon.colcon_cmake.task.cmake.build:Building CMake package in '/home/dung/ros2_ws/libuvc'
[0.232s] INFO:colcon.colcon_core.shell:Skip shell extension 'powershell' for command environment: Not usable outside of PowerShell
[0.232s] DEBUG:colcon.colcon_core.shell:Skip shell extension 'dsv' for command environment
[0.241s] DEBUG:colcon.colcon_core.event_handler.log_command:Invoking command in '/home/dung/ros2_ws/build/astra_camera_msgs': CMAKE_PREFIX_PATH=/opt/ros/humble /usr/bin/cmake /home/dung/ros2_ws/src/ros2_astra_camera/astra_camera_msgs -DCMAKE_BUILD_TYPE=Release -DCMAKE_INSTALL_PREFIX=/home/dung/ros2_ws/install/astra_camera_msgs
[0.243s] DEBUG:colcon.colcon_core.event_handler.log_command:Invoking command in '/home/dung/ros2_ws/build/libuvc': /usr/bin/cmake /home/dung/ros2_ws/libuvc -DCMAKE_BUILD_TYPE=Release -DCMAKE_INSTALL_PREFIX=/home/dung/ros2_ws/install/libuvc
[0.552s] DEBUG:colcon.colcon_core.event_handler.log_command:Invoked command in '/home/dung/ros2_ws/build/libuvc' returned '0': /usr/bin/cmake /home/dung/ros2_ws/libuvc -DCMAKE_BUILD_TYPE=Release -DCMAKE_INSTALL_PREFIX=/home/dung/ros2_ws/install/libuvc
[0.554s] DEBUG:colcon.colcon_core.event_handler.log_command:Invoking command in '/home/dung/ros2_ws/build/libuvc': /usr/bin/cmake --build /home/dung/ros2_ws/build/libuvc -- -j32 -l32
[0.902s] DEBUG:colcon.colcon_core.event_handler.log_command:Invoked command in '/home/dung/ros2_ws/build/libuvc' returned '0': /usr/bin/cmake --build /home/dung/ros2_ws/build/libuvc -- -j32 -l32
[0.909s] DEBUG:colcon.colcon_core.event_handler.log_command:Invoking command in '/home/dung/ros2_ws/build/libuvc': /usr/bin/cmake --install /home/dung/ros2_ws/build/libuvc
[0.916s] Level 1:colcon.colcon_core.environment:create_environment_scripts_only(libuvc)
[0.916s] DEBUG:colcon.colcon_core.event_handler.log_command:Invoked command in '/home/dung/ros2_ws/build/libuvc' returned '0': /usr/bin/cmake --install /home/dung/ros2_ws/build/libuvc
[0.917s] Level 1:colcon.colcon_core.environment:checking '/home/dung/ros2_ws/install/libuvc' for CMake module files
[0.917s] Level 1:colcon.colcon_core.shell:create_environment_hook('libuvc', 'cmake_module_path')
[0.917s] INFO:colcon.colcon_core.shell:Creating environment hook '/home/dung/ros2_ws/install/libuvc/share/libuvc/hook/cmake_module_path.ps1'
[0.917s] INFO:colcon.colcon_core.shell:Creating environment descriptor '/home/dung/ros2_ws/install/libuvc/share/libuvc/hook/cmake_module_path.dsv'
[0.918s] INFO:colcon.colcon_core.shell:Creating environment hook '/home/dung/ros2_ws/install/libuvc/share/libuvc/hook/cmake_module_path.sh'
[0.918s] Level 1:colcon.colcon_core.shell:create_environment_hook('libuvc', 'cmake_module_path1')
[0.918s] INFO:colcon.colcon_core.shell:Creating environment hook '/home/dung/ros2_ws/install/libuvc/share/libuvc/hook/cmake_module_path1.ps1'
[0.918s] INFO:colcon.colcon_core.shell:Creating environment descriptor '/home/dung/ros2_ws/install/libuvc/share/libuvc/hook/cmake_module_path1.dsv'
[0.918s] INFO:colcon.colcon_core.shell:Creating environment hook '/home/dung/ros2_ws/install/libuvc/share/libuvc/hook/cmake_module_path1.sh'
[0.919s] Level 1:colcon.colcon_core.environment:checking '/home/dung/ros2_ws/install/libuvc' for CMake config files
[0.919s] Level 1:colcon.colcon_core.shell:create_environment_hook('libuvc', 'cmake_prefix_path')
[0.919s] INFO:colcon.colcon_core.shell:Creating environment hook '/home/dung/ros2_ws/install/libuvc/share/libuvc/hook/cmake_prefix_path.ps1'
[0.919s] INFO:colcon.colcon_core.shell:Creating environment descriptor '/home/dung/ros2_ws/install/libuvc/share/libuvc/hook/cmake_prefix_path.dsv'
[0.919s] INFO:colcon.colcon_core.shell:Creating environment hook '/home/dung/ros2_ws/install/libuvc/share/libuvc/hook/cmake_prefix_path.sh'
[0.919s] Level 1:colcon.colcon_core.environment:checking '/home/dung/ros2_ws/install/libuvc/lib'
[0.920s] Level 1:colcon.colcon_core.shell:create_environment_hook('libuvc', 'ld_library_path_lib')
[0.920s] INFO:colcon.colcon_core.shell:Creating environment hook '/home/dung/ros2_ws/install/libuvc/share/libuvc/hook/ld_library_path_lib.ps1'
[0.920s] INFO:colcon.colcon_core.shell:Creating environment descriptor '/home/dung/ros2_ws/install/libuvc/share/libuvc/hook/ld_library_path_lib.dsv'
[0.920s] INFO:colcon.colcon_core.shell:Creating environment hook '/home/dung/ros2_ws/install/libuvc/share/libuvc/hook/ld_library_path_lib.sh'
[0.920s] Level 1:colcon.colcon_core.environment:checking '/home/dung/ros2_ws/install/libuvc/bin'
[0.920s] Level 1:colcon.colcon_core.environment:checking '/home/dung/ros2_ws/install/libuvc/lib/pkgconfig/libuvc.pc'
[0.920s] Level 1:colcon.colcon_core.shell:create_environment_hook('libuvc', 'pkg_config')
[0.920s] INFO:colcon.colcon_core.shell:Creating environment hook '/home/dung/ros2_ws/install/libuvc/share/libuvc/hook/pkg_config.ps1'
[0.920s] INFO:colcon.colcon_core.shell:Creating environment descriptor '/home/dung/ros2_ws/install/libuvc/share/libuvc/hook/pkg_config.dsv'
[0.921s] INFO:colcon.colcon_core.shell:Creating environment hook '/home/dung/ros2_ws/install/libuvc/share/libuvc/hook/pkg_config.sh'
[0.921s] Level 1:colcon.colcon_core.environment:checking '/home/dung/ros2_ws/install/libuvc/lib/python3.10/site-packages'
[0.921s] Level 1:colcon.colcon_core.environment:checking '/home/dung/ros2_ws/install/libuvc/bin'
[0.921s] INFO:colcon.colcon_core.shell:Creating package script '/home/dung/ros2_ws/install/libuvc/share/libuvc/package.ps1'
[0.922s] INFO:colcon.colcon_core.shell:Creating package descriptor '/home/dung/ros2_ws/install/libuvc/share/libuvc/package.dsv'
[0.922s] INFO:colcon.colcon_core.shell:Creating package script '/home/dung/ros2_ws/install/libuvc/share/libuvc/package.sh'
[0.922s] INFO:colcon.colcon_core.shell:Creating package script '/home/dung/ros2_ws/install/libuvc/share/libuvc/package.bash'
[0.923s] INFO:colcon.colcon_core.shell:Creating package script '/home/dung/ros2_ws/install/libuvc/share/libuvc/package.zsh'
[0.923s] Level 1:colcon.colcon_core.environment:create_file_with_runtime_dependencies(/home/dung/ros2_ws/install/libuvc/share/colcon-core/packages/libuvc)
[1.145s] DEBUG:colcon.colcon_core.event_handler.log_command:Invoked command in '/home/dung/ros2_ws/build/astra_camera_msgs' returned '0': CMAKE_PREFIX_PATH=/opt/ros/humble /usr/bin/cmake /home/dung/ros2_ws/src/ros2_astra_camera/astra_camera_msgs -DCMAKE_BUILD_TYPE=Release -DCMAKE_INSTALL_PREFIX=/home/dung/ros2_ws/install/astra_camera_msgs
[1.146s] DEBUG:colcon.colcon_core.event_handler.log_command:Invoking command in '/home/dung/ros2_ws/build/astra_camera_msgs': CMAKE_PREFIX_PATH=/opt/ros/humble /usr/bin/cmake --build /home/dung/ros2_ws/build/astra_camera_msgs -- -j32 -l32
[2.262s] DEBUG:colcon.colcon_core.event_handler.log_command:Invoked command in '/home/dung/ros2_ws/build/astra_camera_msgs' returned '0': CMAKE_PREFIX_PATH=/opt/ros/humble /usr/bin/cmake --build /home/dung/ros2_ws/build/astra_camera_msgs -- -j32 -l32
[2.263s] DEBUG:colcon.colcon_core.event_handler.log_command:Invoking command in '/home/dung/ros2_ws/build/astra_camera_msgs': CMAKE_PREFIX_PATH=/opt/ros/humble /usr/bin/cmake --install /home/dung/ros2_ws/build/astra_camera_msgs
[2.318s] Level 1:colcon.colcon_core.environment:create_environment_scripts_only(astra_camera_msgs)
[2.318s] Level 1:colcon.colcon_core.environment:checking '/home/dung/ros2_ws/install/astra_camera_msgs' for CMake module files
[2.318s] DEBUG:colcon.colcon_core.event_handler.log_command:Invoked command in '/home/dung/ros2_ws/build/astra_camera_msgs' returned '0': CMAKE_PREFIX_PATH=/opt/ros/humble /usr/bin/cmake --install /home/dung/ros2_ws/build/astra_camera_msgs
[2.319s] Level 1:colcon.colcon_core.environment:checking '/home/dung/ros2_ws/install/astra_camera_msgs' for CMake config files
[2.319s] Level 1:colcon.colcon_core.shell:create_environment_hook('astra_camera_msgs', 'cmake_prefix_path')
[2.319s] INFO:colcon.colcon_core.shell:Creating environment hook '/home/dung/ros2_ws/install/astra_camera_msgs/share/astra_camera_msgs/hook/cmake_prefix_path.ps1'
[2.319s] INFO:colcon.colcon_core.shell:Creating environment descriptor '/home/dung/ros2_ws/install/astra_camera_msgs/share/astra_camera_msgs/hook/cmake_prefix_path.dsv'
[2.320s] INFO:colcon.colcon_core.shell:Creating environment hook '/home/dung/ros2_ws/install/astra_camera_msgs/share/astra_camera_msgs/hook/cmake_prefix_path.sh'
[2.320s] Level 1:colcon.colcon_core.environment:checking '/home/dung/ros2_ws/install/astra_camera_msgs/lib'
[2.320s] Level 1:colcon.colcon_core.shell:create_environment_hook('astra_camera_msgs', 'ld_library_path_lib')
[2.320s] INFO:colcon.colcon_core.shell:Creating environment hook '/home/dung/ros2_ws/install/astra_camera_msgs/share/astra_camera_msgs/hook/ld_library_path_lib.ps1'
[2.320s] INFO:colcon.colcon_core.shell:Creating environment descriptor '/home/dung/ros2_ws/install/astra_camera_msgs/share/astra_camera_msgs/hook/ld_library_path_lib.dsv'
[2.320s] INFO:colcon.colcon_core.shell:Creating environment hook '/home/dung/ros2_ws/install/astra_camera_msgs/share/astra_camera_msgs/hook/ld_library_path_lib.sh'
[2.321s] Level 1:colcon.colcon_core.environment:checking '/home/dung/ros2_ws/install/astra_camera_msgs/bin'
[2.321s] Level 1:colcon.colcon_core.environment:checking '/home/dung/ros2_ws/install/astra_camera_msgs/lib/pkgconfig/astra_camera_msgs.pc'
[2.321s] Level 1:colcon.colcon_core.environment:checking '/home/dung/ros2_ws/install/astra_camera_msgs/lib/python3.10/site-packages'
[2.321s] Level 1:colcon.colcon_core.environment:checking '/home/dung/ros2_ws/install/astra_camera_msgs/bin'
[2.321s] INFO:colcon.colcon_core.shell:Creating package script '/home/dung/ros2_ws/install/astra_camera_msgs/share/astra_camera_msgs/package.ps1'
[2.321s] INFO:colcon.colcon_core.shell:Creating package descriptor '/home/dung/ros2_ws/install/astra_camera_msgs/share/astra_camera_msgs/package.dsv'
[2.322s] INFO:colcon.colcon_core.shell:Creating package script '/home/dung/ros2_ws/install/astra_camera_msgs/share/astra_camera_msgs/package.sh'
[2.322s] INFO:colcon.colcon_core.shell:Creating package script '/home/dung/ros2_ws/install/astra_camera_msgs/share/astra_camera_msgs/package.bash'
[2.322s] INFO:colcon.colcon_core.shell:Creating package script '/home/dung/ros2_ws/install/astra_camera_msgs/share/astra_camera_msgs/package.zsh'
[2.322s] Level 1:colcon.colcon_core.environment:create_file_with_runtime_dependencies(/home/dung/ros2_ws/install/astra_camera_msgs/share/colcon-core/packages/astra_camera_msgs)
[2.322s] Level 1:colcon.colcon_core.environment:create_environment_scripts_only(astra_camera_msgs)
[2.323s] Level 1:colcon.colcon_core.environment:checking '/home/dung/ros2_ws/install/astra_camera_msgs' for CMake module files
[2.323s] Level 1:colcon.colcon_core.environment:checking '/home/dung/ros2_ws/install/astra_camera_msgs' for CMake config files
[2.323s] Level 1:colcon.colcon_core.shell:create_environment_hook('astra_camera_msgs', 'cmake_prefix_path')
[2.323s] INFO:colcon.colcon_core.shell:Creating environment hook '/home/dung/ros2_ws/install/astra_camera_msgs/share/astra_camera_msgs/hook/cmake_prefix_path.ps1'
[2.324s] INFO:colcon.colcon_core.shell:Creating environment descriptor '/home/dung/ros2_ws/install/astra_camera_msgs/share/astra_camera_msgs/hook/cmake_prefix_path.dsv'
[2.324s] INFO:colcon.colcon_core.shell:Creating environment hook '/home/dung/ros2_ws/install/astra_camera_msgs/share/astra_camera_msgs/hook/cmake_prefix_path.sh'
[2.324s] Level 1:colcon.colcon_core.environment:checking '/home/dung/ros2_ws/install/astra_camera_msgs/lib'
[2.324s] Level 1:colcon.colcon_core.shell:create_environment_hook('astra_camera_msgs', 'ld_library_path_lib')
[2.325s] INFO:colcon.colcon_core.shell:Creating environment hook '/home/dung/ros2_ws/install/astra_camera_msgs/share/astra_camera_msgs/hook/ld_library_path_lib.ps1'
[2.325s] INFO:colcon.colcon_core.shell:Creating environment descriptor '/home/dung/ros2_ws/install/astra_camera_msgs/share/astra_camera_msgs/hook/ld_library_path_lib.dsv'
[2.325s] INFO:colcon.colcon_core.shell:Creating environment hook '/home/dung/ros2_ws/install/astra_camera_msgs/share/astra_camera_msgs/hook/ld_library_path_lib.sh'
[2.325s] Level 1:colcon.colcon_core.environment:checking '/home/dung/ros2_ws/install/astra_camera_msgs/bin'
[2.325s] Level 1:colcon.colcon_core.environment:checking '/home/dung/ros2_ws/install/astra_camera_msgs/lib/pkgconfig/astra_camera_msgs.pc'
[2.325s] Level 1:colcon.colcon_core.environment:checking '/home/dung/ros2_ws/install/astra_camera_msgs/lib/python3.10/site-packages'
[2.325s] Level 1:colcon.colcon_core.environment:checking '/home/dung/ros2_ws/install/astra_camera_msgs/bin'
[2.326s] INFO:colcon.colcon_core.shell:Creating package script '/home/dung/ros2_ws/install/astra_camera_msgs/share/astra_camera_msgs/package.ps1'
[2.326s] INFO:colcon.colcon_core.shell:Creating package descriptor '/home/dung/ros2_ws/install/astra_camera_msgs/share/astra_camera_msgs/package.dsv'
[2.326s] INFO:colcon.colcon_core.shell:Creating package script '/home/dung/ros2_ws/install/astra_camera_msgs/share/astra_camera_msgs/package.sh'
[2.326s] INFO:colcon.colcon_core.shell:Creating package script '/home/dung/ros2_ws/install/astra_camera_msgs/share/astra_camera_msgs/package.bash'
[2.327s] INFO:colcon.colcon_core.shell:Creating package script '/home/dung/ros2_ws/install/astra_camera_msgs/share/astra_camera_msgs/package.zsh'
[2.327s] Level 1:colcon.colcon_core.environment:create_file_with_runtime_dependencies(/home/dung/ros2_ws/install/astra_camera_msgs/share/colcon-core/packages/astra_camera_msgs)
[2.327s] INFO:colcon.colcon_ros.task.ament_cmake.build:Building ROS package in '/home/dung/ros2_ws/src/ros2_astra_camera/astra_camera' with build type 'ament_cmake'
[2.327s] INFO:colcon.colcon_cmake.task.cmake.build:Building CMake package in '/home/dung/ros2_ws/src/ros2_astra_camera/astra_camera'
[2.327s] INFO:colcon.colcon_core.shell:Skip shell extension 'powershell' for command environment: Not usable outside of PowerShell
[2.327s] DEBUG:colcon.colcon_core.shell:Skip shell extension 'dsv' for command environment
[2.333s] DEBUG:colcon.colcon_core.event_handler.log_command:Invoking command in '/home/dung/ros2_ws/build/astra_camera': AMENT_PREFIX_PATH=/home/dung/ros2_ws/install/astra_camera_msgs:${AMENT_PREFIX_PATH} CMAKE_PREFIX_PATH=/home/dung/ros2_ws/install/astra_camera_msgs:/opt/ros/humble LD_LIBRARY_PATH=/home/dung/ros2_ws/install/astra_camera_msgs/lib:${LD_LIBRARY_PATH} PYTHONPATH=/home/dung/ros2_ws/install/astra_camera_msgs/local/lib/python3.10/dist-packages:${PYTHONPATH} /usr/bin/cmake /home/dung/ros2_ws/src/ros2_astra_camera/astra_camera -DCMAKE_BUILD_TYPE=Release -DCMAKE_INSTALL_PREFIX=/home/dung/ros2_ws/install/astra_camera
[2.653s] DEBUG:colcon.colcon_core.event_handler.log_command:Invoked command in '/home/dung/ros2_ws/build/astra_camera' returned '1': AMENT_PREFIX_PATH=/home/dung/ros2_ws/install/astra_camera_msgs:${AMENT_PREFIX_PATH} CMAKE_PREFIX_PATH=/home/dung/ros2_ws/install/astra_camera_msgs:/opt/ros/humble LD_LIBRARY_PATH=/home/dung/ros2_ws/install/astra_camera_msgs/lib:${LD_LIBRARY_PATH} PYTHONPATH=/home/dung/ros2_ws/install/astra_camera_msgs/local/lib/python3.10/dist-packages:${PYTHONPATH} /usr/bin/cmake /home/dung/ros2_ws/src/ros2_astra_camera/astra_camera -DCMAKE_BUILD_TYPE=Release -DCMAKE_INSTALL_PREFIX=/home/dung/ros2_ws/install/astra_camera
[2.661s] Level 1:colcon.colcon_core.environment:create_environment_scripts_only(astra_camera)
[2.661s] Level 1:colcon.colcon_core.environment:checking '/home/dung/ros2_ws/install/astra_camera' for CMake module files
[2.661s] Level 1:colcon.colcon_core.environment:checking '/home/dung/ros2_ws/install/astra_camera' for CMake config files
[2.662s] Level 1:colcon.colcon_core.environment:checking '/home/dung/ros2_ws/install/astra_camera/bin'
[2.662s] Level 1:colcon.colcon_core.environment:checking '/home/dung/ros2_ws/install/astra_camera/lib/pkgconfig/astra_camera.pc'
[2.662s] Level 1:colcon.colcon_core.environment:checking '/home/dung/ros2_ws/install/astra_camera/lib/python3.10/site-packages'
[2.662s] Level 1:colcon.colcon_core.environment:checking '/home/dung/ros2_ws/install/astra_camera/bin'
[2.662s] INFO:colcon.colcon_core.shell:Creating package script '/home/dung/ros2_ws/install/astra_camera/share/astra_camera/package.ps1'
[2.662s] INFO:colcon.colcon_core.shell:Creating package descriptor '/home/dung/ros2_ws/install/astra_camera/share/astra_camera/package.dsv'
[2.663s] INFO:colcon.colcon_core.shell:Creating package script '/home/dung/ros2_ws/install/astra_camera/share/astra_camera/package.sh'
[2.663s] INFO:colcon.colcon_core.shell:Creating package script '/home/dung/ros2_ws/install/astra_camera/share/astra_camera/package.bash'
[2.663s] INFO:colcon.colcon_core.shell:Creating package script '/home/dung/ros2_ws/install/astra_camera/share/astra_camera/package.zsh'
[2.663s] Level 1:colcon.colcon_core.environment:create_file_with_runtime_dependencies(/home/dung/ros2_ws/install/astra_camera/share/colcon-core/packages/astra_camera)
[2.663s] DEBUG:colcon.colcon_parallel_executor.executor.parallel:closing loop
[2.663s] DEBUG:colcon.colcon_parallel_executor.executor.parallel:loop closed
[2.663s] DEBUG:colcon.colcon_parallel_executor.executor.parallel:run_until_complete finished with '1'
[2.663s] DEBUG:colcon.colcon_core.event_reactor:joining thread
[2.667s] INFO:colcon.colcon_core.plugin_system:Skipping extension 'colcon_notification.desktop_notification.terminal_notifier': Not used on non-Darwin systems
[2.667s] INFO:colcon.colcon_core.plugin_system:Skipping extension 'colcon_notification.desktop_notification.win32': Not used on non-Windows systems
[2.667s] INFO:colcon.colcon_notification.desktop_notification:Sending desktop notification using 'notify2'
[2.673s] DEBUG:colcon.colcon_core.event_reactor:joined thread
[2.673s] INFO:colcon.colcon_core.shell:Creating prefix script '/home/dung/ros2_ws/install/local_setup.ps1'
[2.673s] INFO:colcon.colcon_core.shell:Creating prefix util module '/home/dung/ros2_ws/install/_local_setup_util_ps1.py'
[2.674s] INFO:colcon.colcon_core.shell:Creating prefix chain script '/home/dung/ros2_ws/install/setup.ps1'
[2.674s] INFO:colcon.colcon_core.shell:Creating prefix script '/home/dung/ros2_ws/install/local_setup.sh'
[2.675s] INFO:colcon.colcon_core.shell:Creating prefix util module '/home/dung/ros2_ws/install/_local_setup_util_sh.py'
[2.675s] INFO:colcon.colcon_core.shell:Creating prefix chain script '/home/dung/ros2_ws/install/setup.sh'
[2.675s] INFO:colcon.colcon_core.shell:Creating prefix script '/home/dung/ros2_ws/install/local_setup.bash'
[2.676s] INFO:colcon.colcon_core.shell:Creating prefix chain script '/home/dung/ros2_ws/install/setup.bash'
[2.676s] INFO:colcon.colcon_core.shell:Creating prefix script '/home/dung/ros2_ws/install/local_setup.zsh'
[2.676s] INFO:colcon.colcon_core.shell:Creating prefix chain script '/home/dung/ros2_ws/install/setup.zsh'
