[0.068s] DEBUG:colcon:Command line arguments: ['/usr/bin/colcon', 'build', '--symlink-install']
[0.068s] DEBUG:colcon:Parsed command line arguments: Namespace(log_base=None, log_level=None, verb_name='build', build_base='build', install_base='install', merge_install=False, symlink_install=True, test_result_base=None, continue_on_error=False, executor='parallel', parallel_workers=32, event_handlers=None, ignore_user_meta=False, metas=['./colcon.meta'], base_paths=['.'], packages_ignore=None, packages_ignore_regex=None, paths=None, packages_up_to=None, packages_up_to_regex=None, packages_above=None, packages_above_and_dependencies=None, packages_above_depth=None, packages_select_by_dep=None, packages_skip_by_dep=None, packages_skip_up_to=None, packages_select_build_failed=False, packages_skip_build_finished=False, packages_select_test_failures=False, packages_skip_test_passed=False, packages_select=None, packages_skip=None, packages_select_regex=None, packages_skip_regex=None, packages_start=None, packages_end=None, allow_overriding=[], cmake_args=None, cmake_target=None, cmake_target_skip_unavailable=False, cmake_clean_cache=False, cmake_clean_first=False, cmake_force_configure=False, ament_cmake_args=None, catkin_cmake_args=None, catkin_skip_building_tests=False, verb_parser=<colcon_defaults.argument_parser.defaults.DefaultArgumentsDecorator object at 0x7791c5cf7d30>, verb_extension=<colcon_core.verb.build.BuildVerb object at 0x7791c5cf7760>, main=<bound method BuildVerb.main of <colcon_core.verb.build.BuildVerb object at 0x7791c5cf7760>>)
[0.172s] Level 1:colcon.colcon_core.package_discovery:discover_packages(colcon_meta) check parameters
[0.172s] Level 1:colcon.colcon_core.package_discovery:discover_packages(recursive) check parameters
[0.172s] Level 1:colcon.colcon_core.package_discovery:discover_packages(ignore) check parameters
[0.172s] Level 1:colcon.colcon_core.package_discovery:discover_packages(path) check parameters
[0.172s] Level 1:colcon.colcon_core.package_discovery:discover_packages(colcon_meta) discover
[0.172s] Level 1:colcon.colcon_core.package_discovery:discover_packages(recursive) discover
[0.172s] INFO:colcon.colcon_core.package_discovery:Crawling recursively for packages in '/home/dung/ros2_ws'
[0.172s] Level 1:colcon.colcon_core.package_identification:_identify(.) by extensions ['ignore', 'ignore_ament_install']
[0.172s] Level 1:colcon.colcon_core.package_identification:_identify(.) by extension 'ignore'
[0.172s] Level 1:colcon.colcon_core.package_identification:_identify(.) by extension 'ignore_ament_install'
[0.172s] Level 1:colcon.colcon_core.package_identification:_identify(.) by extensions ['colcon_pkg']
[0.172s] Level 1:colcon.colcon_core.package_identification:_identify(.) by extension 'colcon_pkg'
[0.172s] Level 1:colcon.colcon_core.package_identification:_identify(.) by extensions ['colcon_meta']
[0.172s] Level 1:colcon.colcon_core.package_identification:_identify(.) by extension 'colcon_meta'
[0.172s] Level 1:colcon.colcon_core.package_identification:_identify(.) by extensions ['ros']
[0.172s] Level 1:colcon.colcon_core.package_identification:_identify(.) by extension 'ros'
[0.180s] Level 1:colcon.colcon_core.package_identification:_identify(.) by extensions ['cmake', 'python']
[0.180s] Level 1:colcon.colcon_core.package_identification:_identify(.) by extension 'cmake'
[0.180s] Level 1:colcon.colcon_core.package_identification:_identify(.) by extension 'python'
[0.180s] Level 1:colcon.colcon_core.package_identification:_identify(.) by extensions ['python_setup_py']
[0.180s] Level 1:colcon.colcon_core.package_identification:_identify(.) by extension 'python_setup_py'
[0.180s] Level 1:colcon.colcon_core.package_identification:_identify(build) by extensions ['ignore', 'ignore_ament_install']
[0.180s] Level 1:colcon.colcon_core.package_identification:_identify(build) by extension 'ignore'
[0.180s] Level 1:colcon.colcon_core.package_identification:_identify(build) ignored
[0.180s] Level 1:colcon.colcon_core.package_identification:_identify(install) by extensions ['ignore', 'ignore_ament_install']
[0.180s] Level 1:colcon.colcon_core.package_identification:_identify(install) by extension 'ignore'
[0.180s] Level 1:colcon.colcon_core.package_identification:_identify(install) ignored
[0.180s] Level 1:colcon.colcon_core.package_identification:_identify(libuvc) by extensions ['ignore', 'ignore_ament_install']
[0.180s] Level 1:colcon.colcon_core.package_identification:_identify(libuvc) by extension 'ignore'
[0.180s] Level 1:colcon.colcon_core.package_identification:_identify(libuvc) by extension 'ignore_ament_install'
[0.180s] Level 1:colcon.colcon_core.package_identification:_identify(libuvc) by extensions ['colcon_pkg']
[0.180s] Level 1:colcon.colcon_core.package_identification:_identify(libuvc) by extension 'colcon_pkg'
[0.180s] Level 1:colcon.colcon_core.package_identification:_identify(libuvc) by extensions ['colcon_meta']
[0.180s] Level 1:colcon.colcon_core.package_identification:_identify(libuvc) by extension 'colcon_meta'
[0.180s] Level 1:colcon.colcon_core.package_identification:_identify(libuvc) by extensions ['ros']
[0.180s] Level 1:colcon.colcon_core.package_identification:_identify(libuvc) by extension 'ros'
[0.181s] Level 1:colcon.colcon_core.package_identification:_identify(libuvc) by extensions ['cmake', 'python']
[0.181s] Level 1:colcon.colcon_core.package_identification:_identify(libuvc) by extension 'cmake'
[0.185s] Level 1:colcon.colcon_core.package_identification:_identify(libuvc) by extension 'python'
[0.185s] DEBUG:colcon.colcon_core.package_identification:Package 'libuvc' with type 'cmake' and name 'libuvc'
[0.185s] Level 1:colcon.colcon_core.package_identification:_identify(log) by extensions ['ignore', 'ignore_ament_install']
[0.185s] Level 1:colcon.colcon_core.package_identification:_identify(log) by extension 'ignore'
[0.185s] Level 1:colcon.colcon_core.package_identification:_identify(log) ignored
[0.185s] Level 1:colcon.colcon_core.package_identification:_identify(src) by extensions ['ignore', 'ignore_ament_install']
[0.185s] Level 1:colcon.colcon_core.package_identification:_identify(src) by extension 'ignore'
[0.185s] Level 1:colcon.colcon_core.package_identification:_identify(src) by extension 'ignore_ament_install'
[0.185s] Level 1:colcon.colcon_core.package_identification:_identify(src) by extensions ['colcon_pkg']
[0.185s] Level 1:colcon.colcon_core.package_identification:_identify(src) by extension 'colcon_pkg'
[0.185s] Level 1:colcon.colcon_core.package_identification:_identify(src) by extensions ['colcon_meta']
[0.185s] Level 1:colcon.colcon_core.package_identification:_identify(src) by extension 'colcon_meta'
[0.185s] Level 1:colcon.colcon_core.package_identification:_identify(src) by extensions ['ros']
[0.185s] Level 1:colcon.colcon_core.package_identification:_identify(src) by extension 'ros'
[0.185s] Level 1:colcon.colcon_core.package_identification:_identify(src) by extensions ['cmake', 'python']
[0.185s] Level 1:colcon.colcon_core.package_identification:_identify(src) by extension 'cmake'
[0.185s] Level 1:colcon.colcon_core.package_identification:_identify(src) by extension 'python'
[0.185s] Level 1:colcon.colcon_core.package_identification:_identify(src) by extensions ['python_setup_py']
[0.185s] Level 1:colcon.colcon_core.package_identification:_identify(src) by extension 'python_setup_py'
[0.185s] Level 1:colcon.colcon_core.package_identification:_identify(src/ros2_astra_camera) by extensions ['ignore', 'ignore_ament_install']
[0.185s] Level 1:colcon.colcon_core.package_identification:_identify(src/ros2_astra_camera) by extension 'ignore'
[0.185s] Level 1:colcon.colcon_core.package_identification:_identify(src/ros2_astra_camera) by extension 'ignore_ament_install'
[0.185s] Level 1:colcon.colcon_core.package_identification:_identify(src/ros2_astra_camera) by extensions ['colcon_pkg']
[0.185s] Level 1:colcon.colcon_core.package_identification:_identify(src/ros2_astra_camera) by extension 'colcon_pkg'
[0.185s] Level 1:colcon.colcon_core.package_identification:_identify(src/ros2_astra_camera) by extensions ['colcon_meta']
[0.185s] Level 1:colcon.colcon_core.package_identification:_identify(src/ros2_astra_camera) by extension 'colcon_meta'
[0.185s] Level 1:colcon.colcon_core.package_identification:_identify(src/ros2_astra_camera) by extensions ['ros']
[0.185s] Level 1:colcon.colcon_core.package_identification:_identify(src/ros2_astra_camera) by extension 'ros'
[0.185s] Level 1:colcon.colcon_core.package_identification:_identify(src/ros2_astra_camera) by extensions ['cmake', 'python']
[0.186s] Level 1:colcon.colcon_core.package_identification:_identify(src/ros2_astra_camera) by extension 'cmake'
[0.186s] Level 1:colcon.colcon_core.package_identification:_identify(src/ros2_astra_camera) by extension 'python'
[0.186s] Level 1:colcon.colcon_core.package_identification:_identify(src/ros2_astra_camera) by extensions ['python_setup_py']
[0.186s] Level 1:colcon.colcon_core.package_identification:_identify(src/ros2_astra_camera) by extension 'python_setup_py'
[0.186s] Level 1:colcon.colcon_core.package_identification:_identify(src/ros2_astra_camera/astra_camera) by extensions ['ignore', 'ignore_ament_install']
[0.186s] Level 1:colcon.colcon_core.package_identification:_identify(src/ros2_astra_camera/astra_camera) by extension 'ignore'
[0.186s] Level 1:colcon.colcon_core.package_identification:_identify(src/ros2_astra_camera/astra_camera) by extension 'ignore_ament_install'
[0.186s] Level 1:colcon.colcon_core.package_identification:_identify(src/ros2_astra_camera/astra_camera) by extensions ['colcon_pkg']
[0.186s] Level 1:colcon.colcon_core.package_identification:_identify(src/ros2_astra_camera/astra_camera) by extension 'colcon_pkg'
[0.186s] Level 1:colcon.colcon_core.package_identification:_identify(src/ros2_astra_camera/astra_camera) by extensions ['colcon_meta']
[0.186s] Level 1:colcon.colcon_core.package_identification:_identify(src/ros2_astra_camera/astra_camera) by extension 'colcon_meta'
[0.186s] Level 1:colcon.colcon_core.package_identification:_identify(src/ros2_astra_camera/astra_camera) by extensions ['ros']
[0.186s] Level 1:colcon.colcon_core.package_identification:_identify(src/ros2_astra_camera/astra_camera) by extension 'ros'
[0.188s] DEBUG:colcon.colcon_core.package_identification:Package 'src/ros2_astra_camera/astra_camera' with type 'ros.ament_cmake' and name 'astra_camera'
[0.188s] Level 1:colcon.colcon_core.package_identification:_identify(src/ros2_astra_camera/astra_camera_msgs) by extensions ['ignore', 'ignore_ament_install']
[0.189s] Level 1:colcon.colcon_core.package_identification:_identify(src/ros2_astra_camera/astra_camera_msgs) by extension 'ignore'
[0.189s] Level 1:colcon.colcon_core.package_identification:_identify(src/ros2_astra_camera/astra_camera_msgs) by extension 'ignore_ament_install'
[0.189s] Level 1:colcon.colcon_core.package_identification:_identify(src/ros2_astra_camera/astra_camera_msgs) by extensions ['colcon_pkg']
[0.189s] Level 1:colcon.colcon_core.package_identification:_identify(src/ros2_astra_camera/astra_camera_msgs) by extension 'colcon_pkg'
[0.189s] Level 1:colcon.colcon_core.package_identification:_identify(src/ros2_astra_camera/astra_camera_msgs) by extensions ['colcon_meta']
[0.189s] Level 1:colcon.colcon_core.package_identification:_identify(src/ros2_astra_camera/astra_camera_msgs) by extension 'colcon_meta'
[0.189s] Level 1:colcon.colcon_core.package_identification:_identify(src/ros2_astra_camera/astra_camera_msgs) by extensions ['ros']
[0.189s] Level 1:colcon.colcon_core.package_identification:_identify(src/ros2_astra_camera/astra_camera_msgs) by extension 'ros'
[0.189s] DEBUG:colcon.colcon_core.package_identification:Package 'src/ros2_astra_camera/astra_camera_msgs' with type 'ros.ament_cmake' and name 'astra_camera_msgs'
[0.189s] Level 1:colcon.colcon_core.package_discovery:discover_packages(recursive) using defaults
[0.189s] Level 1:colcon.colcon_core.package_discovery:discover_packages(ignore) discover
[0.189s] Level 1:colcon.colcon_core.package_discovery:discover_packages(ignore) using defaults
[0.189s] Level 1:colcon.colcon_core.package_discovery:discover_packages(path) discover
[0.189s] Level 1:colcon.colcon_core.package_discovery:discover_packages(path) using defaults
[0.203s] Level 1:colcon.colcon_core.package_discovery:discover_packages(prefix_path) check parameters
[0.203s] Level 1:colcon.colcon_core.package_discovery:discover_packages(prefix_path) discover
[0.204s] DEBUG:colcon.colcon_installed_package_information.package_discovery:Found 3 installed packages in /home/dung/ros2_ws/install
[0.205s] DEBUG:colcon.colcon_installed_package_information.package_discovery:Found 358 installed packages in /opt/ros/humble
[0.213s] Level 1:colcon.colcon_core.package_discovery:discover_packages(prefix_path) using defaults
[0.243s] Level 5:colcon.colcon_core.verb:set package 'astra_camera_msgs' build argument 'cmake_args' from command line to 'None'
[0.243s] Level 5:colcon.colcon_core.verb:set package 'astra_camera_msgs' build argument 'cmake_target' from command line to 'None'
[0.243s] Level 5:colcon.colcon_core.verb:set package 'astra_camera_msgs' build argument 'cmake_target_skip_unavailable' from command line to 'False'
[0.243s] Level 5:colcon.colcon_core.verb:set package 'astra_camera_msgs' build argument 'cmake_clean_cache' from command line to 'False'
[0.243s] Level 5:colcon.colcon_core.verb:set package 'astra_camera_msgs' build argument 'cmake_clean_first' from command line to 'False'
[0.243s] Level 5:colcon.colcon_core.verb:set package 'astra_camera_msgs' build argument 'cmake_force_configure' from command line to 'False'
[0.243s] Level 5:colcon.colcon_core.verb:set package 'astra_camera_msgs' build argument 'ament_cmake_args' from command line to 'None'
[0.243s] Level 5:colcon.colcon_core.verb:set package 'astra_camera_msgs' build argument 'catkin_cmake_args' from command line to 'None'
[0.243s] Level 5:colcon.colcon_core.verb:set package 'astra_camera_msgs' build argument 'catkin_skip_building_tests' from command line to 'False'
[0.243s] DEBUG:colcon.colcon_core.verb:Building package 'astra_camera_msgs' with the following arguments: {'ament_cmake_args': None, 'build_base': '/home/dung/ros2_ws/build/astra_camera_msgs', 'catkin_cmake_args': None, 'catkin_skip_building_tests': False, 'cmake_args': None, 'cmake_clean_cache': False, 'cmake_clean_first': False, 'cmake_force_configure': False, 'cmake_target': None, 'cmake_target_skip_unavailable': False, 'install_base': '/home/dung/ros2_ws/install/astra_camera_msgs', 'merge_install': False, 'path': '/home/dung/ros2_ws/src/ros2_astra_camera/astra_camera_msgs', 'symlink_install': True, 'test_result_base': None}
[0.243s] Level 5:colcon.colcon_core.verb:set package 'libuvc' build argument 'cmake_args' from command line to 'None'
[0.243s] Level 5:colcon.colcon_core.verb:set package 'libuvc' build argument 'cmake_target' from command line to 'None'
[0.243s] Level 5:colcon.colcon_core.verb:set package 'libuvc' build argument 'cmake_target_skip_unavailable' from command line to 'False'
[0.243s] Level 5:colcon.colcon_core.verb:set package 'libuvc' build argument 'cmake_clean_cache' from command line to 'False'
[0.243s] Level 5:colcon.colcon_core.verb:set package 'libuvc' build argument 'cmake_clean_first' from command line to 'False'
[0.243s] Level 5:colcon.colcon_core.verb:set package 'libuvc' build argument 'cmake_force_configure' from command line to 'False'
[0.243s] Level 5:colcon.colcon_core.verb:set package 'libuvc' build argument 'ament_cmake_args' from command line to 'None'
[0.243s] Level 5:colcon.colcon_core.verb:set package 'libuvc' build argument 'catkin_cmake_args' from command line to 'None'
[0.243s] Level 5:colcon.colcon_core.verb:set package 'libuvc' build argument 'catkin_skip_building_tests' from command line to 'False'
[0.243s] DEBUG:colcon.colcon_core.verb:Building package 'libuvc' with the following arguments: {'ament_cmake_args': None, 'build_base': '/home/dung/ros2_ws/build/libuvc', 'catkin_cmake_args': None, 'catkin_skip_building_tests': False, 'cmake_args': None, 'cmake_clean_cache': False, 'cmake_clean_first': False, 'cmake_force_configure': False, 'cmake_target': None, 'cmake_target_skip_unavailable': False, 'install_base': '/home/dung/ros2_ws/install/libuvc', 'merge_install': False, 'path': '/home/dung/ros2_ws/libuvc', 'symlink_install': True, 'test_result_base': None}
[0.243s] Level 5:colcon.colcon_core.verb:set package 'astra_camera' build argument 'cmake_args' from command line to 'None'
[0.243s] Level 5:colcon.colcon_core.verb:set package 'astra_camera' build argument 'cmake_target' from command line to 'None'
[0.244s] Level 5:colcon.colcon_core.verb:set package 'astra_camera' build argument 'cmake_target_skip_unavailable' from command line to 'False'
[0.244s] Level 5:colcon.colcon_core.verb:set package 'astra_camera' build argument 'cmake_clean_cache' from command line to 'False'
[0.244s] Level 5:colcon.colcon_core.verb:set package 'astra_camera' build argument 'cmake_clean_first' from command line to 'False'
[0.244s] Level 5:colcon.colcon_core.verb:set package 'astra_camera' build argument 'cmake_force_configure' from command line to 'False'
[0.244s] Level 5:colcon.colcon_core.verb:set package 'astra_camera' build argument 'ament_cmake_args' from command line to 'None'
[0.244s] Level 5:colcon.colcon_core.verb:set package 'astra_camera' build argument 'catkin_cmake_args' from command line to 'None'
[0.244s] Level 5:colcon.colcon_core.verb:set package 'astra_camera' build argument 'catkin_skip_building_tests' from command line to 'False'
[0.244s] DEBUG:colcon.colcon_core.verb:Building package 'astra_camera' with the following arguments: {'ament_cmake_args': None, 'build_base': '/home/dung/ros2_ws/build/astra_camera', 'catkin_cmake_args': None, 'catkin_skip_building_tests': False, 'cmake_args': None, 'cmake_clean_cache': False, 'cmake_clean_first': False, 'cmake_force_configure': False, 'cmake_target': None, 'cmake_target_skip_unavailable': False, 'install_base': '/home/dung/ros2_ws/install/astra_camera', 'merge_install': False, 'path': '/home/dung/ros2_ws/src/ros2_astra_camera/astra_camera', 'symlink_install': True, 'test_result_base': None}
[0.244s] INFO:colcon.colcon_core.executor:Executing jobs using 'parallel' executor
[0.244s] DEBUG:colcon.colcon_parallel_executor.executor.parallel:run_until_complete
[0.245s] INFO:colcon.colcon_ros.task.ament_cmake.build:Building ROS package in '/home/dung/ros2_ws/src/ros2_astra_camera/astra_camera_msgs' with build type 'ament_cmake'
[0.245s] INFO:colcon.colcon_cmake.task.cmake.build:Building CMake package in '/home/dung/ros2_ws/src/ros2_astra_camera/astra_camera_msgs'
[0.246s] INFO:colcon.colcon_core.plugin_system:Skipping extension 'colcon_core.shell.bat': Not used on non-Windows systems
[0.246s] INFO:colcon.colcon_core.shell:Skip shell extension 'powershell' for command environment: Not usable outside of PowerShell
[0.246s] DEBUG:colcon.colcon_core.shell:Skip shell extension 'dsv' for command environment
[0.249s] INFO:colcon.colcon_cmake.task.cmake.build:Building CMake package in '/home/dung/ros2_ws/libuvc'
[0.249s] INFO:colcon.colcon_core.shell:Skip shell extension 'powershell' for command environment: Not usable outside of PowerShell
[0.249s] DEBUG:colcon.colcon_core.shell:Skip shell extension 'dsv' for command environment
[0.255s] DEBUG:colcon.colcon_core.event_handler.log_command:Invoking command in '/home/dung/ros2_ws/build/astra_camera_msgs': CMAKE_PREFIX_PATH=${CMAKE_PREFIX_PATH}:/opt/ros/humble /usr/bin/cmake /home/dung/ros2_ws/src/ros2_astra_camera/astra_camera_msgs -DAMENT_CMAKE_SYMLINK_INSTALL=1 -DCMAKE_INSTALL_PREFIX=/home/dung/ros2_ws/install/astra_camera_msgs
[0.258s] DEBUG:colcon.colcon_core.event_handler.log_command:Invoking command in '/home/dung/ros2_ws/build/libuvc': /usr/bin/cmake /home/dung/ros2_ws/libuvc -DCMAKE_INSTALL_PREFIX=/home/dung/ros2_ws/install/libuvc
[0.301s] DEBUG:colcon.colcon_core.event_handler.log_command:Invoked command in '/home/dung/ros2_ws/build/libuvc' returned '0': /usr/bin/cmake /home/dung/ros2_ws/libuvc -DCMAKE_INSTALL_PREFIX=/home/dung/ros2_ws/install/libuvc
[0.302s] DEBUG:colcon.colcon_core.event_handler.log_command:Invoking command in '/home/dung/ros2_ws/build/libuvc': /usr/bin/cmake --build /home/dung/ros2_ws/build/libuvc -- -j32 -l32
[0.377s] DEBUG:colcon.colcon_core.event_handler.log_command:Invoked command in '/home/dung/ros2_ws/build/libuvc' returned '0': /usr/bin/cmake --build /home/dung/ros2_ws/build/libuvc -- -j32 -l32
[0.386s] DEBUG:colcon.colcon_core.event_handler.log_command:Invoking command in '/home/dung/ros2_ws/build/libuvc': /usr/bin/cmake --install /home/dung/ros2_ws/build/libuvc
[0.393s] Level 1:colcon.colcon_core.environment:create_environment_scripts_only(libuvc)
[0.394s] DEBUG:colcon.colcon_core.event_handler.log_command:Invoked command in '/home/dung/ros2_ws/build/libuvc' returned '0': /usr/bin/cmake --install /home/dung/ros2_ws/build/libuvc
[0.395s] Level 1:colcon.colcon_core.environment:checking '/home/dung/ros2_ws/install/libuvc' for CMake module files
[0.395s] Level 1:colcon.colcon_core.shell:create_environment_hook('libuvc', 'cmake_module_path')
[0.395s] INFO:colcon.colcon_core.shell:Creating environment hook '/home/dung/ros2_ws/install/libuvc/share/libuvc/hook/cmake_module_path.ps1'
[0.396s] INFO:colcon.colcon_core.shell:Creating environment descriptor '/home/dung/ros2_ws/install/libuvc/share/libuvc/hook/cmake_module_path.dsv'
[0.396s] INFO:colcon.colcon_core.shell:Creating environment hook '/home/dung/ros2_ws/install/libuvc/share/libuvc/hook/cmake_module_path.sh'
[0.397s] Level 1:colcon.colcon_core.shell:create_environment_hook('libuvc', 'cmake_module_path1')
[0.397s] INFO:colcon.colcon_core.shell:Creating environment hook '/home/dung/ros2_ws/install/libuvc/share/libuvc/hook/cmake_module_path1.ps1'
[0.397s] INFO:colcon.colcon_core.shell:Creating environment descriptor '/home/dung/ros2_ws/install/libuvc/share/libuvc/hook/cmake_module_path1.dsv'
[0.398s] INFO:colcon.colcon_core.shell:Creating environment hook '/home/dung/ros2_ws/install/libuvc/share/libuvc/hook/cmake_module_path1.sh'
[0.398s] Level 1:colcon.colcon_core.environment:checking '/home/dung/ros2_ws/install/libuvc' for CMake config files
[0.398s] Level 1:colcon.colcon_core.shell:create_environment_hook('libuvc', 'cmake_prefix_path')
[0.398s] INFO:colcon.colcon_core.shell:Creating environment hook '/home/dung/ros2_ws/install/libuvc/share/libuvc/hook/cmake_prefix_path.ps1'
[0.399s] INFO:colcon.colcon_core.shell:Creating environment descriptor '/home/dung/ros2_ws/install/libuvc/share/libuvc/hook/cmake_prefix_path.dsv'
[0.399s] INFO:colcon.colcon_core.shell:Creating environment hook '/home/dung/ros2_ws/install/libuvc/share/libuvc/hook/cmake_prefix_path.sh'
[0.400s] Level 1:colcon.colcon_core.environment:checking '/home/dung/ros2_ws/install/libuvc/lib'
[0.400s] Level 1:colcon.colcon_core.shell:create_environment_hook('libuvc', 'ld_library_path_lib')
[0.400s] INFO:colcon.colcon_core.shell:Creating environment hook '/home/dung/ros2_ws/install/libuvc/share/libuvc/hook/ld_library_path_lib.ps1'
[0.400s] INFO:colcon.colcon_core.shell:Creating environment descriptor '/home/dung/ros2_ws/install/libuvc/share/libuvc/hook/ld_library_path_lib.dsv'
[0.400s] INFO:colcon.colcon_core.shell:Creating environment hook '/home/dung/ros2_ws/install/libuvc/share/libuvc/hook/ld_library_path_lib.sh'
[0.401s] Level 1:colcon.colcon_core.environment:checking '/home/dung/ros2_ws/install/libuvc/bin'
[0.401s] Level 1:colcon.colcon_core.environment:checking '/home/dung/ros2_ws/install/libuvc/lib/pkgconfig/libuvc.pc'
[0.401s] Level 1:colcon.colcon_core.shell:create_environment_hook('libuvc', 'pkg_config')
[0.401s] INFO:colcon.colcon_core.shell:Creating environment hook '/home/dung/ros2_ws/install/libuvc/share/libuvc/hook/pkg_config.ps1'
[0.401s] INFO:colcon.colcon_core.shell:Creating environment descriptor '/home/dung/ros2_ws/install/libuvc/share/libuvc/hook/pkg_config.dsv'
[0.401s] INFO:colcon.colcon_core.shell:Creating environment hook '/home/dung/ros2_ws/install/libuvc/share/libuvc/hook/pkg_config.sh'
[0.402s] Level 1:colcon.colcon_core.environment:checking '/home/dung/ros2_ws/install/libuvc/lib/python3.10/site-packages'
[0.402s] Level 1:colcon.colcon_core.environment:checking '/home/dung/ros2_ws/install/libuvc/bin'
[0.402s] INFO:colcon.colcon_core.shell:Creating package script '/home/dung/ros2_ws/install/libuvc/share/libuvc/package.ps1'
[0.403s] INFO:colcon.colcon_core.shell:Creating package descriptor '/home/dung/ros2_ws/install/libuvc/share/libuvc/package.dsv'
[0.403s] INFO:colcon.colcon_core.shell:Creating package script '/home/dung/ros2_ws/install/libuvc/share/libuvc/package.sh'
[0.404s] INFO:colcon.colcon_core.shell:Creating package script '/home/dung/ros2_ws/install/libuvc/share/libuvc/package.bash'
[0.404s] INFO:colcon.colcon_core.shell:Creating package script '/home/dung/ros2_ws/install/libuvc/share/libuvc/package.zsh'
[0.405s] Level 1:colcon.colcon_core.environment:create_file_with_runtime_dependencies(/home/dung/ros2_ws/install/libuvc/share/colcon-core/packages/libuvc)
[1.153s] DEBUG:colcon.colcon_core.event_handler.log_command:Invoked command in '/home/dung/ros2_ws/build/astra_camera_msgs' returned '0': CMAKE_PREFIX_PATH=${CMAKE_PREFIX_PATH}:/opt/ros/humble /usr/bin/cmake /home/dung/ros2_ws/src/ros2_astra_camera/astra_camera_msgs -DAMENT_CMAKE_SYMLINK_INSTALL=1 -DCMAKE_INSTALL_PREFIX=/home/dung/ros2_ws/install/astra_camera_msgs
[1.154s] DEBUG:colcon.colcon_core.event_handler.log_command:Invoking command in '/home/dung/ros2_ws/build/astra_camera_msgs': CMAKE_PREFIX_PATH=${CMAKE_PREFIX_PATH}:/opt/ros/humble /usr/bin/cmake --build /home/dung/ros2_ws/build/astra_camera_msgs -- -j32 -l32
[1.336s] DEBUG:colcon.colcon_core.event_handler.log_command:Invoked command in '/home/dung/ros2_ws/build/astra_camera_msgs' returned '0': CMAKE_PREFIX_PATH=${CMAKE_PREFIX_PATH}:/opt/ros/humble /usr/bin/cmake --build /home/dung/ros2_ws/build/astra_camera_msgs -- -j32 -l32
[1.337s] DEBUG:colcon.colcon_core.event_handler.log_command:Invoking command in '/home/dung/ros2_ws/build/astra_camera_msgs': CMAKE_PREFIX_PATH=${CMAKE_PREFIX_PATH}:/opt/ros/humble /usr/bin/cmake --install /home/dung/ros2_ws/build/astra_camera_msgs
[1.391s] Level 1:colcon.colcon_core.environment:create_environment_scripts_only(astra_camera_msgs)
[1.391s] Level 1:colcon.colcon_core.environment:checking '/home/dung/ros2_ws/install/astra_camera_msgs' for CMake module files
[1.392s] DEBUG:colcon.colcon_core.event_handler.log_command:Invoked command in '/home/dung/ros2_ws/build/astra_camera_msgs' returned '0': CMAKE_PREFIX_PATH=${CMAKE_PREFIX_PATH}:/opt/ros/humble /usr/bin/cmake --install /home/dung/ros2_ws/build/astra_camera_msgs
[1.392s] Level 1:colcon.colcon_core.environment:checking '/home/dung/ros2_ws/install/astra_camera_msgs' for CMake config files
[1.392s] Level 1:colcon.colcon_core.shell:create_environment_hook('astra_camera_msgs', 'cmake_prefix_path')
[1.393s] INFO:colcon.colcon_core.shell:Creating environment hook '/home/dung/ros2_ws/install/astra_camera_msgs/share/astra_camera_msgs/hook/cmake_prefix_path.ps1'
[1.393s] INFO:colcon.colcon_core.shell:Creating environment descriptor '/home/dung/ros2_ws/install/astra_camera_msgs/share/astra_camera_msgs/hook/cmake_prefix_path.dsv'
[1.393s] INFO:colcon.colcon_core.shell:Creating environment hook '/home/dung/ros2_ws/install/astra_camera_msgs/share/astra_camera_msgs/hook/cmake_prefix_path.sh'
[1.393s] Level 1:colcon.colcon_core.environment:checking '/home/dung/ros2_ws/install/astra_camera_msgs/lib'
[1.393s] Level 1:colcon.colcon_core.shell:create_environment_hook('astra_camera_msgs', 'ld_library_path_lib')
[1.393s] INFO:colcon.colcon_core.shell:Creating environment hook '/home/dung/ros2_ws/install/astra_camera_msgs/share/astra_camera_msgs/hook/ld_library_path_lib.ps1'
[1.394s] INFO:colcon.colcon_core.shell:Creating environment descriptor '/home/dung/ros2_ws/install/astra_camera_msgs/share/astra_camera_msgs/hook/ld_library_path_lib.dsv'
[1.394s] INFO:colcon.colcon_core.shell:Creating environment hook '/home/dung/ros2_ws/install/astra_camera_msgs/share/astra_camera_msgs/hook/ld_library_path_lib.sh'
[1.394s] Level 1:colcon.colcon_core.environment:checking '/home/dung/ros2_ws/install/astra_camera_msgs/bin'
[1.394s] Level 1:colcon.colcon_core.environment:checking '/home/dung/ros2_ws/install/astra_camera_msgs/lib/pkgconfig/astra_camera_msgs.pc'
[1.394s] Level 1:colcon.colcon_core.environment:checking '/home/dung/ros2_ws/install/astra_camera_msgs/lib/python3.10/site-packages'
[1.394s] Level 1:colcon.colcon_core.environment:checking '/home/dung/ros2_ws/install/astra_camera_msgs/bin'
[1.394s] INFO:colcon.colcon_core.shell:Creating package script '/home/dung/ros2_ws/install/astra_camera_msgs/share/astra_camera_msgs/package.ps1'
[1.395s] INFO:colcon.colcon_core.shell:Creating package descriptor '/home/dung/ros2_ws/install/astra_camera_msgs/share/astra_camera_msgs/package.dsv'
[1.395s] INFO:colcon.colcon_core.shell:Creating package script '/home/dung/ros2_ws/install/astra_camera_msgs/share/astra_camera_msgs/package.sh'
[1.395s] INFO:colcon.colcon_core.shell:Creating package script '/home/dung/ros2_ws/install/astra_camera_msgs/share/astra_camera_msgs/package.bash'
[1.395s] INFO:colcon.colcon_core.shell:Creating package script '/home/dung/ros2_ws/install/astra_camera_msgs/share/astra_camera_msgs/package.zsh'
[1.395s] Level 1:colcon.colcon_core.environment:create_file_with_runtime_dependencies(/home/dung/ros2_ws/install/astra_camera_msgs/share/colcon-core/packages/astra_camera_msgs)
[1.396s] Level 1:colcon.colcon_core.environment:create_environment_scripts_only(astra_camera_msgs)
[1.396s] Level 1:colcon.colcon_core.environment:checking '/home/dung/ros2_ws/install/astra_camera_msgs' for CMake module files
[1.396s] Level 1:colcon.colcon_core.environment:checking '/home/dung/ros2_ws/install/astra_camera_msgs' for CMake config files
[1.396s] Level 1:colcon.colcon_core.shell:create_environment_hook('astra_camera_msgs', 'cmake_prefix_path')
[1.397s] INFO:colcon.colcon_core.shell:Creating environment hook '/home/dung/ros2_ws/install/astra_camera_msgs/share/astra_camera_msgs/hook/cmake_prefix_path.ps1'
[1.397s] INFO:colcon.colcon_core.shell:Creating environment descriptor '/home/dung/ros2_ws/install/astra_camera_msgs/share/astra_camera_msgs/hook/cmake_prefix_path.dsv'
[1.397s] INFO:colcon.colcon_core.shell:Creating environment hook '/home/dung/ros2_ws/install/astra_camera_msgs/share/astra_camera_msgs/hook/cmake_prefix_path.sh'
[1.397s] Level 1:colcon.colcon_core.environment:checking '/home/dung/ros2_ws/install/astra_camera_msgs/lib'
[1.397s] Level 1:colcon.colcon_core.shell:create_environment_hook('astra_camera_msgs', 'ld_library_path_lib')
[1.397s] INFO:colcon.colcon_core.shell:Creating environment hook '/home/dung/ros2_ws/install/astra_camera_msgs/share/astra_camera_msgs/hook/ld_library_path_lib.ps1'
[1.397s] INFO:colcon.colcon_core.shell:Creating environment descriptor '/home/dung/ros2_ws/install/astra_camera_msgs/share/astra_camera_msgs/hook/ld_library_path_lib.dsv'
[1.398s] INFO:colcon.colcon_core.shell:Creating environment hook '/home/dung/ros2_ws/install/astra_camera_msgs/share/astra_camera_msgs/hook/ld_library_path_lib.sh'
[1.398s] Level 1:colcon.colcon_core.environment:checking '/home/dung/ros2_ws/install/astra_camera_msgs/bin'
[1.398s] Level 1:colcon.colcon_core.environment:checking '/home/dung/ros2_ws/install/astra_camera_msgs/lib/pkgconfig/astra_camera_msgs.pc'
[1.398s] Level 1:colcon.colcon_core.environment:checking '/home/dung/ros2_ws/install/astra_camera_msgs/lib/python3.10/site-packages'
[1.398s] Level 1:colcon.colcon_core.environment:checking '/home/dung/ros2_ws/install/astra_camera_msgs/bin'
[1.398s] INFO:colcon.colcon_core.shell:Creating package script '/home/dung/ros2_ws/install/astra_camera_msgs/share/astra_camera_msgs/package.ps1'
[1.399s] INFO:colcon.colcon_core.shell:Creating package descriptor '/home/dung/ros2_ws/install/astra_camera_msgs/share/astra_camera_msgs/package.dsv'
[1.399s] INFO:colcon.colcon_core.shell:Creating package script '/home/dung/ros2_ws/install/astra_camera_msgs/share/astra_camera_msgs/package.sh'
[1.399s] INFO:colcon.colcon_core.shell:Creating package script '/home/dung/ros2_ws/install/astra_camera_msgs/share/astra_camera_msgs/package.bash'
[1.399s] INFO:colcon.colcon_core.shell:Creating package script '/home/dung/ros2_ws/install/astra_camera_msgs/share/astra_camera_msgs/package.zsh'
[1.399s] Level 1:colcon.colcon_core.environment:create_file_with_runtime_dependencies(/home/dung/ros2_ws/install/astra_camera_msgs/share/colcon-core/packages/astra_camera_msgs)
[1.400s] INFO:colcon.colcon_ros.task.ament_cmake.build:Building ROS package in '/home/dung/ros2_ws/src/ros2_astra_camera/astra_camera' with build type 'ament_cmake'
[1.400s] INFO:colcon.colcon_cmake.task.cmake.build:Building CMake package in '/home/dung/ros2_ws/src/ros2_astra_camera/astra_camera'
[1.400s] INFO:colcon.colcon_core.shell:Skip shell extension 'powershell' for command environment: Not usable outside of PowerShell
[1.400s] DEBUG:colcon.colcon_core.shell:Skip shell extension 'dsv' for command environment
[1.407s] DEBUG:colcon.colcon_core.event_handler.log_command:Invoking command in '/home/dung/ros2_ws/build/astra_camera': CMAKE_PREFIX_PATH=/home/dung/ros2_ws/install/astra_camera_msgs:/home/dung/ros2_ws/install/astra_camera:/home/dung/ros2_ws/install/libuvc:/opt/ros/humble LD_LIBRARY_PATH=/home/dung/ros2_ws/install/astra_camera_msgs/lib:/home/dung/ros2_ws/install/astra_camera/lib:/home/dung/ros2_ws/install/libuvc/lib:/opt/ros/humble/opt/rviz_ogre_vendor/lib:/opt/ros/humble/lib/x86_64-linux-gnu:/opt/ros/humble/lib /usr/bin/cmake /home/dung/ros2_ws/src/ros2_astra_camera/astra_camera -DAMENT_CMAKE_SYMLINK_INSTALL=1 -DCMAKE_INSTALL_PREFIX=/home/dung/ros2_ws/install/astra_camera
[1.868s] DEBUG:colcon.colcon_core.event_handler.log_command:Invoked command in '/home/dung/ros2_ws/build/astra_camera' returned '0': CMAKE_PREFIX_PATH=/home/dung/ros2_ws/install/astra_camera_msgs:/home/dung/ros2_ws/install/astra_camera:/home/dung/ros2_ws/install/libuvc:/opt/ros/humble LD_LIBRARY_PATH=/home/dung/ros2_ws/install/astra_camera_msgs/lib:/home/dung/ros2_ws/install/astra_camera/lib:/home/dung/ros2_ws/install/libuvc/lib:/opt/ros/humble/opt/rviz_ogre_vendor/lib:/opt/ros/humble/lib/x86_64-linux-gnu:/opt/ros/humble/lib /usr/bin/cmake /home/dung/ros2_ws/src/ros2_astra_camera/astra_camera -DAMENT_CMAKE_SYMLINK_INSTALL=1 -DCMAKE_INSTALL_PREFIX=/home/dung/ros2_ws/install/astra_camera
[1.869s] DEBUG:colcon.colcon_core.event_handler.log_command:Invoking command in '/home/dung/ros2_ws/build/astra_camera': CMAKE_PREFIX_PATH=/home/dung/ros2_ws/install/astra_camera_msgs:/home/dung/ros2_ws/install/astra_camera:/home/dung/ros2_ws/install/libuvc:/opt/ros/humble LD_LIBRARY_PATH=/home/dung/ros2_ws/install/astra_camera_msgs/lib:/home/dung/ros2_ws/install/astra_camera/lib:/home/dung/ros2_ws/install/libuvc/lib:/opt/ros/humble/opt/rviz_ogre_vendor/lib:/opt/ros/humble/lib/x86_64-linux-gnu:/opt/ros/humble/lib /usr/bin/cmake --build /home/dung/ros2_ws/build/astra_camera -- -j32 -l32
[1.965s] DEBUG:colcon.colcon_core.event_handler.log_command:Invoked command in '/home/dung/ros2_ws/build/astra_camera' returned '0': CMAKE_PREFIX_PATH=/home/dung/ros2_ws/install/astra_camera_msgs:/home/dung/ros2_ws/install/astra_camera:/home/dung/ros2_ws/install/libuvc:/opt/ros/humble LD_LIBRARY_PATH=/home/dung/ros2_ws/install/astra_camera_msgs/lib:/home/dung/ros2_ws/install/astra_camera/lib:/home/dung/ros2_ws/install/libuvc/lib:/opt/ros/humble/opt/rviz_ogre_vendor/lib:/opt/ros/humble/lib/x86_64-linux-gnu:/opt/ros/humble/lib /usr/bin/cmake --build /home/dung/ros2_ws/build/astra_camera -- -j32 -l32
[1.966s] DEBUG:colcon.colcon_core.event_handler.log_command:Invoking command in '/home/dung/ros2_ws/build/astra_camera': CMAKE_PREFIX_PATH=/home/dung/ros2_ws/install/astra_camera_msgs:/home/dung/ros2_ws/install/astra_camera:/home/dung/ros2_ws/install/libuvc:/opt/ros/humble LD_LIBRARY_PATH=/home/dung/ros2_ws/install/astra_camera_msgs/lib:/home/dung/ros2_ws/install/astra_camera/lib:/home/dung/ros2_ws/install/libuvc/lib:/opt/ros/humble/opt/rviz_ogre_vendor/lib:/opt/ros/humble/lib/x86_64-linux-gnu:/opt/ros/humble/lib /usr/bin/cmake --install /home/dung/ros2_ws/build/astra_camera
[1.985s] Level 1:colcon.colcon_core.environment:create_environment_scripts_only(astra_camera)
[1.985s] Level 1:colcon.colcon_core.environment:checking '/home/dung/ros2_ws/install/astra_camera' for CMake module files
[1.986s] DEBUG:colcon.colcon_core.event_handler.log_command:Invoked command in '/home/dung/ros2_ws/build/astra_camera' returned '0': CMAKE_PREFIX_PATH=/home/dung/ros2_ws/install/astra_camera_msgs:/home/dung/ros2_ws/install/astra_camera:/home/dung/ros2_ws/install/libuvc:/opt/ros/humble LD_LIBRARY_PATH=/home/dung/ros2_ws/install/astra_camera_msgs/lib:/home/dung/ros2_ws/install/astra_camera/lib:/home/dung/ros2_ws/install/libuvc/lib:/opt/ros/humble/opt/rviz_ogre_vendor/lib:/opt/ros/humble/lib/x86_64-linux-gnu:/opt/ros/humble/lib /usr/bin/cmake --install /home/dung/ros2_ws/build/astra_camera
[1.986s] Level 1:colcon.colcon_core.environment:checking '/home/dung/ros2_ws/install/astra_camera' for CMake config files
[1.986s] Level 1:colcon.colcon_core.shell:create_environment_hook('astra_camera', 'cmake_prefix_path')
[1.986s] INFO:colcon.colcon_core.shell:Creating environment hook '/home/dung/ros2_ws/install/astra_camera/share/astra_camera/hook/cmake_prefix_path.ps1'
[1.987s] INFO:colcon.colcon_core.shell:Creating environment descriptor '/home/dung/ros2_ws/install/astra_camera/share/astra_camera/hook/cmake_prefix_path.dsv'
[1.987s] INFO:colcon.colcon_core.shell:Creating environment hook '/home/dung/ros2_ws/install/astra_camera/share/astra_camera/hook/cmake_prefix_path.sh'
[1.987s] Level 1:colcon.colcon_core.environment:checking '/home/dung/ros2_ws/install/astra_camera/lib'
[1.987s] Level 1:colcon.colcon_core.shell:create_environment_hook('astra_camera', 'ld_library_path_lib')
[1.987s] INFO:colcon.colcon_core.shell:Creating environment hook '/home/dung/ros2_ws/install/astra_camera/share/astra_camera/hook/ld_library_path_lib.ps1'
[1.987s] INFO:colcon.colcon_core.shell:Creating environment descriptor '/home/dung/ros2_ws/install/astra_camera/share/astra_camera/hook/ld_library_path_lib.dsv'
[1.988s] INFO:colcon.colcon_core.shell:Creating environment hook '/home/dung/ros2_ws/install/astra_camera/share/astra_camera/hook/ld_library_path_lib.sh'
[1.988s] Level 1:colcon.colcon_core.environment:checking '/home/dung/ros2_ws/install/astra_camera/bin'
[1.988s] Level 1:colcon.colcon_core.environment:checking '/home/dung/ros2_ws/install/astra_camera/lib/pkgconfig/astra_camera.pc'
[1.988s] Level 1:colcon.colcon_core.environment:checking '/home/dung/ros2_ws/install/astra_camera/lib/python3.10/site-packages'
[1.988s] Level 1:colcon.colcon_core.environment:checking '/home/dung/ros2_ws/install/astra_camera/bin'
[1.988s] INFO:colcon.colcon_core.shell:Creating package script '/home/dung/ros2_ws/install/astra_camera/share/astra_camera/package.ps1'
[1.988s] INFO:colcon.colcon_core.shell:Creating package descriptor '/home/dung/ros2_ws/install/astra_camera/share/astra_camera/package.dsv'
[1.989s] INFO:colcon.colcon_core.shell:Creating package script '/home/dung/ros2_ws/install/astra_camera/share/astra_camera/package.sh'
[1.989s] INFO:colcon.colcon_core.shell:Creating package script '/home/dung/ros2_ws/install/astra_camera/share/astra_camera/package.bash'
[1.989s] INFO:colcon.colcon_core.shell:Creating package script '/home/dung/ros2_ws/install/astra_camera/share/astra_camera/package.zsh'
[1.989s] Level 1:colcon.colcon_core.environment:create_file_with_runtime_dependencies(/home/dung/ros2_ws/install/astra_camera/share/colcon-core/packages/astra_camera)
[1.989s] Level 1:colcon.colcon_core.environment:create_environment_scripts_only(astra_camera)
[1.990s] Level 1:colcon.colcon_core.environment:checking '/home/dung/ros2_ws/install/astra_camera' for CMake module files
[1.990s] Level 1:colcon.colcon_core.environment:checking '/home/dung/ros2_ws/install/astra_camera' for CMake config files
[1.990s] Level 1:colcon.colcon_core.shell:create_environment_hook('astra_camera', 'cmake_prefix_path')
[1.990s] INFO:colcon.colcon_core.shell:Creating environment hook '/home/dung/ros2_ws/install/astra_camera/share/astra_camera/hook/cmake_prefix_path.ps1'
[1.990s] INFO:colcon.colcon_core.shell:Creating environment descriptor '/home/dung/ros2_ws/install/astra_camera/share/astra_camera/hook/cmake_prefix_path.dsv'
[1.990s] INFO:colcon.colcon_core.shell:Creating environment hook '/home/dung/ros2_ws/install/astra_camera/share/astra_camera/hook/cmake_prefix_path.sh'
[1.991s] Level 1:colcon.colcon_core.environment:checking '/home/dung/ros2_ws/install/astra_camera/lib'
[1.991s] Level 1:colcon.colcon_core.shell:create_environment_hook('astra_camera', 'ld_library_path_lib')
[1.991s] INFO:colcon.colcon_core.shell:Creating environment hook '/home/dung/ros2_ws/install/astra_camera/share/astra_camera/hook/ld_library_path_lib.ps1'
[1.991s] INFO:colcon.colcon_core.shell:Creating environment descriptor '/home/dung/ros2_ws/install/astra_camera/share/astra_camera/hook/ld_library_path_lib.dsv'
[1.991s] INFO:colcon.colcon_core.shell:Creating environment hook '/home/dung/ros2_ws/install/astra_camera/share/astra_camera/hook/ld_library_path_lib.sh'
[1.991s] Level 1:colcon.colcon_core.environment:checking '/home/dung/ros2_ws/install/astra_camera/bin'
[1.991s] Level 1:colcon.colcon_core.environment:checking '/home/dung/ros2_ws/install/astra_camera/lib/pkgconfig/astra_camera.pc'
[1.991s] Level 1:colcon.colcon_core.environment:checking '/home/dung/ros2_ws/install/astra_camera/lib/python3.10/site-packages'
[1.992s] Level 1:colcon.colcon_core.environment:checking '/home/dung/ros2_ws/install/astra_camera/bin'
[1.992s] INFO:colcon.colcon_core.shell:Creating package script '/home/dung/ros2_ws/install/astra_camera/share/astra_camera/package.ps1'
[1.992s] INFO:colcon.colcon_core.shell:Creating package descriptor '/home/dung/ros2_ws/install/astra_camera/share/astra_camera/package.dsv'
[1.992s] INFO:colcon.colcon_core.shell:Creating package script '/home/dung/ros2_ws/install/astra_camera/share/astra_camera/package.sh'
[1.992s] INFO:colcon.colcon_core.shell:Creating package script '/home/dung/ros2_ws/install/astra_camera/share/astra_camera/package.bash'
[1.993s] INFO:colcon.colcon_core.shell:Creating package script '/home/dung/ros2_ws/install/astra_camera/share/astra_camera/package.zsh'
[1.993s] Level 1:colcon.colcon_core.environment:create_file_with_runtime_dependencies(/home/dung/ros2_ws/install/astra_camera/share/colcon-core/packages/astra_camera)
[1.993s] DEBUG:colcon.colcon_parallel_executor.executor.parallel:closing loop
[1.993s] DEBUG:colcon.colcon_parallel_executor.executor.parallel:loop closed
[1.993s] DEBUG:colcon.colcon_parallel_executor.executor.parallel:run_until_complete finished with '0'
[1.993s] DEBUG:colcon.colcon_core.event_reactor:joining thread
[1.996s] INFO:colcon.colcon_core.plugin_system:Skipping extension 'colcon_notification.desktop_notification.terminal_notifier': Not used on non-Darwin systems
[1.996s] INFO:colcon.colcon_core.plugin_system:Skipping extension 'colcon_notification.desktop_notification.win32': Not used on non-Windows systems
[1.996s] INFO:colcon.colcon_notification.desktop_notification:Sending desktop notification using 'notify2'
[2.003s] DEBUG:colcon.colcon_core.event_reactor:joined thread
[2.003s] INFO:colcon.colcon_core.shell:Creating prefix script '/home/dung/ros2_ws/install/local_setup.ps1'
[2.003s] INFO:colcon.colcon_core.shell:Creating prefix util module '/home/dung/ros2_ws/install/_local_setup_util_ps1.py'
[2.004s] INFO:colcon.colcon_core.shell:Creating prefix chain script '/home/dung/ros2_ws/install/setup.ps1'
[2.005s] INFO:colcon.colcon_core.shell:Creating prefix script '/home/dung/ros2_ws/install/local_setup.sh'
[2.005s] INFO:colcon.colcon_core.shell:Creating prefix util module '/home/dung/ros2_ws/install/_local_setup_util_sh.py'
[2.005s] INFO:colcon.colcon_core.shell:Creating prefix chain script '/home/dung/ros2_ws/install/setup.sh'
[2.006s] INFO:colcon.colcon_core.shell:Creating prefix script '/home/dung/ros2_ws/install/local_setup.bash'
[2.006s] INFO:colcon.colcon_core.shell:Creating prefix chain script '/home/dung/ros2_ws/install/setup.bash'
[2.006s] INFO:colcon.colcon_core.shell:Creating prefix script '/home/dung/ros2_ws/install/local_setup.zsh'
[2.007s] INFO:colcon.colcon_core.shell:Creating prefix chain script '/home/dung/ros2_ws/install/setup.zsh'
