[0.007s] Invoking command in '/home/dung/ros2_ws/build/astra_camera': AMENT_PREFIX_PATH=/home/dung/ros2_ws/install/astra_camera_msgs:${AMENT_PREFIX_PATH} CMAKE_PREFIX_PATH=/home/dung/ros2_ws/install/astra_camera_msgs:/opt/ros/humble LD_LIBRARY_PATH=/home/dung/ros2_ws/install/astra_camera_msgs/lib:${LD_LIBRARY_PATH} PYTHONPATH=/home/dung/ros2_ws/install/astra_camera_msgs/local/lib/python3.10/dist-packages:${PYTHONPATH} /usr/bin/cmake /home/dung/ros2_ws/src/ros2_astra_camera/astra_camera -DAMENT_CMAKE_SYMLINK_INSTALL=1 -DCMAKE_INSTALL_PREFIX=/home/dung/ros2_ws/install/astra_camera
[0.017s] -- Found ament_cmake: 1.3.13 (/opt/ros/humble/share/ament_cmake/cmake)
[0.101s] -- Override CMake install command with custom implementation using symlinks instead of copying resources
[0.106s] -- Found ament_index_cpp: 1.4.1 (/opt/ros/humble/share/ament_index_cpp/cmake)
[0.106s] -- Found astra_camera_msgs: 1.0.1 (/home/dung/ros2_ws/install/astra_camera_msgs/share/astra_camera_msgs/cmake)
[0.119s] -- Found rosidl_generator_c: 3.1.8 (/opt/ros/humble/share/rosidl_generator_c/cmake)
[0.121s] -- Found rosidl_adapter: 3.1.8 (/opt/ros/humble/share/rosidl_adapter/cmake)
[0.124s] -- Found rosidl_generator_cpp: 3.1.8 (/opt/ros/humble/share/rosidl_generator_cpp/cmake)
[0.128s] -- Using all available rosidl_typesupport_c: rosidl_typesupport_fastrtps_c;rosidl_typesupport_introspection_c
[0.134s] -- Using all available rosidl_typesupport_cpp: rosidl_typesupport_fastrtps_cpp;rosidl_typesupport_introspection_cpp
[0.170s] -- Found camera_info_manager: 3.1.12 (/opt/ros/humble/share/camera_info_manager/cmake)
[0.184s] -- Found rmw_implementation_cmake: 6.1.2 (/opt/ros/humble/share/rmw_implementation_cmake/cmake)
[0.185s] -- Found rmw_fastrtps_cpp: 6.2.10 (/opt/ros/humble/share/rmw_fastrtps_cpp/cmake)
[0.244s] -- Using RMW implementation 'rmw_fastrtps_cpp' as default
[0.266s] -- Found class_loader: 2.2.0 (/opt/ros/humble/share/class_loader/cmake)
[0.267s] -- Found cv_bridge: 3.2.1 (/opt/ros/humble/share/cv_bridge/cmake)
[0.271s] -- Found message_filters: 4.3.14 (/opt/ros/humble/share/message_filters/cmake)
[0.273s] -- Found image_geometry: 3.2.1 (/opt/ros/humble/share/image_geometry/cmake)
[0.274s] -- Found image_publisher: 3.0.9 (/opt/ros/humble/share/image_publisher/cmake)
[0.295s] -- Found std_srvs: 4.9.1 (/opt/ros/humble/share/std_srvs/cmake)
[0.300s] -- Found tf2: 0.25.19 (/opt/ros/humble/share/tf2/cmake)
[0.301s] -- Found tf2_eigen: 0.25.19 (/opt/ros/humble/share/tf2_eigen/cmake)
[0.331s] -- Found tf2_sensor_msgs: 0.25.19 (/opt/ros/humble/share/tf2_sensor_msgs/cmake)
[0.336s] -- Checking for one of the modules 'libuvc'
[0.374s] -- Checking for one of the modules 'libglog'
[0.377s] [31mCMake Error at /usr/share/cmake-3.22/Modules/FindPkgConfig.cmake:890 (message):
[0.377s]   None of the required 'libglog' found
[0.377s] Call Stack (most recent call first):
[0.377s]   CMakeLists.txt:48 (pkg_search_module)
[0.377s] 
[0.377s] [0m
[0.377s] [31mCMake Error at CMakeLists.txt:51 (message):
[0.377s]   glog is not found
[0.377s] 
[0.377s] [0m
[0.377s] -- Configuring incomplete, errors occurred!
[0.377s] See also "/home/dung/ros2_ws/build/astra_camera/CMakeFiles/CMakeOutput.log".
[0.383s] Invoked command in '/home/dung/ros2_ws/build/astra_camera' returned '1': AMENT_PREFIX_PATH=/home/dung/ros2_ws/install/astra_camera_msgs:${AMENT_PREFIX_PATH} CMAKE_PREFIX_PATH=/home/dung/ros2_ws/install/astra_camera_msgs:/opt/ros/humble LD_LIBRARY_PATH=/home/dung/ros2_ws/install/astra_camera_msgs/lib:${LD_LIBRARY_PATH} PYTHONPATH=/home/dung/ros2_ws/install/astra_camera_msgs/local/lib/python3.10/dist-packages:${PYTHONPATH} /usr/bin/cmake /home/dung/ros2_ws/src/ros2_astra_camera/astra_camera -DAMENT_CMAKE_SYMLINK_INSTALL=1 -DCMAKE_INSTALL_PREFIX=/home/dung/ros2_ws/install/astra_camera
